<!DOCTYPE html>

<html>
  <head>
  <meta charset='utf-8'>
  <title>TestNG reports</title>

    <link type="text/css" href="testng-reports1.css" rel="stylesheet" id="ultra" />
    <link type="text/css" href="testng-reports.css" rel="stylesheet" id="retro" disabled="false"/>
    <script type="text/javascript" src="jquery-3.6.0.min.js"></script>
    <script type="text/javascript" src="testng-reports.js"></script>
    <script type="text/javascript" src="https://www.google.com/jsapi"></script>
    <script type='text/javascript'>
      google.load('visualization', '1', {packages:['table']});
      google.setOnLoadCallback(drawTable);
      var suiteTableInitFunctions = new Array();
      var suiteTableData = new Array();
    </script>
    <!--
      <script type="text/javascript" src="jquery-ui/js/jquery-ui-1.8.16.custom.min.js"></script>
     -->
  </head>

  <body>    <div class="top-banner-root">
      <span class="top-banner-title-font">Test results</span>
      <button id="button" class="button">Switch Retro Theme</button> <!-- button -->
      <br/>
      <span class="top-banner-font-1">1 suite, 10 failed tests</span>
    </div> <!-- top-banner-root -->
    <div class="navigator-root">
      <div class="navigator-suite-header">
        <span>All suites</span>
        <a href="#" title="Collapse/expand all the suites" class="collapse-all-link">
          <img src="collapseall.gif" class="collapse-all-icon">
          </img> <!-- collapse-all-icon -->
        </a> <!-- collapse-all-link -->
      </div> <!-- navigator-suite-header -->
      <div class="suite">
        <div class="rounded-window">
          <div class="suite-header light-rounded-window-top">
            <a href="#" panel-name="suite-ParallelBrowserSuite" class="navigator-link">
              <span class="suite-name border-failed">ParallelBrowserSuite</span>
            </a> <!-- navigator-link -->
          </div> <!-- suite-header light-rounded-window-top -->
          <div class="navigator-suite-content">
            <div class="suite-section-title">
              <span>Info</span>
            </div> <!-- suite-section-title -->
            <div class="suite-section-content">
              <ul>
                <li>
                  <a href="#" panel-name="test-xml-ParallelBrowserSuite" class="navigator-link ">
                    <span>C:\Users\raxit\IdeaProjects\pet_frame\testng.xml</span>
                  </a> <!-- navigator-link  -->
                </li>
                <li>
                  <a href="#" panel-name="testlist-ParallelBrowserSuite" class="navigator-link ">
                    <span class="test-stats">2 tests</span>
                  </a> <!-- navigator-link  -->
                </li>
                <li>
                  <a href="#" panel-name="group-ParallelBrowserSuite" class="navigator-link ">
                    <span>0 groups</span>
                  </a> <!-- navigator-link  -->
                </li>
                <li>
                  <a href="#" panel-name="times-ParallelBrowserSuite" class="navigator-link ">
                    <span>Times</span>
                  </a> <!-- navigator-link  -->
                </li>
                <li>
                  <a href="#" panel-name="reporter-ParallelBrowserSuite" class="navigator-link ">
                    <span>Reporter output</span>
                  </a> <!-- navigator-link  -->
                </li>
                <li>
                  <a href="#" panel-name="ignored-methods-ParallelBrowserSuite" class="navigator-link ">
                    <span>Ignored methods</span>
                  </a> <!-- navigator-link  -->
                </li>
                <li>
                  <a href="#" panel-name="chronological-ParallelBrowserSuite" class="navigator-link ">
                    <span>Chronological view</span>
                  </a> <!-- navigator-link  -->
                </li>
              </ul>
            </div> <!-- suite-section-content -->
            <div class="result-section">
              <div class="suite-section-title">
                <span>Results</span>
              </div> <!-- suite-section-title -->
              <div class="suite-section-content">
                <ul>
                  <li>
                    <span class="method-stats">40 methods, 10 failed,   30 passed</span>
                  </li>
                  <li>
                    <span class="method-list-title failed">Failed methods</span>
                    <span class="show-or-hide-methods failed">
                      <a href="#" panel-name="suite-ParallelBrowserSuite" class="hide-methods failed suite-ParallelBrowserSuite"> (hide)</a> <!-- hide-methods failed suite-ParallelBrowserSuite -->
                      <a href="#" panel-name="suite-ParallelBrowserSuite" class="show-methods failed suite-ParallelBrowserSuite"> (show)</a> <!-- show-methods failed suite-ParallelBrowserSuite -->
                    </span>
                    <div class="method-list-content failed suite-ParallelBrowserSuite">
                      <span>
                        <img src="failed.png" width="3%"/>
                        <a href="#" panel-name="suite-ParallelBrowserSuite" title="tests.Test_2" class="method navigator-link" hash-for-method="testSignIn(j2ee, j2ee, positive, )">testSignIn(j2ee, j2ee, positive, )</a> <!-- method navigator-link -->
                      </span>
                      <br/>
                      <span>
                        <img src="failed.png" width="3%"/>
                        <a href="#" panel-name="suite-ParallelBrowserSuite" title="tests.Test_2" class="method navigator-link" hash-for-method="testSignIn(validuser1, Password123, positive, )">testSignIn(validuser1, Password123, positive, )</a> <!-- method navigator-link -->
                      </span>
                      <br/>
                      <span>
                        <img src="failed.png" width="3%"/>
                        <a href="#" panel-name="suite-ParallelBrowserSuite" title="tests.Test_2" class="method navigator-link" hash-for-method="testSignIn(validuser2, Password456, positive, )">testSignIn(validuser2, Password456, positive, )</a> <!-- method navigator-link -->
                      </span>
                      <br/>
                      <span>
                        <img src="failed.png" width="3%"/>
                        <a href="#" panel-name="suite-ParallelBrowserSuite" title="tests.Test_2" class="method navigator-link" hash-for-method="testSignIn(emptyuser, , negative, Username is required)">testSignIn(emptyuser, , negative, Username is required)</a> <!-- method navigator-link -->
                      </span>
                      <br/>
                      <span>
                        <img src="failed.png" width="3%"/>
                        <a href="#" panel-name="suite-ParallelBrowserSuite" title="tests.Test_2" class="method navigator-link" hash-for-method="testSignIn(invaliduser, wrongpass, negative, Invalid username or password)">testSignIn(invaliduser, wrongpass, negative, Invalid username or password)</a> <!-- method navigator-link -->
                      </span>
                      <br/>
                      <span>
                        <img src="failed.png" width="3%"/>
                        <a href="#" panel-name="suite-ParallelBrowserSuite" title="tests.Test_2" class="method navigator-link" hash-for-method="testSignIn(j2ee, j2ee, positive, )">testSignIn(j2ee, j2ee, positive, )</a> <!-- method navigator-link -->
                      </span>
                      <br/>
                      <span>
                        <img src="failed.png" width="3%"/>
                        <a href="#" panel-name="suite-ParallelBrowserSuite" title="tests.Test_2" class="method navigator-link" hash-for-method="testSignIn(validuser1, Password123, positive, )">testSignIn(validuser1, Password123, positive, )</a> <!-- method navigator-link -->
                      </span>
                      <br/>
                      <span>
                        <img src="failed.png" width="3%"/>
                        <a href="#" panel-name="suite-ParallelBrowserSuite" title="tests.Test_2" class="method navigator-link" hash-for-method="testSignIn(validuser2, Password456, positive, )">testSignIn(validuser2, Password456, positive, )</a> <!-- method navigator-link -->
                      </span>
                      <br/>
                      <span>
                        <img src="failed.png" width="3%"/>
                        <a href="#" panel-name="suite-ParallelBrowserSuite" title="tests.Test_2" class="method navigator-link" hash-for-method="testSignIn(emptyuser, , negative, Username is required)">testSignIn(emptyuser, , negative, Username is required)</a> <!-- method navigator-link -->
                      </span>
                      <br/>
                      <span>
                        <img src="failed.png" width="3%"/>
                        <a href="#" panel-name="suite-ParallelBrowserSuite" title="tests.Test_2" class="method navigator-link" hash-for-method="testSignIn(invaliduser, wrongpass, negative, Invalid username or password)">testSignIn(invaliduser, wrongpass, negative, Invalid username or password)</a> <!-- method navigator-link -->
                      </span>
                      <br/>
                    </div> <!-- method-list-content failed suite-ParallelBrowserSuite -->
                  </li>
                  <li>
                    <span class="method-list-title passed">Passed methods</span>
                    <span class="show-or-hide-methods passed">
                      <a href="#" panel-name="suite-ParallelBrowserSuite" class="hide-methods passed suite-ParallelBrowserSuite"> (hide)</a> <!-- hide-methods passed suite-ParallelBrowserSuite -->
                      <a href="#" panel-name="suite-ParallelBrowserSuite" class="show-methods passed suite-ParallelBrowserSuite"> (show)</a> <!-- show-methods passed suite-ParallelBrowserSuite -->
                    </span>
                    <div class="method-list-content passed suite-ParallelBrowserSuite">
                      <span>
                        <img src="passed.png" width="3%"/>
                        <a href="#" panel-name="suite-ParallelBrowserSuite" title="tests.Test_4" class="method navigator-link" hash-for-method="testCheckoutFlow(1234567890123456, 01/24, Broken, Card, 789 Pine Ln, , Chicago, IL, 60601, USA)">testCheckoutFlow(1234567890123456, 01/24, Broken, Card, 789 Pine Ln, , Chicago, IL, 60601, USA)</a> <!-- method navigator-link -->
                      </span>
                      <br/>
                      <span>
                        <img src="passed.png" width="3%"/>
                        <a href="#" panel-name="suite-ParallelBrowserSuite" title="tests.Test_4" class="method navigator-link" hash-for-method="testCheckoutFlow(5555555555554444, 11/25, Jane, Smith, 456 Oak Rd, , Los Angeles, CA, 90001, USA)">testCheckoutFlow(5555555555554444, 11/25, Jane, Smith, 456 Oak Rd, , Los Angeles, CA, 90001, USA)</a> <!-- method navigator-link -->
                      </span>
                      <br/>
                      <span>
                        <img src="passed.png" width="3%"/>
                        <a href="#" panel-name="suite-ParallelBrowserSuite" title="tests.Test_4" class="method navigator-link" hash-for-method="testCheckoutFlow(4111111111111111, 12/26, John, Doe, 123 Elm St, Apt 4B, New York, NY, 10001, USA)">testCheckoutFlow(4111111111111111, 12/26, John, Doe, 123 Elm St, Apt 4B, New York, NY, 10001, USA)</a> <!-- method navigator-link -->
                      </span>
                      <br/>
                      <span>
                        <img src="passed.png" width="3%"/>
                        <a href="#" panel-name="suite-ParallelBrowserSuite" title="tests.Test_4" class="method navigator-link" hash-for-method="testCheckoutFlow(4111111111111111, 12/26, John, Doe, 123 Elm St, Apt 4B, New York, NY, 10001, USA)">testCheckoutFlow(4111111111111111, 12/26, John, Doe, 123 Elm St, Apt 4B, New York, NY, 10001, USA)</a> <!-- method navigator-link -->
                      </span>
                      <br/>
                      <span>
                        <img src="passed.png" width="3%"/>
                        <a href="#" panel-name="suite-ParallelBrowserSuite" title="tests.Test_4" class="method navigator-link" hash-for-method="testCheckoutFlow(5555555555554444, 11/25, Jane, Smith, 456 Oak Rd, , Los Angeles, CA, 90001, USA)">testCheckoutFlow(5555555555554444, 11/25, Jane, Smith, 456 Oak Rd, , Los Angeles, CA, 90001, USA)</a> <!-- method navigator-link -->
                      </span>
                      <br/>
                      <span>
                        <img src="passed.png" width="3%"/>
                        <a href="#" panel-name="suite-ParallelBrowserSuite" title="tests.Test_4" class="method navigator-link" hash-for-method="testCheckoutFlow(1234567890123456, 01/24, Broken, Card, 789 Pine Ln, , Chicago, IL, 60601, USA)">testCheckoutFlow(1234567890123456, 01/24, Broken, Card, 789 Pine Ln, , Chicago, IL, 60601, USA)</a> <!-- method navigator-link -->
                      </span>
                      <br/>
                      <span>
                        <img src="passed.png" width="3%"/>
                        <a href="#" panel-name="suite-ParallelBrowserSuite" title="tests.Test_5" class="method navigator-link" hash-for-method="testFindOwner()">testFindOwner()</a> <!-- method navigator-link -->
                      </span>
                      <br/>
                      <span>
                        <img src="passed.png" width="3%"/>
                        <a href="#" panel-name="suite-ParallelBrowserSuite" title="tests.Test_5" class="method navigator-link" hash-for-method="testFindOwner(Doe)">testFindOwner(Doe)</a> <!-- method navigator-link -->
                      </span>
                      <br/>
                      <span>
                        <img src="passed.png" width="3%"/>
                        <a href="#" panel-name="suite-ParallelBrowserSuite" title="tests.Test_5" class="method navigator-link" hash-for-method="testFindOwner(cena)">testFindOwner(cena)</a> <!-- method navigator-link -->
                      </span>
                      <br/>
                      <span>
                        <img src="passed.png" width="3%"/>
                        <a href="#" panel-name="suite-ParallelBrowserSuite" title="tests.Test_5" class="method navigator-link" hash-for-method="testFindOwner()">testFindOwner()</a> <!-- method navigator-link -->
                      </span>
                      <br/>
                      <span>
                        <img src="passed.png" width="3%"/>
                        <a href="#" panel-name="suite-ParallelBrowserSuite" title="tests.Test_5" class="method navigator-link" hash-for-method="testFindOwner()">testFindOwner()</a> <!-- method navigator-link -->
                      </span>
                      <br/>
                      <span>
                        <img src="passed.png" width="3%"/>
                        <a href="#" panel-name="suite-ParallelBrowserSuite" title="tests.Test_5" class="method navigator-link" hash-for-method="testFindOwner()">testFindOwner()</a> <!-- method navigator-link -->
                      </span>
                      <br/>
                      <span>
                        <img src="passed.png" width="3%"/>
                        <a href="#" panel-name="suite-ParallelBrowserSuite" title="tests.Test_5" class="method navigator-link" hash-for-method="testFindOwner(cena)">testFindOwner(cena)</a> <!-- method navigator-link -->
                      </span>
                      <br/>
                      <span>
                        <img src="passed.png" width="3%"/>
                        <a href="#" panel-name="suite-ParallelBrowserSuite" title="tests.Test_5" class="method navigator-link" hash-for-method="testFindOwner(Doe)">testFindOwner(Doe)</a> <!-- method navigator-link -->
                      </span>
                      <br/>
                      <span>
                        <img src="passed.png" width="3%"/>
                        <a href="#" panel-name="suite-ParallelBrowserSuite" title="tests.Test_3" class="method navigator-link" hash-for-method="testProductSearch(cat)">testProductSearch(cat)</a> <!-- method navigator-link -->
                      </span>
                      <br/>
                      <span>
                        <img src="passed.png" width="3%"/>
                        <a href="#" panel-name="suite-ParallelBrowserSuite" title="tests.Test_3" class="method navigator-link" hash-for-method="testProductSearch(fish)">testProductSearch(fish)</a> <!-- method navigator-link -->
                      </span>
                      <br/>
                      <span>
                        <img src="passed.png" width="3%"/>
                        <a href="#" panel-name="suite-ParallelBrowserSuite" title="tests.Test_3" class="method navigator-link" hash-for-method="testProductSearch(raptile)">testProductSearch(raptile)</a> <!-- method navigator-link -->
                      </span>
                      <br/>
                      <span>
                        <img src="passed.png" width="3%"/>
                        <a href="#" panel-name="suite-ParallelBrowserSuite" title="tests.Test_3" class="method navigator-link" hash-for-method="testProductSearch(bird)">testProductSearch(bird)</a> <!-- method navigator-link -->
                      </span>
                      <br/>
                      <span>
                        <img src="passed.png" width="3%"/>
                        <a href="#" panel-name="suite-ParallelBrowserSuite" title="tests.Test_3" class="method navigator-link" hash-for-method="testProductSearch(fish)">testProductSearch(fish)</a> <!-- method navigator-link -->
                      </span>
                      <br/>
                      <span>
                        <img src="passed.png" width="3%"/>
                        <a href="#" panel-name="suite-ParallelBrowserSuite" title="tests.Test_3" class="method navigator-link" hash-for-method="testProductSearch(bird)">testProductSearch(bird)</a> <!-- method navigator-link -->
                      </span>
                      <br/>
                      <span>
                        <img src="passed.png" width="3%"/>
                        <a href="#" panel-name="suite-ParallelBrowserSuite" title="tests.Test_3" class="method navigator-link" hash-for-method="testProductSearch(raptile)">testProductSearch(raptile)</a> <!-- method navigator-link -->
                      </span>
                      <br/>
                      <span>
                        <img src="passed.png" width="3%"/>
                        <a href="#" panel-name="suite-ParallelBrowserSuite" title="tests.Test_3" class="method navigator-link" hash-for-method="testProductSearch(cat)">testProductSearch(cat)</a> <!-- method navigator-link -->
                      </span>
                      <br/>
                      <span>
                        <img src="passed.png" width="3%"/>
                        <a href="#" panel-name="suite-ParallelBrowserSuite" title="tests.Test_1" class="method navigator-link" hash-for-method="testSignUp(shortpass2448389, pass, pass, Tom, Wilson, tom.wilson@example.com, 5551234567, 321 Pine St, , Boston...)">testSignUp(shortpass2448389, pass, pass, Tom, Wilson, tom.wilson@example.com, 5551234567, 321 Pine St, , Boston...)</a> <!-- method navigator-link -->
                      </span>
                      <br/>
                      <span>
                        <img src="passed.png" width="3%"/>
                        <a href="#" panel-name="suite-ParallelBrowserSuite" title="tests.Test_1" class="method navigator-link" hash-for-method="testSignUp(testuserasfjo, Password456, Password456, Mary, Smith, mary.smith@example.com, 9876543210, 789 Oak St...)">testSignUp(testuserasfjo, Password456, Password456, Mary, Smith, mary.smith@example.com, 9876543210, 789 Oak St...)</a> <!-- method navigator-link -->
                      </span>
                      <br/>
                      <span>
                        <img src="passed.png" width="3%"/>
                        <a href="#" panel-name="suite-ParallelBrowserSuite" title="tests.Test_1" class="method navigator-link" hash-for-method="testSignUp(testusersjosfojfsjo, Password123, Password123, John, Doe, john.doe@example.com, 1234567890, 123 Main...)">testSignUp(testusersjosfojfsjo, Password123, Password123, John, Doe, john.doe@example.com, 1234567890, 123 Main...)</a> <!-- method navigator-link -->
                      </span>
                      <br/>
                      <span>
                        <img src="passed.png" width="3%"/>
                        <a href="#" panel-name="suite-ParallelBrowserSuite" title="tests.Test_1" class="method navigator-link" hash-for-method="testSignUp(invaliduserasdfoj, pass, pass123, Jane, Doe, jane.doe@invalid, 123, 456 Elm St, , Springfield, IL, 6...)">testSignUp(invaliduserasdfoj, pass, pass123, Jane, Doe, jane.doe@invalid, 123, 456 Elm St, , Springfield, IL, 6...)</a> <!-- method navigator-link -->
                      </span>
                      <br/>
                      <span>
                        <img src="passed.png" width="3%"/>
                        <a href="#" panel-name="suite-ParallelBrowserSuite" title="tests.Test_1" class="method navigator-link" hash-for-method="testSignUp(testuserasfjo, Password456, Password456, Mary, Smith, mary.smith@example.com, 9876543210, 789 Oak St...)">testSignUp(testuserasfjo, Password456, Password456, Mary, Smith, mary.smith@example.com, 9876543210, 789 Oak St...)</a> <!-- method navigator-link -->
                      </span>
                      <br/>
                      <span>
                        <img src="passed.png" width="3%"/>
                        <a href="#" panel-name="suite-ParallelBrowserSuite" title="tests.Test_1" class="method navigator-link" hash-for-method="testSignUp(testusersjosfojfsjo, Password123, Password123, John, Doe, john.doe@example.com, 1234567890, 123 Main...)">testSignUp(testusersjosfojfsjo, Password123, Password123, John, Doe, john.doe@example.com, 1234567890, 123 Main...)</a> <!-- method navigator-link -->
                      </span>
                      <br/>
                      <span>
                        <img src="passed.png" width="3%"/>
                        <a href="#" panel-name="suite-ParallelBrowserSuite" title="tests.Test_1" class="method navigator-link" hash-for-method="testSignUp(invaliduserasdfoj, pass, pass123, Jane, Doe, jane.doe@invalid, 123, 456 Elm St, , Springfield, IL, 6...)">testSignUp(invaliduserasdfoj, pass, pass123, Jane, Doe, jane.doe@invalid, 123, 456 Elm St, , Springfield, IL, 6...)</a> <!-- method navigator-link -->
                      </span>
                      <br/>
                      <span>
                        <img src="passed.png" width="3%"/>
                        <a href="#" panel-name="suite-ParallelBrowserSuite" title="tests.Test_1" class="method navigator-link" hash-for-method="testSignUp(shortpass2448389, pass, pass, Tom, Wilson, tom.wilson@example.com, 5551234567, 321 Pine St, , Boston...)">testSignUp(shortpass2448389, pass, pass, Tom, Wilson, tom.wilson@example.com, 5551234567, 321 Pine St, , Boston...)</a> <!-- method navigator-link -->
                      </span>
                      <br/>
                    </div> <!-- method-list-content passed suite-ParallelBrowserSuite -->
                  </li>
                </ul>
              </div> <!-- suite-section-content -->
            </div> <!-- result-section -->
          </div> <!-- navigator-suite-content -->
        </div> <!-- rounded-window -->
      </div> <!-- suite -->
    </div> <!-- navigator-root -->
    <div class="wrapper">
      <div class="main-panel-root">
        <div panel-name="suite-ParallelBrowserSuite" class="panel ParallelBrowserSuite">
          <div class="suite-ParallelBrowserSuite-class-failed">
            <div class="main-panel-header rounded-window-top">
              <img src="failed.png"/>
              <span class="class-name">tests.Test_2</span>
            </div> <!-- main-panel-header rounded-window-top -->
            <div class="main-panel-content rounded-window-bottom">
              <div class="method">
                <div class="method-content">
                  <a name="testSignIn(j2ee, j2ee, positive, )">
                  </a> <!-- testSignIn(j2ee, j2ee, positive, ) -->
                  <span class="method-name">testSignIn</span>
                  <span class="parameters">(j2ee,j2ee,positive,)</span>
                  <div class="stack-trace">org.openqa.selenium.InvalidSelectorException: Given css selector expression &quot;&quot; is invalid: InvalidSelectorError: Document.querySelector: &apos;&apos; is not a valid selector: &quot;&quot;
For documentation on this error, please visit: https://www.selenium.dev/documentation/webdriver/troubleshooting/errors#invalid-selector-exception
Build info: version: &apos;4.23.0&apos;, revision: &apos;4df0a231af&apos;
System info: os.name: &apos;Windows 11&apos;, os.arch: &apos;amd64&apos;, os.version: &apos;10.0&apos;, java.version: &apos;21.0.6&apos;
Driver info: org.openqa.selenium.firefox.FirefoxDriver
Command: [ccf7e774-0e07-49f8-8129-fac32e2259c2, findElement {using=css selector, value=}]
Capabilities {acceptInsecureCerts: true, browserName: firefox, browserVersion: 142.0.1, moz:accessibilityChecks: false, moz:buildID: 20250827004350, moz:geckodriverVersion: 0.36.0, moz:headless: false, moz:platformVersion: 10.0, moz:processID: 31716, moz:profile: C:\Users\raxit\AppData\Loca..., moz:shutdownTimeout: 60000, moz:webdriverClick: true, moz:windowless: false, pageLoadStrategy: normal, platformName: windows, proxy: Proxy(), setWindowRect: true, strictFileInteractability: false, timeouts: {implicit: 0, pageLoad: 300000, script: 30000}, unhandledPromptBehavior: dismiss and notify, userAgent: Mozilla/5.0 (Windows NT 10....}
Session ID: ccf7e774-0e07-49f8-8129-fac32e2259c2
	at org.openqa.selenium.remote.ErrorCodec.decode(ErrorCodec.java:167)
	at org.openqa.selenium.remote.codec.w3c.W3CHttpResponseCodec.decode(W3CHttpResponseCodec.java:138)
	at org.openqa.selenium.remote.codec.w3c.W3CHttpResponseCodec.decode(W3CHttpResponseCodec.java:50)
	at org.openqa.selenium.remote.HttpCommandExecutor.execute(HttpCommandExecutor.java:190)
	at org.openqa.selenium.remote.service.DriverCommandExecutor.invokeExecute(DriverCommandExecutor.java:216)
	at org.openqa.selenium.remote.service.DriverCommandExecutor.execute(DriverCommandExecutor.java:174)
	at org.openqa.selenium.remote.RemoteWebDriver.execute(RemoteWebDriver.java:527)
	at org.openqa.selenium.remote.ElementLocation$ElementFinder$2.findElement(ElementLocation.java:165)
	at org.openqa.selenium.remote.ElementLocation.findElement(ElementLocation.java:59)
	at org.openqa.selenium.remote.RemoteWebDriver.findElement(RemoteWebDriver.java:357)
	at org.openqa.selenium.remote.RemoteWebDriver.findElement(RemoteWebDriver.java:351)
	at org.openqa.selenium.support.ui.ExpectedConditions$7.apply(ExpectedConditions.java:194)
	at org.openqa.selenium.support.ui.ExpectedConditions$7.apply(ExpectedConditions.java:190)
	at org.openqa.selenium.support.ui.ExpectedConditions$22.apply(ExpectedConditions.java:627)
	at org.openqa.selenium.support.ui.ExpectedConditions$22.apply(ExpectedConditions.java:624)
	at org.openqa.selenium.support.ui.FluentWait.until(FluentWait.java:203)
	at tests.Test_2.testSignIn(Test_2.java:49)
	at java.base/java.util.ArrayList.forEach(ArrayList.java:1596)
	at java.base/java.util.concurrent.FutureTask.run(FutureTask.java:317)
	at java.base/java.util.concurrent.ThreadPoolExecutor.runWorker(ThreadPoolExecutor.java:1144)
	at java.base/java.util.concurrent.ThreadPoolExecutor$Worker.run(ThreadPoolExecutor.java:642)
	at java.base/java.lang.Thread.run(Thread.java:1583)
... Removed 18 stack frames
</div> <!-- stack-trace -->
                </div> <!-- method-content -->
              </div> <!-- method -->
              <div class="method">
                <div class="method-content">
                  <a name="testSignIn(validuser1, Password123, positive, )">
                  </a> <!-- testSignIn(validuser1, Password123, positive, ) -->
                  <span class="method-name">testSignIn</span>
                  <span class="parameters">(validuser1,Password123,positive,)</span>
                  <div class="stack-trace">org.openqa.selenium.InvalidSelectorException: Given css selector expression &quot;&quot; is invalid: InvalidSelectorError: Document.querySelector: &apos;&apos; is not a valid selector: &quot;&quot;
For documentation on this error, please visit: https://www.selenium.dev/documentation/webdriver/troubleshooting/errors#invalid-selector-exception
Build info: version: &apos;4.23.0&apos;, revision: &apos;4df0a231af&apos;
System info: os.name: &apos;Windows 11&apos;, os.arch: &apos;amd64&apos;, os.version: &apos;10.0&apos;, java.version: &apos;21.0.6&apos;
Driver info: org.openqa.selenium.firefox.FirefoxDriver
Command: [ccf7e774-0e07-49f8-8129-fac32e2259c2, findElement {using=css selector, value=}]
Capabilities {acceptInsecureCerts: true, browserName: firefox, browserVersion: 142.0.1, moz:accessibilityChecks: false, moz:buildID: 20250827004350, moz:geckodriverVersion: 0.36.0, moz:headless: false, moz:platformVersion: 10.0, moz:processID: 31716, moz:profile: C:\Users\raxit\AppData\Loca..., moz:shutdownTimeout: 60000, moz:webdriverClick: true, moz:windowless: false, pageLoadStrategy: normal, platformName: windows, proxy: Proxy(), setWindowRect: true, strictFileInteractability: false, timeouts: {implicit: 0, pageLoad: 300000, script: 30000}, unhandledPromptBehavior: dismiss and notify, userAgent: Mozilla/5.0 (Windows NT 10....}
Session ID: ccf7e774-0e07-49f8-8129-fac32e2259c2
	at org.openqa.selenium.remote.ErrorCodec.decode(ErrorCodec.java:167)
	at org.openqa.selenium.remote.codec.w3c.W3CHttpResponseCodec.decode(W3CHttpResponseCodec.java:138)
	at org.openqa.selenium.remote.codec.w3c.W3CHttpResponseCodec.decode(W3CHttpResponseCodec.java:50)
	at org.openqa.selenium.remote.HttpCommandExecutor.execute(HttpCommandExecutor.java:190)
	at org.openqa.selenium.remote.service.DriverCommandExecutor.invokeExecute(DriverCommandExecutor.java:216)
	at org.openqa.selenium.remote.service.DriverCommandExecutor.execute(DriverCommandExecutor.java:174)
	at org.openqa.selenium.remote.RemoteWebDriver.execute(RemoteWebDriver.java:527)
	at org.openqa.selenium.remote.ElementLocation$ElementFinder$2.findElement(ElementLocation.java:165)
	at org.openqa.selenium.remote.ElementLocation.findElement(ElementLocation.java:59)
	at org.openqa.selenium.remote.RemoteWebDriver.findElement(RemoteWebDriver.java:357)
	at org.openqa.selenium.remote.RemoteWebDriver.findElement(RemoteWebDriver.java:351)
	at org.openqa.selenium.support.ui.ExpectedConditions$7.apply(ExpectedConditions.java:194)
	at org.openqa.selenium.support.ui.ExpectedConditions$7.apply(ExpectedConditions.java:190)
	at org.openqa.selenium.support.ui.ExpectedConditions$22.apply(ExpectedConditions.java:627)
	at org.openqa.selenium.support.ui.ExpectedConditions$22.apply(ExpectedConditions.java:624)
	at org.openqa.selenium.support.ui.FluentWait.until(FluentWait.java:203)
	at tests.Test_2.testSignIn(Test_2.java:49)
	at java.base/java.util.ArrayList.forEach(ArrayList.java:1596)
	at java.base/java.util.concurrent.FutureTask.run(FutureTask.java:317)
	at java.base/java.util.concurrent.ThreadPoolExecutor.runWorker(ThreadPoolExecutor.java:1144)
	at java.base/java.util.concurrent.ThreadPoolExecutor$Worker.run(ThreadPoolExecutor.java:642)
	at java.base/java.lang.Thread.run(Thread.java:1583)
... Removed 18 stack frames
</div> <!-- stack-trace -->
                </div> <!-- method-content -->
              </div> <!-- method -->
              <div class="method">
                <div class="method-content">
                  <a name="testSignIn(validuser2, Password456, positive, )">
                  </a> <!-- testSignIn(validuser2, Password456, positive, ) -->
                  <span class="method-name">testSignIn</span>
                  <span class="parameters">(validuser2,Password456,positive,)</span>
                  <div class="stack-trace">org.openqa.selenium.InvalidSelectorException: Given css selector expression &quot;&quot; is invalid: InvalidSelectorError: Document.querySelector: &apos;&apos; is not a valid selector: &quot;&quot;
For documentation on this error, please visit: https://www.selenium.dev/documentation/webdriver/troubleshooting/errors#invalid-selector-exception
Build info: version: &apos;4.23.0&apos;, revision: &apos;4df0a231af&apos;
System info: os.name: &apos;Windows 11&apos;, os.arch: &apos;amd64&apos;, os.version: &apos;10.0&apos;, java.version: &apos;21.0.6&apos;
Driver info: org.openqa.selenium.firefox.FirefoxDriver
Command: [ccf7e774-0e07-49f8-8129-fac32e2259c2, findElement {using=css selector, value=}]
Capabilities {acceptInsecureCerts: true, browserName: firefox, browserVersion: 142.0.1, moz:accessibilityChecks: false, moz:buildID: 20250827004350, moz:geckodriverVersion: 0.36.0, moz:headless: false, moz:platformVersion: 10.0, moz:processID: 31716, moz:profile: C:\Users\raxit\AppData\Loca..., moz:shutdownTimeout: 60000, moz:webdriverClick: true, moz:windowless: false, pageLoadStrategy: normal, platformName: windows, proxy: Proxy(), setWindowRect: true, strictFileInteractability: false, timeouts: {implicit: 0, pageLoad: 300000, script: 30000}, unhandledPromptBehavior: dismiss and notify, userAgent: Mozilla/5.0 (Windows NT 10....}
Session ID: ccf7e774-0e07-49f8-8129-fac32e2259c2
	at org.openqa.selenium.remote.ErrorCodec.decode(ErrorCodec.java:167)
	at org.openqa.selenium.remote.codec.w3c.W3CHttpResponseCodec.decode(W3CHttpResponseCodec.java:138)
	at org.openqa.selenium.remote.codec.w3c.W3CHttpResponseCodec.decode(W3CHttpResponseCodec.java:50)
	at org.openqa.selenium.remote.HttpCommandExecutor.execute(HttpCommandExecutor.java:190)
	at org.openqa.selenium.remote.service.DriverCommandExecutor.invokeExecute(DriverCommandExecutor.java:216)
	at org.openqa.selenium.remote.service.DriverCommandExecutor.execute(DriverCommandExecutor.java:174)
	at org.openqa.selenium.remote.RemoteWebDriver.execute(RemoteWebDriver.java:527)
	at org.openqa.selenium.remote.ElementLocation$ElementFinder$2.findElement(ElementLocation.java:165)
	at org.openqa.selenium.remote.ElementLocation.findElement(ElementLocation.java:59)
	at org.openqa.selenium.remote.RemoteWebDriver.findElement(RemoteWebDriver.java:357)
	at org.openqa.selenium.remote.RemoteWebDriver.findElement(RemoteWebDriver.java:351)
	at org.openqa.selenium.support.ui.ExpectedConditions$7.apply(ExpectedConditions.java:194)
	at org.openqa.selenium.support.ui.ExpectedConditions$7.apply(ExpectedConditions.java:190)
	at org.openqa.selenium.support.ui.ExpectedConditions$22.apply(ExpectedConditions.java:627)
	at org.openqa.selenium.support.ui.ExpectedConditions$22.apply(ExpectedConditions.java:624)
	at org.openqa.selenium.support.ui.FluentWait.until(FluentWait.java:203)
	at tests.Test_2.testSignIn(Test_2.java:49)
	at java.base/java.util.ArrayList.forEach(ArrayList.java:1596)
	at java.base/java.util.concurrent.FutureTask.run(FutureTask.java:317)
	at java.base/java.util.concurrent.ThreadPoolExecutor.runWorker(ThreadPoolExecutor.java:1144)
	at java.base/java.util.concurrent.ThreadPoolExecutor$Worker.run(ThreadPoolExecutor.java:642)
	at java.base/java.lang.Thread.run(Thread.java:1583)
... Removed 18 stack frames
</div> <!-- stack-trace -->
                </div> <!-- method-content -->
              </div> <!-- method -->
              <div class="method">
                <div class="method-content">
                  <a name="testSignIn(emptyuser, , negative, Username is required)">
                  </a> <!-- testSignIn(emptyuser, , negative, Username is required) -->
                  <span class="method-name">testSignIn</span>
                  <span class="parameters">(emptyuser,,negative,Username is required)</span>
                  <div class="stack-trace">org.openqa.selenium.InvalidSelectorException: Given css selector expression &quot;&quot; is invalid: InvalidSelectorError: Document.querySelector: &apos;&apos; is not a valid selector: &quot;&quot;
For documentation on this error, please visit: https://www.selenium.dev/documentation/webdriver/troubleshooting/errors#invalid-selector-exception
Build info: version: &apos;4.23.0&apos;, revision: &apos;4df0a231af&apos;
System info: os.name: &apos;Windows 11&apos;, os.arch: &apos;amd64&apos;, os.version: &apos;10.0&apos;, java.version: &apos;21.0.6&apos;
Driver info: org.openqa.selenium.firefox.FirefoxDriver
Command: [ccf7e774-0e07-49f8-8129-fac32e2259c2, findElement {using=css selector, value=}]
Capabilities {acceptInsecureCerts: true, browserName: firefox, browserVersion: 142.0.1, moz:accessibilityChecks: false, moz:buildID: 20250827004350, moz:geckodriverVersion: 0.36.0, moz:headless: false, moz:platformVersion: 10.0, moz:processID: 31716, moz:profile: C:\Users\raxit\AppData\Loca..., moz:shutdownTimeout: 60000, moz:webdriverClick: true, moz:windowless: false, pageLoadStrategy: normal, platformName: windows, proxy: Proxy(), setWindowRect: true, strictFileInteractability: false, timeouts: {implicit: 0, pageLoad: 300000, script: 30000}, unhandledPromptBehavior: dismiss and notify, userAgent: Mozilla/5.0 (Windows NT 10....}
Session ID: ccf7e774-0e07-49f8-8129-fac32e2259c2
	at org.openqa.selenium.remote.ErrorCodec.decode(ErrorCodec.java:167)
	at org.openqa.selenium.remote.codec.w3c.W3CHttpResponseCodec.decode(W3CHttpResponseCodec.java:138)
	at org.openqa.selenium.remote.codec.w3c.W3CHttpResponseCodec.decode(W3CHttpResponseCodec.java:50)
	at org.openqa.selenium.remote.HttpCommandExecutor.execute(HttpCommandExecutor.java:190)
	at org.openqa.selenium.remote.service.DriverCommandExecutor.invokeExecute(DriverCommandExecutor.java:216)
	at org.openqa.selenium.remote.service.DriverCommandExecutor.execute(DriverCommandExecutor.java:174)
	at org.openqa.selenium.remote.RemoteWebDriver.execute(RemoteWebDriver.java:527)
	at org.openqa.selenium.remote.ElementLocation$ElementFinder$2.findElement(ElementLocation.java:165)
	at org.openqa.selenium.remote.ElementLocation.findElement(ElementLocation.java:59)
	at org.openqa.selenium.remote.RemoteWebDriver.findElement(RemoteWebDriver.java:357)
	at org.openqa.selenium.remote.RemoteWebDriver.findElement(RemoteWebDriver.java:351)
	at org.openqa.selenium.support.ui.ExpectedConditions$7.apply(ExpectedConditions.java:194)
	at org.openqa.selenium.support.ui.ExpectedConditions$7.apply(ExpectedConditions.java:190)
	at org.openqa.selenium.support.ui.ExpectedConditions$22.apply(ExpectedConditions.java:627)
	at org.openqa.selenium.support.ui.ExpectedConditions$22.apply(ExpectedConditions.java:624)
	at org.openqa.selenium.support.ui.FluentWait.until(FluentWait.java:203)
	at tests.Test_2.testSignIn(Test_2.java:49)
	at java.base/java.util.ArrayList.forEach(ArrayList.java:1596)
	at java.base/java.util.concurrent.FutureTask.run(FutureTask.java:317)
	at java.base/java.util.concurrent.ThreadPoolExecutor.runWorker(ThreadPoolExecutor.java:1144)
	at java.base/java.util.concurrent.ThreadPoolExecutor$Worker.run(ThreadPoolExecutor.java:642)
	at java.base/java.lang.Thread.run(Thread.java:1583)
... Removed 18 stack frames
</div> <!-- stack-trace -->
                </div> <!-- method-content -->
              </div> <!-- method -->
              <div class="method">
                <div class="method-content">
                  <a name="testSignIn(invaliduser, wrongpass, negative, Invalid username or password)">
                  </a> <!-- testSignIn(invaliduser, wrongpass, negative, Invalid username or password) -->
                  <span class="method-name">testSignIn</span>
                  <span class="parameters">(invaliduser,wrongpass,negative,Invalid username or password)</span>
                  <div class="stack-trace">org.openqa.selenium.InvalidSelectorException: Given css selector expression &quot;&quot; is invalid: InvalidSelectorError: Document.querySelector: &apos;&apos; is not a valid selector: &quot;&quot;
For documentation on this error, please visit: https://www.selenium.dev/documentation/webdriver/troubleshooting/errors#invalid-selector-exception
Build info: version: &apos;4.23.0&apos;, revision: &apos;4df0a231af&apos;
System info: os.name: &apos;Windows 11&apos;, os.arch: &apos;amd64&apos;, os.version: &apos;10.0&apos;, java.version: &apos;21.0.6&apos;
Driver info: org.openqa.selenium.firefox.FirefoxDriver
Command: [ccf7e774-0e07-49f8-8129-fac32e2259c2, findElement {using=css selector, value=}]
Capabilities {acceptInsecureCerts: true, browserName: firefox, browserVersion: 142.0.1, moz:accessibilityChecks: false, moz:buildID: 20250827004350, moz:geckodriverVersion: 0.36.0, moz:headless: false, moz:platformVersion: 10.0, moz:processID: 31716, moz:profile: C:\Users\raxit\AppData\Loca..., moz:shutdownTimeout: 60000, moz:webdriverClick: true, moz:windowless: false, pageLoadStrategy: normal, platformName: windows, proxy: Proxy(), setWindowRect: true, strictFileInteractability: false, timeouts: {implicit: 0, pageLoad: 300000, script: 30000}, unhandledPromptBehavior: dismiss and notify, userAgent: Mozilla/5.0 (Windows NT 10....}
Session ID: ccf7e774-0e07-49f8-8129-fac32e2259c2
	at org.openqa.selenium.remote.ErrorCodec.decode(ErrorCodec.java:167)
	at org.openqa.selenium.remote.codec.w3c.W3CHttpResponseCodec.decode(W3CHttpResponseCodec.java:138)
	at org.openqa.selenium.remote.codec.w3c.W3CHttpResponseCodec.decode(W3CHttpResponseCodec.java:50)
	at org.openqa.selenium.remote.HttpCommandExecutor.execute(HttpCommandExecutor.java:190)
	at org.openqa.selenium.remote.service.DriverCommandExecutor.invokeExecute(DriverCommandExecutor.java:216)
	at org.openqa.selenium.remote.service.DriverCommandExecutor.execute(DriverCommandExecutor.java:174)
	at org.openqa.selenium.remote.RemoteWebDriver.execute(RemoteWebDriver.java:527)
	at org.openqa.selenium.remote.ElementLocation$ElementFinder$2.findElement(ElementLocation.java:165)
	at org.openqa.selenium.remote.ElementLocation.findElement(ElementLocation.java:59)
	at org.openqa.selenium.remote.RemoteWebDriver.findElement(RemoteWebDriver.java:357)
	at org.openqa.selenium.remote.RemoteWebDriver.findElement(RemoteWebDriver.java:351)
	at org.openqa.selenium.support.ui.ExpectedConditions$7.apply(ExpectedConditions.java:194)
	at org.openqa.selenium.support.ui.ExpectedConditions$7.apply(ExpectedConditions.java:190)
	at org.openqa.selenium.support.ui.ExpectedConditions$22.apply(ExpectedConditions.java:627)
	at org.openqa.selenium.support.ui.ExpectedConditions$22.apply(ExpectedConditions.java:624)
	at org.openqa.selenium.support.ui.FluentWait.until(FluentWait.java:203)
	at tests.Test_2.testSignIn(Test_2.java:49)
	at java.base/java.util.ArrayList.forEach(ArrayList.java:1596)
	at java.base/java.util.concurrent.FutureTask.run(FutureTask.java:317)
	at java.base/java.util.concurrent.ThreadPoolExecutor.runWorker(ThreadPoolExecutor.java:1144)
	at java.base/java.util.concurrent.ThreadPoolExecutor$Worker.run(ThreadPoolExecutor.java:642)
	at java.base/java.lang.Thread.run(Thread.java:1583)
... Removed 18 stack frames
</div> <!-- stack-trace -->
                </div> <!-- method-content -->
              </div> <!-- method -->
              <div class="method">
                <div class="method-content">
                  <a name="testSignIn(j2ee, j2ee, positive, )">
                  </a> <!-- testSignIn(j2ee, j2ee, positive, ) -->
                  <span class="method-name">testSignIn</span>
                  <span class="parameters">(j2ee,j2ee,positive,)</span>
                  <div class="stack-trace">org.openqa.selenium.InvalidSelectorException: invalid selector: No selector specified
  (Session info: chrome=140.0.7339.80)
For documentation on this error, please visit: https://www.selenium.dev/documentation/webdriver/troubleshooting/errors#invalid-selector-exception
Build info: version: &apos;4.23.0&apos;, revision: &apos;4df0a231af&apos;
System info: os.name: &apos;Windows 11&apos;, os.arch: &apos;amd64&apos;, os.version: &apos;10.0&apos;, java.version: &apos;21.0.6&apos;
Driver info: org.openqa.selenium.chrome.ChromeDriver
Command: [d8dc43c6de6be38e3f14558a1cc97bdb, findElement {using=css selector, value=}]
Capabilities {acceptInsecureCerts: false, browserName: chrome, browserVersion: 140.0.7339.80, chrome: {chromedriverVersion: 140.0.7339.82 (bc93617e21c3..., userDataDir: C:\Users\raxit\AppData\Loca...}, fedcm:accounts: true, goog:chromeOptions: {debuggerAddress: localhost:51011}, networkConnectionEnabled: false, pageLoadStrategy: normal, platformName: windows, proxy: Proxy(), se:cdp: ws://localhost:51011/devtoo..., se:cdpVersion: 140.0.7339.80, setWindowRect: true, strictFileInteractability: false, timeouts: {implicit: 0, pageLoad: 300000, script: 30000}, unhandledPromptBehavior: dismiss and notify, webauthn:extension:credBlob: true, webauthn:extension:largeBlob: true, webauthn:extension:minPinLength: true, webauthn:extension:prf: true, webauthn:virtualAuthenticators: true}
Session ID: d8dc43c6de6be38e3f14558a1cc97bdb
	at org.openqa.selenium.remote.ErrorCodec.decode(ErrorCodec.java:167)
	at org.openqa.selenium.remote.codec.w3c.W3CHttpResponseCodec.decode(W3CHttpResponseCodec.java:138)
	at org.openqa.selenium.remote.codec.w3c.W3CHttpResponseCodec.decode(W3CHttpResponseCodec.java:50)
	at org.openqa.selenium.remote.HttpCommandExecutor.execute(HttpCommandExecutor.java:190)
	at org.openqa.selenium.remote.service.DriverCommandExecutor.invokeExecute(DriverCommandExecutor.java:216)
	at org.openqa.selenium.remote.service.DriverCommandExecutor.execute(DriverCommandExecutor.java:174)
	at org.openqa.selenium.remote.RemoteWebDriver.execute(RemoteWebDriver.java:527)
	at org.openqa.selenium.remote.ElementLocation$ElementFinder$2.findElement(ElementLocation.java:165)
	at org.openqa.selenium.remote.ElementLocation.findElement(ElementLocation.java:59)
	at org.openqa.selenium.remote.RemoteWebDriver.findElement(RemoteWebDriver.java:357)
	at org.openqa.selenium.remote.RemoteWebDriver.findElement(RemoteWebDriver.java:351)
	at org.openqa.selenium.support.ui.ExpectedConditions$7.apply(ExpectedConditions.java:194)
	at org.openqa.selenium.support.ui.ExpectedConditions$7.apply(ExpectedConditions.java:190)
	at org.openqa.selenium.support.ui.ExpectedConditions$22.apply(ExpectedConditions.java:627)
	at org.openqa.selenium.support.ui.ExpectedConditions$22.apply(ExpectedConditions.java:624)
	at org.openqa.selenium.support.ui.FluentWait.until(FluentWait.java:203)
	at tests.Test_2.testSignIn(Test_2.java:49)
	at java.base/java.util.ArrayList.forEach(ArrayList.java:1596)
	at java.base/java.util.concurrent.FutureTask.run(FutureTask.java:317)
	at java.base/java.util.concurrent.ThreadPoolExecutor.runWorker(ThreadPoolExecutor.java:1144)
	at java.base/java.util.concurrent.ThreadPoolExecutor$Worker.run(ThreadPoolExecutor.java:642)
	at java.base/java.lang.Thread.run(Thread.java:1583)
... Removed 18 stack frames
</div> <!-- stack-trace -->
                </div> <!-- method-content -->
              </div> <!-- method -->
              <div class="method">
                <div class="method-content">
                  <a name="testSignIn(validuser1, Password123, positive, )">
                  </a> <!-- testSignIn(validuser1, Password123, positive, ) -->
                  <span class="method-name">testSignIn</span>
                  <span class="parameters">(validuser1,Password123,positive,)</span>
                  <div class="stack-trace">org.openqa.selenium.InvalidSelectorException: invalid selector: No selector specified
  (Session info: chrome=140.0.7339.80)
For documentation on this error, please visit: https://www.selenium.dev/documentation/webdriver/troubleshooting/errors#invalid-selector-exception
Build info: version: &apos;4.23.0&apos;, revision: &apos;4df0a231af&apos;
System info: os.name: &apos;Windows 11&apos;, os.arch: &apos;amd64&apos;, os.version: &apos;10.0&apos;, java.version: &apos;21.0.6&apos;
Driver info: org.openqa.selenium.chrome.ChromeDriver
Command: [d8dc43c6de6be38e3f14558a1cc97bdb, findElement {using=css selector, value=}]
Capabilities {acceptInsecureCerts: false, browserName: chrome, browserVersion: 140.0.7339.80, chrome: {chromedriverVersion: 140.0.7339.82 (bc93617e21c3..., userDataDir: C:\Users\raxit\AppData\Loca...}, fedcm:accounts: true, goog:chromeOptions: {debuggerAddress: localhost:51011}, networkConnectionEnabled: false, pageLoadStrategy: normal, platformName: windows, proxy: Proxy(), se:cdp: ws://localhost:51011/devtoo..., se:cdpVersion: 140.0.7339.80, setWindowRect: true, strictFileInteractability: false, timeouts: {implicit: 0, pageLoad: 300000, script: 30000}, unhandledPromptBehavior: dismiss and notify, webauthn:extension:credBlob: true, webauthn:extension:largeBlob: true, webauthn:extension:minPinLength: true, webauthn:extension:prf: true, webauthn:virtualAuthenticators: true}
Session ID: d8dc43c6de6be38e3f14558a1cc97bdb
	at org.openqa.selenium.remote.ErrorCodec.decode(ErrorCodec.java:167)
	at org.openqa.selenium.remote.codec.w3c.W3CHttpResponseCodec.decode(W3CHttpResponseCodec.java:138)
	at org.openqa.selenium.remote.codec.w3c.W3CHttpResponseCodec.decode(W3CHttpResponseCodec.java:50)
	at org.openqa.selenium.remote.HttpCommandExecutor.execute(HttpCommandExecutor.java:190)
	at org.openqa.selenium.remote.service.DriverCommandExecutor.invokeExecute(DriverCommandExecutor.java:216)
	at org.openqa.selenium.remote.service.DriverCommandExecutor.execute(DriverCommandExecutor.java:174)
	at org.openqa.selenium.remote.RemoteWebDriver.execute(RemoteWebDriver.java:527)
	at org.openqa.selenium.remote.ElementLocation$ElementFinder$2.findElement(ElementLocation.java:165)
	at org.openqa.selenium.remote.ElementLocation.findElement(ElementLocation.java:59)
	at org.openqa.selenium.remote.RemoteWebDriver.findElement(RemoteWebDriver.java:357)
	at org.openqa.selenium.remote.RemoteWebDriver.findElement(RemoteWebDriver.java:351)
	at org.openqa.selenium.support.ui.ExpectedConditions$7.apply(ExpectedConditions.java:194)
	at org.openqa.selenium.support.ui.ExpectedConditions$7.apply(ExpectedConditions.java:190)
	at org.openqa.selenium.support.ui.ExpectedConditions$22.apply(ExpectedConditions.java:627)
	at org.openqa.selenium.support.ui.ExpectedConditions$22.apply(ExpectedConditions.java:624)
	at org.openqa.selenium.support.ui.FluentWait.until(FluentWait.java:203)
	at tests.Test_2.testSignIn(Test_2.java:49)
	at java.base/java.util.ArrayList.forEach(ArrayList.java:1596)
	at java.base/java.util.concurrent.FutureTask.run(FutureTask.java:317)
	at java.base/java.util.concurrent.ThreadPoolExecutor.runWorker(ThreadPoolExecutor.java:1144)
	at java.base/java.util.concurrent.ThreadPoolExecutor$Worker.run(ThreadPoolExecutor.java:642)
	at java.base/java.lang.Thread.run(Thread.java:1583)
... Removed 18 stack frames
</div> <!-- stack-trace -->
                </div> <!-- method-content -->
              </div> <!-- method -->
              <div class="method">
                <div class="method-content">
                  <a name="testSignIn(validuser2, Password456, positive, )">
                  </a> <!-- testSignIn(validuser2, Password456, positive, ) -->
                  <span class="method-name">testSignIn</span>
                  <span class="parameters">(validuser2,Password456,positive,)</span>
                  <div class="stack-trace">org.openqa.selenium.InvalidSelectorException: invalid selector: No selector specified
  (Session info: chrome=140.0.7339.80)
For documentation on this error, please visit: https://www.selenium.dev/documentation/webdriver/troubleshooting/errors#invalid-selector-exception
Build info: version: &apos;4.23.0&apos;, revision: &apos;4df0a231af&apos;
System info: os.name: &apos;Windows 11&apos;, os.arch: &apos;amd64&apos;, os.version: &apos;10.0&apos;, java.version: &apos;21.0.6&apos;
Driver info: org.openqa.selenium.chrome.ChromeDriver
Command: [d8dc43c6de6be38e3f14558a1cc97bdb, findElement {using=css selector, value=}]
Capabilities {acceptInsecureCerts: false, browserName: chrome, browserVersion: 140.0.7339.80, chrome: {chromedriverVersion: 140.0.7339.82 (bc93617e21c3..., userDataDir: C:\Users\raxit\AppData\Loca...}, fedcm:accounts: true, goog:chromeOptions: {debuggerAddress: localhost:51011}, networkConnectionEnabled: false, pageLoadStrategy: normal, platformName: windows, proxy: Proxy(), se:cdp: ws://localhost:51011/devtoo..., se:cdpVersion: 140.0.7339.80, setWindowRect: true, strictFileInteractability: false, timeouts: {implicit: 0, pageLoad: 300000, script: 30000}, unhandledPromptBehavior: dismiss and notify, webauthn:extension:credBlob: true, webauthn:extension:largeBlob: true, webauthn:extension:minPinLength: true, webauthn:extension:prf: true, webauthn:virtualAuthenticators: true}
Session ID: d8dc43c6de6be38e3f14558a1cc97bdb
	at org.openqa.selenium.remote.ErrorCodec.decode(ErrorCodec.java:167)
	at org.openqa.selenium.remote.codec.w3c.W3CHttpResponseCodec.decode(W3CHttpResponseCodec.java:138)
	at org.openqa.selenium.remote.codec.w3c.W3CHttpResponseCodec.decode(W3CHttpResponseCodec.java:50)
	at org.openqa.selenium.remote.HttpCommandExecutor.execute(HttpCommandExecutor.java:190)
	at org.openqa.selenium.remote.service.DriverCommandExecutor.invokeExecute(DriverCommandExecutor.java:216)
	at org.openqa.selenium.remote.service.DriverCommandExecutor.execute(DriverCommandExecutor.java:174)
	at org.openqa.selenium.remote.RemoteWebDriver.execute(RemoteWebDriver.java:527)
	at org.openqa.selenium.remote.ElementLocation$ElementFinder$2.findElement(ElementLocation.java:165)
	at org.openqa.selenium.remote.ElementLocation.findElement(ElementLocation.java:59)
	at org.openqa.selenium.remote.RemoteWebDriver.findElement(RemoteWebDriver.java:357)
	at org.openqa.selenium.remote.RemoteWebDriver.findElement(RemoteWebDriver.java:351)
	at org.openqa.selenium.support.ui.ExpectedConditions$7.apply(ExpectedConditions.java:194)
	at org.openqa.selenium.support.ui.ExpectedConditions$7.apply(ExpectedConditions.java:190)
	at org.openqa.selenium.support.ui.ExpectedConditions$22.apply(ExpectedConditions.java:627)
	at org.openqa.selenium.support.ui.ExpectedConditions$22.apply(ExpectedConditions.java:624)
	at org.openqa.selenium.support.ui.FluentWait.until(FluentWait.java:203)
	at tests.Test_2.testSignIn(Test_2.java:49)
	at java.base/java.util.ArrayList.forEach(ArrayList.java:1596)
	at java.base/java.util.concurrent.FutureTask.run(FutureTask.java:317)
	at java.base/java.util.concurrent.ThreadPoolExecutor.runWorker(ThreadPoolExecutor.java:1144)
	at java.base/java.util.concurrent.ThreadPoolExecutor$Worker.run(ThreadPoolExecutor.java:642)
	at java.base/java.lang.Thread.run(Thread.java:1583)
... Removed 18 stack frames
</div> <!-- stack-trace -->
                </div> <!-- method-content -->
              </div> <!-- method -->
              <div class="method">
                <div class="method-content">
                  <a name="testSignIn(emptyuser, , negative, Username is required)">
                  </a> <!-- testSignIn(emptyuser, , negative, Username is required) -->
                  <span class="method-name">testSignIn</span>
                  <span class="parameters">(emptyuser,,negative,Username is required)</span>
                  <div class="stack-trace">org.openqa.selenium.InvalidSelectorException: invalid selector: No selector specified
  (Session info: chrome=140.0.7339.80)
For documentation on this error, please visit: https://www.selenium.dev/documentation/webdriver/troubleshooting/errors#invalid-selector-exception
Build info: version: &apos;4.23.0&apos;, revision: &apos;4df0a231af&apos;
System info: os.name: &apos;Windows 11&apos;, os.arch: &apos;amd64&apos;, os.version: &apos;10.0&apos;, java.version: &apos;21.0.6&apos;
Driver info: org.openqa.selenium.chrome.ChromeDriver
Command: [d8dc43c6de6be38e3f14558a1cc97bdb, findElement {using=css selector, value=}]
Capabilities {acceptInsecureCerts: false, browserName: chrome, browserVersion: 140.0.7339.80, chrome: {chromedriverVersion: 140.0.7339.82 (bc93617e21c3..., userDataDir: C:\Users\raxit\AppData\Loca...}, fedcm:accounts: true, goog:chromeOptions: {debuggerAddress: localhost:51011}, networkConnectionEnabled: false, pageLoadStrategy: normal, platformName: windows, proxy: Proxy(), se:cdp: ws://localhost:51011/devtoo..., se:cdpVersion: 140.0.7339.80, setWindowRect: true, strictFileInteractability: false, timeouts: {implicit: 0, pageLoad: 300000, script: 30000}, unhandledPromptBehavior: dismiss and notify, webauthn:extension:credBlob: true, webauthn:extension:largeBlob: true, webauthn:extension:minPinLength: true, webauthn:extension:prf: true, webauthn:virtualAuthenticators: true}
Session ID: d8dc43c6de6be38e3f14558a1cc97bdb
	at org.openqa.selenium.remote.ErrorCodec.decode(ErrorCodec.java:167)
	at org.openqa.selenium.remote.codec.w3c.W3CHttpResponseCodec.decode(W3CHttpResponseCodec.java:138)
	at org.openqa.selenium.remote.codec.w3c.W3CHttpResponseCodec.decode(W3CHttpResponseCodec.java:50)
	at org.openqa.selenium.remote.HttpCommandExecutor.execute(HttpCommandExecutor.java:190)
	at org.openqa.selenium.remote.service.DriverCommandExecutor.invokeExecute(DriverCommandExecutor.java:216)
	at org.openqa.selenium.remote.service.DriverCommandExecutor.execute(DriverCommandExecutor.java:174)
	at org.openqa.selenium.remote.RemoteWebDriver.execute(RemoteWebDriver.java:527)
	at org.openqa.selenium.remote.ElementLocation$ElementFinder$2.findElement(ElementLocation.java:165)
	at org.openqa.selenium.remote.ElementLocation.findElement(ElementLocation.java:59)
	at org.openqa.selenium.remote.RemoteWebDriver.findElement(RemoteWebDriver.java:357)
	at org.openqa.selenium.remote.RemoteWebDriver.findElement(RemoteWebDriver.java:351)
	at org.openqa.selenium.support.ui.ExpectedConditions$7.apply(ExpectedConditions.java:194)
	at org.openqa.selenium.support.ui.ExpectedConditions$7.apply(ExpectedConditions.java:190)
	at org.openqa.selenium.support.ui.ExpectedConditions$22.apply(ExpectedConditions.java:627)
	at org.openqa.selenium.support.ui.ExpectedConditions$22.apply(ExpectedConditions.java:624)
	at org.openqa.selenium.support.ui.FluentWait.until(FluentWait.java:203)
	at tests.Test_2.testSignIn(Test_2.java:49)
	at java.base/java.util.ArrayList.forEach(ArrayList.java:1596)
	at java.base/java.util.concurrent.FutureTask.run(FutureTask.java:317)
	at java.base/java.util.concurrent.ThreadPoolExecutor.runWorker(ThreadPoolExecutor.java:1144)
	at java.base/java.util.concurrent.ThreadPoolExecutor$Worker.run(ThreadPoolExecutor.java:642)
	at java.base/java.lang.Thread.run(Thread.java:1583)
... Removed 18 stack frames
</div> <!-- stack-trace -->
                </div> <!-- method-content -->
              </div> <!-- method -->
              <div class="method">
                <div class="method-content">
                  <a name="testSignIn(invaliduser, wrongpass, negative, Invalid username or password)">
                  </a> <!-- testSignIn(invaliduser, wrongpass, negative, Invalid username or password) -->
                  <span class="method-name">testSignIn</span>
                  <span class="parameters">(invaliduser,wrongpass,negative,Invalid username or password)</span>
                  <div class="stack-trace">org.openqa.selenium.InvalidSelectorException: invalid selector: No selector specified
  (Session info: chrome=140.0.7339.80)
For documentation on this error, please visit: https://www.selenium.dev/documentation/webdriver/troubleshooting/errors#invalid-selector-exception
Build info: version: &apos;4.23.0&apos;, revision: &apos;4df0a231af&apos;
System info: os.name: &apos;Windows 11&apos;, os.arch: &apos;amd64&apos;, os.version: &apos;10.0&apos;, java.version: &apos;21.0.6&apos;
Driver info: org.openqa.selenium.chrome.ChromeDriver
Command: [d8dc43c6de6be38e3f14558a1cc97bdb, findElement {using=css selector, value=}]
Capabilities {acceptInsecureCerts: false, browserName: chrome, browserVersion: 140.0.7339.80, chrome: {chromedriverVersion: 140.0.7339.82 (bc93617e21c3..., userDataDir: C:\Users\raxit\AppData\Loca...}, fedcm:accounts: true, goog:chromeOptions: {debuggerAddress: localhost:51011}, networkConnectionEnabled: false, pageLoadStrategy: normal, platformName: windows, proxy: Proxy(), se:cdp: ws://localhost:51011/devtoo..., se:cdpVersion: 140.0.7339.80, setWindowRect: true, strictFileInteractability: false, timeouts: {implicit: 0, pageLoad: 300000, script: 30000}, unhandledPromptBehavior: dismiss and notify, webauthn:extension:credBlob: true, webauthn:extension:largeBlob: true, webauthn:extension:minPinLength: true, webauthn:extension:prf: true, webauthn:virtualAuthenticators: true}
Session ID: d8dc43c6de6be38e3f14558a1cc97bdb
	at org.openqa.selenium.remote.ErrorCodec.decode(ErrorCodec.java:167)
	at org.openqa.selenium.remote.codec.w3c.W3CHttpResponseCodec.decode(W3CHttpResponseCodec.java:138)
	at org.openqa.selenium.remote.codec.w3c.W3CHttpResponseCodec.decode(W3CHttpResponseCodec.java:50)
	at org.openqa.selenium.remote.HttpCommandExecutor.execute(HttpCommandExecutor.java:190)
	at org.openqa.selenium.remote.service.DriverCommandExecutor.invokeExecute(DriverCommandExecutor.java:216)
	at org.openqa.selenium.remote.service.DriverCommandExecutor.execute(DriverCommandExecutor.java:174)
	at org.openqa.selenium.remote.RemoteWebDriver.execute(RemoteWebDriver.java:527)
	at org.openqa.selenium.remote.ElementLocation$ElementFinder$2.findElement(ElementLocation.java:165)
	at org.openqa.selenium.remote.ElementLocation.findElement(ElementLocation.java:59)
	at org.openqa.selenium.remote.RemoteWebDriver.findElement(RemoteWebDriver.java:357)
	at org.openqa.selenium.remote.RemoteWebDriver.findElement(RemoteWebDriver.java:351)
	at org.openqa.selenium.support.ui.ExpectedConditions$7.apply(ExpectedConditions.java:194)
	at org.openqa.selenium.support.ui.ExpectedConditions$7.apply(ExpectedConditions.java:190)
	at org.openqa.selenium.support.ui.ExpectedConditions$22.apply(ExpectedConditions.java:627)
	at org.openqa.selenium.support.ui.ExpectedConditions$22.apply(ExpectedConditions.java:624)
	at org.openqa.selenium.support.ui.FluentWait.until(FluentWait.java:203)
	at tests.Test_2.testSignIn(Test_2.java:49)
	at java.base/java.util.ArrayList.forEach(ArrayList.java:1596)
	at java.base/java.util.concurrent.FutureTask.run(FutureTask.java:317)
	at java.base/java.util.concurrent.ThreadPoolExecutor.runWorker(ThreadPoolExecutor.java:1144)
	at java.base/java.util.concurrent.ThreadPoolExecutor$Worker.run(ThreadPoolExecutor.java:642)
	at java.base/java.lang.Thread.run(Thread.java:1583)
... Removed 18 stack frames
</div> <!-- stack-trace -->
                </div> <!-- method-content -->
              </div> <!-- method -->
            </div> <!-- main-panel-content rounded-window-bottom -->
          </div> <!-- suite-ParallelBrowserSuite-class-failed -->
          <div class="suite-ParallelBrowserSuite-class-passed">
            <div class="main-panel-header rounded-window-top">
              <img src="passed.png"/>
              <span class="class-name">tests.Test_5</span>
            </div> <!-- main-panel-header rounded-window-top -->
            <div class="main-panel-content rounded-window-bottom">
              <div class="method">
                <div class="method-content">
                  <a name="testFindOwner()">
                  </a> <!-- testFindOwner() -->
                  <span class="method-name">testFindOwner</span>
                  <span class="parameters">()</span>
                </div> <!-- method-content -->
              </div> <!-- method -->
              <div class="method">
                <div class="method-content">
                  <a name="testFindOwner(Doe)">
                  </a> <!-- testFindOwner(Doe) -->
                  <span class="method-name">testFindOwner</span>
                  <span class="parameters">(Doe)</span>
                </div> <!-- method-content -->
              </div> <!-- method -->
              <div class="method">
                <div class="method-content">
                  <a name="testFindOwner(cena)">
                  </a> <!-- testFindOwner(cena) -->
                  <span class="method-name">testFindOwner</span>
                  <span class="parameters">(cena)</span>
                </div> <!-- method-content -->
              </div> <!-- method -->
              <div class="method">
                <div class="method-content">
                  <a name="testFindOwner()">
                  </a> <!-- testFindOwner() -->
                  <span class="method-name">testFindOwner</span>
                  <span class="parameters">()</span>
                </div> <!-- method-content -->
              </div> <!-- method -->
              <div class="method">
                <div class="method-content">
                  <a name="testFindOwner()">
                  </a> <!-- testFindOwner() -->
                  <span class="method-name">testFindOwner</span>
                  <span class="parameters">()</span>
                </div> <!-- method-content -->
              </div> <!-- method -->
              <div class="method">
                <div class="method-content">
                  <a name="testFindOwner()">
                  </a> <!-- testFindOwner() -->
                  <span class="method-name">testFindOwner</span>
                  <span class="parameters">()</span>
                </div> <!-- method-content -->
              </div> <!-- method -->
              <div class="method">
                <div class="method-content">
                  <a name="testFindOwner(cena)">
                  </a> <!-- testFindOwner(cena) -->
                  <span class="method-name">testFindOwner</span>
                  <span class="parameters">(cena)</span>
                </div> <!-- method-content -->
              </div> <!-- method -->
              <div class="method">
                <div class="method-content">
                  <a name="testFindOwner(Doe)">
                  </a> <!-- testFindOwner(Doe) -->
                  <span class="method-name">testFindOwner</span>
                  <span class="parameters">(Doe)</span>
                </div> <!-- method-content -->
              </div> <!-- method -->
            </div> <!-- main-panel-content rounded-window-bottom -->
          </div> <!-- suite-ParallelBrowserSuite-class-passed -->
          <div class="suite-ParallelBrowserSuite-class-passed">
            <div class="main-panel-header rounded-window-top">
              <img src="passed.png"/>
              <span class="class-name">tests.Test_1</span>
            </div> <!-- main-panel-header rounded-window-top -->
            <div class="main-panel-content rounded-window-bottom">
              <div class="method">
                <div class="method-content">
                  <a name="testSignUp(shortpass2448389, pass, pass, Tom, Wilson, tom.wilson@example.com, 5551234567, 321 Pine St, , Boston...)">
                  </a> <!-- testSignUp(shortpass2448389, pass, pass, Tom, Wilson, tom.wilson@example.com, 5551234567, 321 Pine St, , Boston...) -->
                  <span class="method-name">testSignUp</span>
                  <span class="parameters">(shortpass2448389,pass,pass,Tom,Wilson,tom.wilson@example.com,5551234567,321 Pine St,,Boston,MA,2108,USA,negative,Password too short)</span>
                </div> <!-- method-content -->
              </div> <!-- method -->
              <div class="method">
                <div class="method-content">
                  <a name="testSignUp(testuserasfjo, Password456, Password456, Mary, Smith, mary.smith@example.com, 9876543210, 789 Oak St...)">
                  </a> <!-- testSignUp(testuserasfjo, Password456, Password456, Mary, Smith, mary.smith@example.com, 9876543210, 789 Oak St...) -->
                  <span class="method-name">testSignUp</span>
                  <span class="parameters">(testuserasfjo,Password456,Password456,Mary,Smith,mary.smith@example.com,9876543210,789 Oak St,,Chicago,IL,60601,USA,positive,)</span>
                </div> <!-- method-content -->
              </div> <!-- method -->
              <div class="method">
                <div class="method-content">
                  <a name="testSignUp(testusersjosfojfsjo, Password123, Password123, John, Doe, john.doe@example.com, 1234567890, 123 Main...)">
                  </a> <!-- testSignUp(testusersjosfojfsjo, Password123, Password123, John, Doe, john.doe@example.com, 1234567890, 123 Main...) -->
                  <span class="method-name">testSignUp</span>
                  <span class="parameters">(testusersjosfojfsjo,Password123,Password123,John,Doe,john.doe@example.com,1234567890,123 Main St,Apt 4B,New York,NY,10001,USA,positive,)</span>
                </div> <!-- method-content -->
              </div> <!-- method -->
              <div class="method">
                <div class="method-content">
                  <a name="testSignUp(invaliduserasdfoj, pass, pass123, Jane, Doe, jane.doe@invalid, 123, 456 Elm St, , Springfield, IL, 6...)">
                  </a> <!-- testSignUp(invaliduserasdfoj, pass, pass123, Jane, Doe, jane.doe@invalid, 123, 456 Elm St, , Springfield, IL, 6...) -->
                  <span class="method-name">testSignUp</span>
                  <span class="parameters">(invaliduserasdfoj,pass,pass123,Jane,Doe,jane.doe@invalid,123,456 Elm St,,Springfield,IL,62701,USA,negative,Invalid email format)</span>
                </div> <!-- method-content -->
              </div> <!-- method -->
              <div class="method">
                <div class="method-content">
                  <a name="testSignUp(testuserasfjo, Password456, Password456, Mary, Smith, mary.smith@example.com, 9876543210, 789 Oak St...)">
                  </a> <!-- testSignUp(testuserasfjo, Password456, Password456, Mary, Smith, mary.smith@example.com, 9876543210, 789 Oak St...) -->
                  <span class="method-name">testSignUp</span>
                  <span class="parameters">(testuserasfjo,Password456,Password456,Mary,Smith,mary.smith@example.com,9876543210,789 Oak St,,Chicago,IL,60601,USA,positive,)</span>
                </div> <!-- method-content -->
              </div> <!-- method -->
              <div class="method">
                <div class="method-content">
                  <a name="testSignUp(testusersjosfojfsjo, Password123, Password123, John, Doe, john.doe@example.com, 1234567890, 123 Main...)">
                  </a> <!-- testSignUp(testusersjosfojfsjo, Password123, Password123, John, Doe, john.doe@example.com, 1234567890, 123 Main...) -->
                  <span class="method-name">testSignUp</span>
                  <span class="parameters">(testusersjosfojfsjo,Password123,Password123,John,Doe,john.doe@example.com,1234567890,123 Main St,Apt 4B,New York,NY,10001,USA,positive,)</span>
                </div> <!-- method-content -->
              </div> <!-- method -->
              <div class="method">
                <div class="method-content">
                  <a name="testSignUp(invaliduserasdfoj, pass, pass123, Jane, Doe, jane.doe@invalid, 123, 456 Elm St, , Springfield, IL, 6...)">
                  </a> <!-- testSignUp(invaliduserasdfoj, pass, pass123, Jane, Doe, jane.doe@invalid, 123, 456 Elm St, , Springfield, IL, 6...) -->
                  <span class="method-name">testSignUp</span>
                  <span class="parameters">(invaliduserasdfoj,pass,pass123,Jane,Doe,jane.doe@invalid,123,456 Elm St,,Springfield,IL,62701,USA,negative,Invalid email format)</span>
                </div> <!-- method-content -->
              </div> <!-- method -->
              <div class="method">
                <div class="method-content">
                  <a name="testSignUp(shortpass2448389, pass, pass, Tom, Wilson, tom.wilson@example.com, 5551234567, 321 Pine St, , Boston...)">
                  </a> <!-- testSignUp(shortpass2448389, pass, pass, Tom, Wilson, tom.wilson@example.com, 5551234567, 321 Pine St, , Boston...) -->
                  <span class="method-name">testSignUp</span>
                  <span class="parameters">(shortpass2448389,pass,pass,Tom,Wilson,tom.wilson@example.com,5551234567,321 Pine St,,Boston,MA,2108,USA,negative,Password too short)</span>
                </div> <!-- method-content -->
              </div> <!-- method -->
            </div> <!-- main-panel-content rounded-window-bottom -->
          </div> <!-- suite-ParallelBrowserSuite-class-passed -->
          <div class="suite-ParallelBrowserSuite-class-passed">
            <div class="main-panel-header rounded-window-top">
              <img src="passed.png"/>
              <span class="class-name">tests.Test_3</span>
            </div> <!-- main-panel-header rounded-window-top -->
            <div class="main-panel-content rounded-window-bottom">
              <div class="method">
                <div class="method-content">
                  <a name="testProductSearch(cat)">
                  </a> <!-- testProductSearch(cat) -->
                  <span class="method-name">testProductSearch</span>
                  <span class="parameters">(cat)</span>
                </div> <!-- method-content -->
              </div> <!-- method -->
              <div class="method">
                <div class="method-content">
                  <a name="testProductSearch(fish)">
                  </a> <!-- testProductSearch(fish) -->
                  <span class="method-name">testProductSearch</span>
                  <span class="parameters">(fish)</span>
                </div> <!-- method-content -->
              </div> <!-- method -->
              <div class="method">
                <div class="method-content">
                  <a name="testProductSearch(raptile)">
                  </a> <!-- testProductSearch(raptile) -->
                  <span class="method-name">testProductSearch</span>
                  <span class="parameters">(raptile)</span>
                </div> <!-- method-content -->
              </div> <!-- method -->
              <div class="method">
                <div class="method-content">
                  <a name="testProductSearch(bird)">
                  </a> <!-- testProductSearch(bird) -->
                  <span class="method-name">testProductSearch</span>
                  <span class="parameters">(bird)</span>
                </div> <!-- method-content -->
              </div> <!-- method -->
              <div class="method">
                <div class="method-content">
                  <a name="testProductSearch(fish)">
                  </a> <!-- testProductSearch(fish) -->
                  <span class="method-name">testProductSearch</span>
                  <span class="parameters">(fish)</span>
                </div> <!-- method-content -->
              </div> <!-- method -->
              <div class="method">
                <div class="method-content">
                  <a name="testProductSearch(bird)">
                  </a> <!-- testProductSearch(bird) -->
                  <span class="method-name">testProductSearch</span>
                  <span class="parameters">(bird)</span>
                </div> <!-- method-content -->
              </div> <!-- method -->
              <div class="method">
                <div class="method-content">
                  <a name="testProductSearch(raptile)">
                  </a> <!-- testProductSearch(raptile) -->
                  <span class="method-name">testProductSearch</span>
                  <span class="parameters">(raptile)</span>
                </div> <!-- method-content -->
              </div> <!-- method -->
              <div class="method">
                <div class="method-content">
                  <a name="testProductSearch(cat)">
                  </a> <!-- testProductSearch(cat) -->
                  <span class="method-name">testProductSearch</span>
                  <span class="parameters">(cat)</span>
                </div> <!-- method-content -->
              </div> <!-- method -->
            </div> <!-- main-panel-content rounded-window-bottom -->
          </div> <!-- suite-ParallelBrowserSuite-class-passed -->
          <div class="suite-ParallelBrowserSuite-class-passed">
            <div class="main-panel-header rounded-window-top">
              <img src="passed.png"/>
              <span class="class-name">tests.Test_4</span>
            </div> <!-- main-panel-header rounded-window-top -->
            <div class="main-panel-content rounded-window-bottom">
              <div class="method">
                <div class="method-content">
                  <a name="testCheckoutFlow(1234567890123456, 01/24, Broken, Card, 789 Pine Ln, , Chicago, IL, 60601, USA)">
                  </a> <!-- testCheckoutFlow(1234567890123456, 01/24, Broken, Card, 789 Pine Ln, , Chicago, IL, 60601, USA) -->
                  <span class="method-name">testCheckoutFlow</span>
                  <span class="parameters">(1234567890123456,01/24,Broken,Card,789 Pine Ln,,Chicago,IL,60601,USA)</span>
                </div> <!-- method-content -->
              </div> <!-- method -->
              <div class="method">
                <div class="method-content">
                  <a name="testCheckoutFlow(5555555555554444, 11/25, Jane, Smith, 456 Oak Rd, , Los Angeles, CA, 90001, USA)">
                  </a> <!-- testCheckoutFlow(5555555555554444, 11/25, Jane, Smith, 456 Oak Rd, , Los Angeles, CA, 90001, USA) -->
                  <span class="method-name">testCheckoutFlow</span>
                  <span class="parameters">(5555555555554444,11/25,Jane,Smith,456 Oak Rd,,Los Angeles,CA,90001,USA)</span>
                </div> <!-- method-content -->
              </div> <!-- method -->
              <div class="method">
                <div class="method-content">
                  <a name="testCheckoutFlow(4111111111111111, 12/26, John, Doe, 123 Elm St, Apt 4B, New York, NY, 10001, USA)">
                  </a> <!-- testCheckoutFlow(4111111111111111, 12/26, John, Doe, 123 Elm St, Apt 4B, New York, NY, 10001, USA) -->
                  <span class="method-name">testCheckoutFlow</span>
                  <span class="parameters">(4111111111111111,12/26,John,Doe,123 Elm St,Apt 4B,New York,NY,10001,USA)</span>
                </div> <!-- method-content -->
              </div> <!-- method -->
              <div class="method">
                <div class="method-content">
                  <a name="testCheckoutFlow(4111111111111111, 12/26, John, Doe, 123 Elm St, Apt 4B, New York, NY, 10001, USA)">
                  </a> <!-- testCheckoutFlow(4111111111111111, 12/26, John, Doe, 123 Elm St, Apt 4B, New York, NY, 10001, USA) -->
                  <span class="method-name">testCheckoutFlow</span>
                  <span class="parameters">(4111111111111111,12/26,John,Doe,123 Elm St,Apt 4B,New York,NY,10001,USA)</span>
                </div> <!-- method-content -->
              </div> <!-- method -->
              <div class="method">
                <div class="method-content">
                  <a name="testCheckoutFlow(5555555555554444, 11/25, Jane, Smith, 456 Oak Rd, , Los Angeles, CA, 90001, USA)">
                  </a> <!-- testCheckoutFlow(5555555555554444, 11/25, Jane, Smith, 456 Oak Rd, , Los Angeles, CA, 90001, USA) -->
                  <span class="method-name">testCheckoutFlow</span>
                  <span class="parameters">(5555555555554444,11/25,Jane,Smith,456 Oak Rd,,Los Angeles,CA,90001,USA)</span>
                </div> <!-- method-content -->
              </div> <!-- method -->
              <div class="method">
                <div class="method-content">
                  <a name="testCheckoutFlow(1234567890123456, 01/24, Broken, Card, 789 Pine Ln, , Chicago, IL, 60601, USA)">
                  </a> <!-- testCheckoutFlow(1234567890123456, 01/24, Broken, Card, 789 Pine Ln, , Chicago, IL, 60601, USA) -->
                  <span class="method-name">testCheckoutFlow</span>
                  <span class="parameters">(1234567890123456,01/24,Broken,Card,789 Pine Ln,,Chicago,IL,60601,USA)</span>
                </div> <!-- method-content -->
              </div> <!-- method -->
            </div> <!-- main-panel-content rounded-window-bottom -->
          </div> <!-- suite-ParallelBrowserSuite-class-passed -->
        </div> <!-- panel ParallelBrowserSuite -->
        <div panel-name="test-xml-ParallelBrowserSuite" class="panel">
          <div class="main-panel-header rounded-window-top">
            <span class="header-content">C:\Users\raxit\IdeaProjects\pet_frame\testng.xml</span>
          </div> <!-- main-panel-header rounded-window-top -->
          <div class="main-panel-content rounded-window-bottom">
            <pre>
&lt;?xml version=&quot;1.0&quot; encoding=&quot;UTF-8&quot;?&gt;
&lt;!DOCTYPE suite SYSTEM &quot;https://testng.org/testng-1.0.dtd&quot;&gt;
&lt;suite thread-count=&quot;2&quot; parallel=&quot;tests&quot; name=&quot;ParallelBrowserSuite&quot; guice-stage=&quot;DEVELOPMENT&quot; verbose=&quot;0&quot;&gt;
  &lt;listeners&gt;
    &lt;listener class-name=&quot;reports.TestListener&quot;/&gt;
  &lt;/listeners&gt;
  &lt;test thread-count=&quot;2&quot; parallel=&quot;tests&quot; name=&quot;ChromeTest&quot; verbose=&quot;0&quot;&gt;
    &lt;parameter name=&quot;browser&quot; value=&quot;chrome&quot;/&gt;
    &lt;packages&gt;
      &lt;package name=&quot;tests&quot;/&gt;
    &lt;/packages&gt;
    &lt;classes&gt;
      &lt;class name=&quot;tests.Test_1&quot;/&gt;
      &lt;class name=&quot;tests.Test_2&quot;/&gt;
      &lt;class name=&quot;tests.Test_3&quot;/&gt;
      &lt;class name=&quot;tests.Test_4&quot;/&gt;
      &lt;class name=&quot;tests.Test_5&quot;/&gt;
    &lt;/classes&gt;
  &lt;/test&gt; &lt;!-- ChromeTest --&gt;
  &lt;test thread-count=&quot;2&quot; parallel=&quot;tests&quot; name=&quot;FirefoxTest&quot; verbose=&quot;0&quot;&gt;
    &lt;parameter name=&quot;browser&quot; value=&quot;firefox&quot;/&gt;
    &lt;packages&gt;
      &lt;package name=&quot;tests&quot;/&gt;
    &lt;/packages&gt;
    &lt;classes&gt;
      &lt;class name=&quot;tests.Test_1&quot;/&gt;
      &lt;class name=&quot;tests.Test_2&quot;/&gt;
      &lt;class name=&quot;tests.Test_3&quot;/&gt;
      &lt;class name=&quot;tests.Test_4&quot;/&gt;
      &lt;class name=&quot;tests.Test_5&quot;/&gt;
    &lt;/classes&gt;
  &lt;/test&gt; &lt;!-- FirefoxTest --&gt;
&lt;/suite&gt; &lt;!-- ParallelBrowserSuite --&gt;
            </pre>
          </div> <!-- main-panel-content rounded-window-bottom -->
        </div> <!-- panel -->
        <div panel-name="testlist-ParallelBrowserSuite" class="panel">
          <div class="main-panel-header rounded-window-top">
            <span class="header-content">Tests for ParallelBrowserSuite</span>
          </div> <!-- main-panel-header rounded-window-top -->
          <div class="main-panel-content rounded-window-bottom">
            <ul>
              <li>
                <span class="test-name">ChromeTest (5 classes)</span>
              </li>
              <li>
                <span class="test-name">FirefoxTest (5 classes)</span>
              </li>
            </ul>
          </div> <!-- main-panel-content rounded-window-bottom -->
        </div> <!-- panel -->
        <div panel-name="group-ParallelBrowserSuite" class="panel">
          <div class="main-panel-header rounded-window-top">
            <span class="header-content">Groups for ParallelBrowserSuite</span>
          </div> <!-- main-panel-header rounded-window-top -->
          <div class="main-panel-content rounded-window-bottom">
          </div> <!-- main-panel-content rounded-window-bottom -->
        </div> <!-- panel -->
        <div panel-name="times-ParallelBrowserSuite" class="panel">
          <div class="main-panel-header rounded-window-top">
            <span class="header-content">Times for ParallelBrowserSuite</span>
          </div> <!-- main-panel-header rounded-window-top -->
          <div class="main-panel-content rounded-window-bottom">
            <div class="times-div">
              <script type="text/javascript">
suiteTableInitFunctions.push('tableData_ParallelBrowserSuite');
function tableData_ParallelBrowserSuite() {
var data = new google.visualization.DataTable();
data.addColumn('number', 'Number');
data.addColumn('string', 'Method');
data.addColumn('string', 'Class');
data.addColumn('number', 'Time (ms)');
data.addRows(40);
data.setCell(0, 0, 0)
data.setCell(0, 1, 'testCheckoutFlow')
data.setCell(0, 2, 'tests.Test_4')
data.setCell(0, 3, 14993);
data.setCell(1, 0, 1)
data.setCell(1, 1, 'testCheckoutFlow')
data.setCell(1, 2, 'tests.Test_4')
data.setCell(1, 3, 14112);
data.setCell(2, 0, 2)
data.setCell(2, 1, 'testCheckoutFlow')
data.setCell(2, 2, 'tests.Test_4')
data.setCell(2, 3, 12096);
data.setCell(3, 0, 3)
data.setCell(3, 1, 'testCheckoutFlow')
data.setCell(3, 2, 'tests.Test_4')
data.setCell(3, 3, 10188);
data.setCell(4, 0, 4)
data.setCell(4, 1, 'testCheckoutFlow')
data.setCell(4, 2, 'tests.Test_4')
data.setCell(4, 3, 10090);
data.setCell(5, 0, 5)
data.setCell(5, 1, 'testCheckoutFlow')
data.setCell(5, 2, 'tests.Test_4')
data.setCell(5, 3, 8974);
data.setCell(6, 0, 6)
data.setCell(6, 1, 'testFindOwner')
data.setCell(6, 2, 'tests.Test_5')
data.setCell(6, 3, 7884);
data.setCell(7, 0, 7)
data.setCell(7, 1, 'testFindOwner')
data.setCell(7, 2, 'tests.Test_5')
data.setCell(7, 3, 6361);
data.setCell(8, 0, 8)
data.setCell(8, 1, 'testFindOwner')
data.setCell(8, 2, 'tests.Test_5')
data.setCell(8, 3, 6282);
data.setCell(9, 0, 9)
data.setCell(9, 1, 'testFindOwner')
data.setCell(9, 2, 'tests.Test_5')
data.setCell(9, 3, 6095);
data.setCell(10, 0, 10)
data.setCell(10, 1, 'testSignUp')
data.setCell(10, 2, 'tests.Test_1')
data.setCell(10, 3, 5314);
data.setCell(11, 0, 11)
data.setCell(11, 1, 'testSignUp')
data.setCell(11, 2, 'tests.Test_1')
data.setCell(11, 3, 4724);
data.setCell(12, 0, 12)
data.setCell(12, 1, 'testSignUp')
data.setCell(12, 2, 'tests.Test_1')
data.setCell(12, 3, 4009);
data.setCell(13, 0, 13)
data.setCell(13, 1, 'testFindOwner')
data.setCell(13, 2, 'tests.Test_5')
data.setCell(13, 3, 3707);
data.setCell(14, 0, 14)
data.setCell(14, 1, 'testFindOwner')
data.setCell(14, 2, 'tests.Test_5')
data.setCell(14, 3, 3651);
data.setCell(15, 0, 15)
data.setCell(15, 1, 'testSignUp')
data.setCell(15, 2, 'tests.Test_1')
data.setCell(15, 3, 3253);
data.setCell(16, 0, 16)
data.setCell(16, 1, 'testSignUp')
data.setCell(16, 2, 'tests.Test_1')
data.setCell(16, 3, 3238);
data.setCell(17, 0, 17)
data.setCell(17, 1, 'testSignUp')
data.setCell(17, 2, 'tests.Test_1')
data.setCell(17, 3, 3174);
data.setCell(18, 0, 18)
data.setCell(18, 1, 'testSignUp')
data.setCell(18, 2, 'tests.Test_1')
data.setCell(18, 3, 2943);
data.setCell(19, 0, 19)
data.setCell(19, 1, 'testFindOwner')
data.setCell(19, 2, 'tests.Test_5')
data.setCell(19, 3, 2860);
data.setCell(20, 0, 20)
data.setCell(20, 1, 'testSignUp')
data.setCell(20, 2, 'tests.Test_1')
data.setCell(20, 3, 2610);
data.setCell(21, 0, 21)
data.setCell(21, 1, 'testFindOwner')
data.setCell(21, 2, 'tests.Test_5')
data.setCell(21, 3, 2027);
data.setCell(22, 0, 22)
data.setCell(22, 1, 'testProductSearch')
data.setCell(22, 2, 'tests.Test_3')
data.setCell(22, 3, 1401);
data.setCell(23, 0, 23)
data.setCell(23, 1, 'testSignIn')
data.setCell(23, 2, 'tests.Test_2')
data.setCell(23, 3, 1268);
data.setCell(24, 0, 24)
data.setCell(24, 1, 'testSignIn')
data.setCell(24, 2, 'tests.Test_2')
data.setCell(24, 3, 1147);
data.setCell(25, 0, 25)
data.setCell(25, 1, 'testSignIn')
data.setCell(25, 2, 'tests.Test_2')
data.setCell(25, 3, 1136);
data.setCell(26, 0, 26)
data.setCell(26, 1, 'testSignIn')
data.setCell(26, 2, 'tests.Test_2')
data.setCell(26, 3, 999);
data.setCell(27, 0, 27)
data.setCell(27, 1, 'testSignIn')
data.setCell(27, 2, 'tests.Test_2')
data.setCell(27, 3, 922);
data.setCell(28, 0, 28)
data.setCell(28, 1, 'testSignIn')
data.setCell(28, 2, 'tests.Test_2')
data.setCell(28, 3, 834);
data.setCell(29, 0, 29)
data.setCell(29, 1, 'testSignIn')
data.setCell(29, 2, 'tests.Test_2')
data.setCell(29, 3, 749);
data.setCell(30, 0, 30)
data.setCell(30, 1, 'testProductSearch')
data.setCell(30, 2, 'tests.Test_3')
data.setCell(30, 3, 743);
data.setCell(31, 0, 31)
data.setCell(31, 1, 'testProductSearch')
data.setCell(31, 2, 'tests.Test_3')
data.setCell(31, 3, 739);
data.setCell(32, 0, 32)
data.setCell(32, 1, 'testSignIn')
data.setCell(32, 2, 'tests.Test_2')
data.setCell(32, 3, 714);
data.setCell(33, 0, 33)
data.setCell(33, 1, 'testProductSearch')
data.setCell(33, 2, 'tests.Test_3')
data.setCell(33, 3, 707);
data.setCell(34, 0, 34)
data.setCell(34, 1, 'testProductSearch')
data.setCell(34, 2, 'tests.Test_3')
data.setCell(34, 3, 689);
data.setCell(35, 0, 35)
data.setCell(35, 1, 'testSignIn')
data.setCell(35, 2, 'tests.Test_2')
data.setCell(35, 3, 681);
data.setCell(36, 0, 36)
data.setCell(36, 1, 'testSignIn')
data.setCell(36, 2, 'tests.Test_2')
data.setCell(36, 3, 655);
data.setCell(37, 0, 37)
data.setCell(37, 1, 'testProductSearch')
data.setCell(37, 2, 'tests.Test_3')
data.setCell(37, 3, 634);
data.setCell(38, 0, 38)
data.setCell(38, 1, 'testProductSearch')
data.setCell(38, 2, 'tests.Test_3')
data.setCell(38, 3, 319);
data.setCell(39, 0, 39)
data.setCell(39, 1, 'testProductSearch')
data.setCell(39, 2, 'tests.Test_3')
data.setCell(39, 3, 299);
window.suiteTableData['ParallelBrowserSuite']= { tableData: data, tableDiv: 'times-div-ParallelBrowserSuite'}
return data;
}
              </script>
              <span class="suite-total-time">Total running time: 2 minutes</span>
              <div id="times-div-ParallelBrowserSuite">
              </div> <!-- times-div-ParallelBrowserSuite -->
            </div> <!-- times-div -->
          </div> <!-- main-panel-content rounded-window-bottom -->
        </div> <!-- panel -->
        <div panel-name="reporter-ParallelBrowserSuite" class="panel">
          <div class="main-panel-header rounded-window-top">
            <span class="header-content">Reporter output for ParallelBrowserSuite</span>
          </div> <!-- main-panel-header rounded-window-top -->
          <div class="main-panel-content rounded-window-bottom">
          </div> <!-- main-panel-content rounded-window-bottom -->
        </div> <!-- panel -->
        <div panel-name="ignored-methods-ParallelBrowserSuite" class="panel">
          <div class="main-panel-header rounded-window-top">
            <span class="header-content">0 ignored methods</span>
          </div> <!-- main-panel-header rounded-window-top -->
          <div class="main-panel-content rounded-window-bottom">
          </div> <!-- main-panel-content rounded-window-bottom -->
        </div> <!-- panel -->
        <div panel-name="chronological-ParallelBrowserSuite" class="panel">
          <div class="main-panel-header rounded-window-top">
            <span class="header-content">Methods in chronological order</span>
          </div> <!-- main-panel-header rounded-window-top -->
          <div class="main-panel-content rounded-window-bottom">
            <div class="chronological-class">
              <div class="chronological-class-name">tests.Test_1</div> <!-- chronological-class-name -->
              <div class="configuration-class before">
                <span class="method-name">setUp(chrome)</span>
                <span class="method-start">0 ms</span>
              </div> <!-- configuration-class before -->
              <div class="configuration-class before">
                <span class="method-name">setUp(firefox)</span>
                <span class="method-start">0 ms</span>
              </div> <!-- configuration-class before -->
              <div class="configuration-method before">
                <span class="method-name">resetState</span>
                <span class="method-start">4063 ms</span>
              </div> <!-- configuration-method before -->
              <div class="test-method">
                <span class="method-name">testSignUp(testusersjosfojfsjo, Password123, Password123, John, Doe, john.doe@example.com, 1234567890, 123 Main...)</span>
                <span class="method-start">5098 ms</span>
              </div> <!-- test-method -->
              <div class="configuration-method before">
                <span class="method-name">resetState</span>
                <span class="method-start">8528 ms</span>
              </div> <!-- configuration-method before -->
              <div class="test-method">
                <span class="method-name">testSignUp(testusersjosfojfsjo, Password123, Password123, John, Doe, john.doe@example.com, 1234567890, 123 Main...)</span>
                <span class="method-start">9389 ms</span>
              </div> <!-- test-method -->
              <div class="configuration-method before">
                <span class="method-name">resetState</span>
                <span class="method-start">10135 ms</span>
              </div> <!-- configuration-method before -->
              <div class="test-method">
                <span class="method-name">testSignUp(invaliduserasdfoj, pass, pass123, Jane, Doe, jane.doe@invalid, 123, 456 Elm St, , Springfield, IL, 6...)</span>
                <span class="method-start">10634 ms</span>
              </div> <!-- test-method -->
              <div class="configuration-method before">
                <span class="method-name">resetState</span>
                <span class="method-start">12543 ms</span>
              </div> <!-- configuration-method before -->
              <div class="test-method">
                <span class="method-name">testSignUp(invaliduserasdfoj, pass, pass123, Jane, Doe, jane.doe@invalid, 123, 456 Elm St, , Springfield, IL, 6...)</span>
                <span class="method-start">13086 ms</span>
              </div> <!-- test-method -->
              <div class="configuration-method before">
                <span class="method-name">resetState</span>
                <span class="method-start">14940 ms</span>
              </div> <!-- configuration-method before -->
              <div class="test-method">
                <span class="method-name">testSignUp(testuserasfjo, Password456, Password456, Mary, Smith, mary.smith@example.com, 9876543210, 789 Oak St...)</span>
                <span class="method-start">15932 ms</span>
              </div> <!-- test-method -->
              <div class="configuration-method before">
                <span class="method-name">resetState</span>
                <span class="method-start">16384 ms</span>
              </div> <!-- configuration-method before -->
              <div class="test-method">
                <span class="method-name">testSignUp(testuserasfjo, Password456, Password456, Mary, Smith, mary.smith@example.com, 9876543210, 789 Oak St...)</span>
                <span class="method-start">16956 ms</span>
              </div> <!-- test-method -->
              <div class="configuration-method before">
                <span class="method-name">resetState</span>
                <span class="method-start">20359 ms</span>
              </div> <!-- configuration-method before -->
              <div class="test-method">
                <span class="method-name">testSignUp(shortpass2448389, pass, pass, Tom, Wilson, tom.wilson@example.com, 5551234567, 321 Pine St, , Boston...)</span>
                <span class="method-start">20943 ms</span>
              </div> <!-- test-method -->
              <div class="configuration-method before">
                <span class="method-name">resetState</span>
                <span class="method-start">21743 ms</span>
              </div> <!-- configuration-method before -->
              <div class="test-method">
                <span class="method-name">testSignUp(shortpass2448389, pass, pass, Tom, Wilson, tom.wilson@example.com, 5551234567, 321 Pine St, , Boston...)</span>
                <span class="method-start">22937 ms</span>
              </div> <!-- test-method -->
              <div class="configuration-class after">
                <span class="method-name">tearDown</span>
                <span class="method-start">23741 ms</span>
              </div> <!-- configuration-class after -->
            </div> <!-- chronological-class -->
            <div class="chronological-class">
              <div class="chronological-class-name">tests.Test_2</div> <!-- chronological-class-name -->
              <div class="configuration-class before">
                <span class="method-name">setUp(firefox)</span>
                <span class="method-start">24822 ms</span>
              </div> <!-- configuration-class before -->
            </div> <!-- chronological-class -->
            <div class="chronological-class">
              <div class="chronological-class-name">tests.Test_1</div> <!-- chronological-class-name -->
              <div class="configuration-class after">
                <span class="method-name">tearDown</span>
                <span class="method-start">26898 ms</span>
              </div> <!-- configuration-class after -->
            </div> <!-- chronological-class -->
            <div class="chronological-class">
              <div class="chronological-class-name">tests.Test_2</div> <!-- chronological-class-name -->
              <div class="configuration-class before">
                <span class="method-name">setUp(chrome)</span>
                <span class="method-start">27141 ms</span>
              </div> <!-- configuration-class before -->
              <div class="configuration-method before">
                <span class="method-name">resetState</span>
                <span class="method-start">30047 ms</span>
              </div> <!-- configuration-method before -->
              <div class="test-method">
                <img src="failed.png">
                </img>
                <span class="method-name">testSignIn(validuser1, Password123, positive, )</span>
                <span class="method-start">30315 ms</span>
              </div> <!-- test-method -->
              <div class="configuration-method before">
                <span class="method-name">resetState</span>
                <span class="method-start">31633 ms</span>
              </div> <!-- configuration-method before -->
              <div class="configuration-method before">
                <span class="method-name">resetState</span>
                <span class="method-start">31852 ms</span>
              </div> <!-- configuration-method before -->
              <div class="test-method">
                <img src="failed.png">
                </img>
                <span class="method-name">testSignIn(validuser1, Password123, positive, )</span>
                <span class="method-start">32099 ms</span>
              </div> <!-- test-method -->
              <div class="test-method">
                <img src="failed.png">
                </img>
                <span class="method-name">testSignIn(invaliduser, wrongpass, negative, Invalid username or password)</span>
                <span class="method-start">32146 ms</span>
              </div> <!-- test-method -->
              <div class="configuration-method before">
                <span class="method-name">resetState</span>
                <span class="method-start">33361 ms</span>
              </div> <!-- configuration-method before -->
              <div class="configuration-method before">
                <span class="method-name">resetState</span>
                <span class="method-start">33691 ms</span>
              </div> <!-- configuration-method before -->
              <div class="test-method">
                <img src="failed.png">
                </img>
                <span class="method-name">testSignIn(invaliduser, wrongpass, negative, Invalid username or password)</span>
                <span class="method-start">33782 ms</span>
              </div> <!-- test-method -->
              <div class="test-method">
                <img src="failed.png">
                </img>
                <span class="method-name">testSignIn(validuser2, Password456, positive, )</span>
                <span class="method-start">34000 ms</span>
              </div> <!-- test-method -->
              <div class="configuration-method before">
                <span class="method-name">resetState</span>
                <span class="method-start">34881 ms</span>
              </div> <!-- configuration-method before -->
              <div class="test-method">
                <img src="failed.png">
                </img>
                <span class="method-name">testSignIn(validuser2, Password456, positive, )</span>
                <span class="method-start">35335 ms</span>
              </div> <!-- test-method -->
              <div class="configuration-method before">
                <span class="method-name">resetState</span>
                <span class="method-start">35503 ms</span>
              </div> <!-- configuration-method before -->
              <div class="test-method">
                <img src="failed.png">
                </img>
                <span class="method-name">testSignIn(emptyuser, , negative, Username is required)</span>
                <span class="method-start">35779 ms</span>
              </div> <!-- test-method -->
              <div class="configuration-method before">
                <span class="method-name">resetState</span>
                <span class="method-start">36385 ms</span>
              </div> <!-- configuration-method before -->
              <div class="test-method">
                <img src="failed.png">
                </img>
                <span class="method-name">testSignIn(emptyuser, , negative, Username is required)</span>
                <span class="method-start">36848 ms</span>
              </div> <!-- test-method -->
              <div class="configuration-method before">
                <span class="method-name">resetState</span>
                <span class="method-start">37077 ms</span>
              </div> <!-- configuration-method before -->
              <div class="test-method">
                <img src="failed.png">
                </img>
                <span class="method-name">testSignIn(j2ee, j2ee, positive, )</span>
                <span class="method-start">37368 ms</span>
              </div> <!-- test-method -->
              <div class="configuration-method before">
                <span class="method-name">resetState</span>
                <span class="method-start">37810 ms</span>
              </div> <!-- configuration-method before -->
              <div class="test-method">
                <img src="failed.png">
                </img>
                <span class="method-name">testSignIn(j2ee, j2ee, positive, )</span>
                <span class="method-start">38238 ms</span>
              </div> <!-- test-method -->
              <div class="configuration-class after">
                <span class="method-name">tearDown</span>
                <span class="method-start">38550 ms</span>
              </div> <!-- configuration-class after -->
            </div> <!-- chronological-class -->
            <div class="chronological-class">
              <div class="chronological-class-name">tests.Test_3</div> <!-- chronological-class-name -->
              <div class="configuration-class before">
                <span class="method-name">setUp(chrome)</span>
                <span class="method-start">38820 ms</span>
              </div> <!-- configuration-class before -->
            </div> <!-- chronological-class -->
            <div class="chronological-class">
              <div class="chronological-class-name">tests.Test_2</div> <!-- chronological-class-name -->
              <div class="configuration-class after">
                <span class="method-name">tearDown</span>
                <span class="method-start">39185 ms</span>
              </div> <!-- configuration-class after -->
            </div> <!-- chronological-class -->
            <div class="chronological-class">
              <div class="chronological-class-name">tests.Test_3</div> <!-- chronological-class-name -->
              <div class="configuration-class before">
                <span class="method-name">setUp(firefox)</span>
                <span class="method-start">40389 ms</span>
              </div> <!-- configuration-class before -->
              <div class="configuration-method before">
                <span class="method-name">resetState</span>
                <span class="method-start">42639 ms</span>
              </div> <!-- configuration-method before -->
              <div class="test-method">
                <span class="method-name">testProductSearch(fish)</span>
                <span class="method-start">42914 ms</span>
              </div> <!-- test-method -->
              <div class="configuration-method before">
                <span class="method-name">resetState</span>
                <span class="method-start">43794 ms</span>
              </div> <!-- configuration-method before -->
              <div class="test-method">
                <span class="method-name">testProductSearch(raptile)</span>
                <span class="method-start">44105 ms</span>
              </div> <!-- test-method -->
              <div class="configuration-method before">
                <span class="method-name">resetState</span>
                <span class="method-start">45056 ms</span>
              </div> <!-- configuration-method before -->
              <div class="test-method">
                <span class="method-name">testProductSearch(cat)</span>
                <span class="method-start">45421 ms</span>
              </div> <!-- test-method -->
              <div class="configuration-method before">
                <span class="method-name">resetState</span>
                <span class="method-start">46317 ms</span>
              </div> <!-- configuration-method before -->
              <div class="configuration-method before">
                <span class="method-name">resetState</span>
                <span class="method-start">46348 ms</span>
              </div> <!-- configuration-method before -->
              <div class="test-method">
                <span class="method-name">testProductSearch(bird)</span>
                <span class="method-start">46637 ms</span>
              </div> <!-- test-method -->
              <div class="test-method">
                <span class="method-name">testProductSearch(fish)</span>
                <span class="method-start">46989 ms</span>
              </div> <!-- test-method -->
              <div class="configuration-class after">
                <span class="method-name">tearDown</span>
                <span class="method-start">47598 ms</span>
              </div> <!-- configuration-class after -->
            </div> <!-- chronological-class -->
            <div class="chronological-class">
              <div class="chronological-class-name">tests.Test_4</div> <!-- chronological-class-name -->
              <div class="configuration-class before">
                <span class="method-name">setUp(chrome)</span>
                <span class="method-start">47783 ms</span>
              </div> <!-- configuration-class before -->
            </div> <!-- chronological-class -->
            <div class="chronological-class">
              <div class="chronological-class-name">tests.Test_3</div> <!-- chronological-class-name -->
              <div class="configuration-method before">
                <span class="method-name">resetState</span>
                <span class="method-start">48494 ms</span>
              </div> <!-- configuration-method before -->
              <div class="test-method">
                <span class="method-name">testProductSearch(raptile)</span>
                <span class="method-start">49860 ms</span>
              </div> <!-- test-method -->
            </div> <!-- chronological-class -->
            <div class="chronological-class">
              <div class="chronological-class-name">tests.Test_4</div> <!-- chronological-class-name -->
              <div class="configuration-method before">
                <span class="method-name">resetState</span>
                <span class="method-start">50627 ms</span>
              </div> <!-- configuration-method before -->
            </div> <!-- chronological-class -->
            <div class="chronological-class">
              <div class="chronological-class-name">tests.Test_3</div> <!-- chronological-class-name -->
              <div class="configuration-method before">
                <span class="method-name">resetState</span>
                <span class="method-start">50689 ms</span>
              </div> <!-- configuration-method before -->
            </div> <!-- chronological-class -->
            <div class="chronological-class">
              <div class="chronological-class-name">tests.Test_4</div> <!-- chronological-class-name -->
              <div class="test-method">
                <span class="method-name">testCheckoutFlow(4111111111111111, 12/26, John, Doe, 123 Elm St, Apt 4B, New York, NY, 10001, USA)</span>
                <span class="method-start">51119 ms</span>
              </div> <!-- test-method -->
            </div> <!-- chronological-class -->
            <div class="chronological-class">
              <div class="chronological-class-name">tests.Test_3</div> <!-- chronological-class-name -->
              <div class="test-method">
                <span class="method-name">testProductSearch(cat)</span>
                <span class="method-start">51238 ms</span>
              </div> <!-- test-method -->
              <div class="configuration-method before">
                <span class="method-name">resetState</span>
                <span class="method-start">52129 ms</span>
              </div> <!-- configuration-method before -->
              <div class="test-method">
                <span class="method-name">testProductSearch(bird)</span>
                <span class="method-start">52675 ms</span>
              </div> <!-- test-method -->
              <div class="configuration-class after">
                <span class="method-name">tearDown</span>
                <span class="method-start">53565 ms</span>
              </div> <!-- configuration-class after -->
            </div> <!-- chronological-class -->
            <div class="chronological-class">
              <div class="chronological-class-name">tests.Test_4</div> <!-- chronological-class-name -->
              <div class="configuration-class before">
                <span class="method-name">setUp(firefox)</span>
                <span class="method-start">54645 ms</span>
              </div> <!-- configuration-class before -->
              <div class="configuration-method before">
                <span class="method-name">resetState</span>
                <span class="method-start">61356 ms</span>
              </div> <!-- configuration-method before -->
              <div class="test-method">
                <span class="method-name">testCheckoutFlow(4111111111111111, 12/26, John, Doe, 123 Elm St, Apt 4B, New York, NY, 10001, USA)</span>
                <span class="method-start">61991 ms</span>
              </div> <!-- test-method -->
              <div class="configuration-method before">
                <span class="method-name">resetState</span>
                <span class="method-start">65438 ms</span>
              </div> <!-- configuration-method before -->
              <div class="test-method">
                <span class="method-name">testCheckoutFlow(5555555555554444, 11/25, Jane, Smith, 456 Oak Rd, , Los Angeles, CA, 90001, USA)</span>
                <span class="method-start">65962 ms</span>
              </div> <!-- test-method -->
              <div class="configuration-method before">
                <span class="method-name">resetState</span>
                <span class="method-start">74258 ms</span>
              </div> <!-- configuration-method before -->
              <div class="test-method">
                <span class="method-name">testCheckoutFlow(5555555555554444, 11/25, Jane, Smith, 456 Oak Rd, , Los Angeles, CA, 90001, USA)</span>
                <span class="method-start">75426 ms</span>
              </div> <!-- test-method -->
              <div class="configuration-method before">
                <span class="method-name">resetState</span>
                <span class="method-start">81096 ms</span>
              </div> <!-- configuration-method before -->
              <div class="test-method">
                <span class="method-name">testCheckoutFlow(1234567890123456, 01/24, Broken, Card, 789 Pine Ln, , Chicago, IL, 60601, USA)</span>
                <span class="method-start">81585 ms</span>
              </div> <!-- test-method -->
              <div class="configuration-method before">
                <span class="method-name">resetState</span>
                <span class="method-start">84573 ms</span>
              </div> <!-- configuration-method before -->
              <div class="test-method">
                <span class="method-name">testCheckoutFlow(1234567890123456, 01/24, Broken, Card, 789 Pine Ln, , Chicago, IL, 60601, USA)</span>
                <span class="method-start">85154 ms</span>
              </div> <!-- test-method -->
              <div class="configuration-class after">
                <span class="method-name">tearDown</span>
                <span class="method-start">91917 ms</span>
              </div> <!-- configuration-class after -->
            </div> <!-- chronological-class -->
            <div class="chronological-class">
              <div class="chronological-class-name">tests.Test_5</div> <!-- chronological-class-name -->
              <div class="configuration-class before">
                <span class="method-name">setUp(chrome)</span>
                <span class="method-start">92164 ms</span>
              </div> <!-- configuration-class before -->
            </div> <!-- chronological-class -->
            <div class="chronological-class">
              <div class="chronological-class-name">tests.Test_4</div> <!-- chronological-class-name -->
              <div class="configuration-class after">
                <span class="method-name">tearDown</span>
                <span class="method-start">95420 ms</span>
              </div> <!-- configuration-class after -->
            </div> <!-- chronological-class -->
            <div class="chronological-class">
              <div class="chronological-class-name">tests.Test_5</div> <!-- chronological-class-name -->
              <div class="configuration-class before">
                <span class="method-name">setUp(firefox)</span>
                <span class="method-start">96362 ms</span>
              </div> <!-- configuration-class before -->
              <div class="configuration-method before">
                <span class="method-name">resetState</span>
                <span class="method-start">102682 ms</span>
              </div> <!-- configuration-method before -->
              <div class="test-method">
                <span class="method-name">testFindOwner(Doe)</span>
                <span class="method-start">103199 ms</span>
              </div> <!-- test-method -->
              <div class="configuration-method before">
                <span class="method-name">resetState</span>
                <span class="method-start">106993 ms</span>
              </div> <!-- configuration-method before -->
              <div class="test-method">
                <span class="method-name">testFindOwner()</span>
                <span class="method-start">107519 ms</span>
              </div> <!-- test-method -->
              <div class="configuration-method before">
                <span class="method-name">resetState</span>
                <span class="method-start">110510 ms</span>
              </div> <!-- configuration-method before -->
              <div class="test-method">
                <span class="method-name">testFindOwner()</span>
                <span class="method-start">110985 ms</span>
              </div> <!-- test-method -->
              <div class="configuration-method before">
                <span class="method-name">resetState</span>
                <span class="method-start">114826 ms</span>
              </div> <!-- configuration-method before -->
              <div class="test-method">
                <span class="method-name">testFindOwner(cena)</span>
                <span class="method-start">115373 ms</span>
              </div> <!-- test-method -->
              <div class="configuration-class after">
                <span class="method-name">tearDown</span>
                <span class="method-start">117501 ms</span>
              </div> <!-- configuration-class after -->
              <div class="configuration-method before">
                <span class="method-name">resetState</span>
                <span class="method-start">125412 ms</span>
              </div> <!-- configuration-method before -->
              <div class="test-method">
                <span class="method-name">testFindOwner(Doe)</span>
                <span class="method-start">125839 ms</span>
              </div> <!-- test-method -->
              <div class="configuration-method before">
                <span class="method-name">resetState</span>
                <span class="method-start">132048 ms</span>
              </div> <!-- configuration-method before -->
              <div class="test-method">
                <span class="method-name">testFindOwner()</span>
                <span class="method-start">132609 ms</span>
              </div> <!-- test-method -->
              <div class="configuration-method before">
                <span class="method-name">resetState</span>
                <span class="method-start">139107 ms</span>
              </div> <!-- configuration-method before -->
              <div class="test-method">
                <span class="method-name">testFindOwner()</span>
                <span class="method-start">139556 ms</span>
              </div> <!-- test-method -->
              <div class="configuration-method before">
                <span class="method-name">resetState</span>
                <span class="method-start">147554 ms</span>
              </div> <!-- configuration-method before -->
              <div class="test-method">
                <span class="method-name">testFindOwner(cena)</span>
                <span class="method-start">147866 ms</span>
              </div> <!-- test-method -->
              <div class="configuration-class after">
                <span class="method-name">tearDown</span>
                <span class="method-start">154302 ms</span>
              </div> <!-- configuration-class after -->
          </div> <!-- main-panel-content rounded-window-bottom -->
        </div> <!-- panel -->
      </div> <!-- main-panel-root -->
    </div> <!-- wrapper -->
  </body>
<script type="text/javascript" src="testng-reports2.js"></script>
</html>
