{"uid":"110ddbf69038eb15","name":"testSignIn","fullName":"tests.Test_2.testSignIn","historyId":"7f44661491c1cacff31620cd1634ae19","time":{"start":1758095176463,"stop":1758095177752,"duration":1289},"status":"broken","statusMessage":"invalid selector: No selector specified\n  (Session info: chrome=140.0.7339.80)\nFor documentation on this error, please visit: https://www.selenium.dev/documentation/webdriver/troubleshooting/errors#invalid-selector-exception\nBuild info: version: '4.23.0', revision: '4df0a231af'\nSystem info: os.name: 'Windows 11', os.arch: 'amd64', os.version: '10.0', java.version: '21.0.6'\nDriver info: org.openqa.selenium.chrome.ChromeDriver\nCommand: [d8dc43c6de6be38e3f14558a1cc97bdb, findElement {using=css selector, value=}]\nCapabilities {acceptInsecureCerts: false, browserName: chrome, browserVersion: 140.0.7339.80, chrome: {chromedriverVersion: 140.0.7339.82 (bc93617e21c3..., userDataDir: C:\\Users\\raxit\\AppData\\Loca...}, fedcm:accounts: true, goog:chromeOptions: {debuggerAddress: localhost:51011}, networkConnectionEnabled: false, pageLoadStrategy: normal, platformName: windows, proxy: Proxy(), se:cdp: ws://localhost:51011/devtoo..., se:cdpVersion: 140.0.7339.80, setWindowRect: true, strictFileInteractability: false, timeouts: {implicit: 0, pageLoad: 300000, script: 30000}, unhandledPromptBehavior: dismiss and notify, webauthn:extension:credBlob: true, webauthn:extension:largeBlob: true, webauthn:extension:minPinLength: true, webauthn:extension:prf: true, webauthn:virtualAuthenticators: true}\nSession ID: d8dc43c6de6be38e3f14558a1cc97bdb","statusTrace":"org.openqa.selenium.InvalidSelectorException: invalid selector: No selector specified\n  (Session info: chrome=140.0.7339.80)\nFor documentation on this error, please visit: https://www.selenium.dev/documentation/webdriver/troubleshooting/errors#invalid-selector-exception\nBuild info: version: '4.23.0', revision: '4df0a231af'\nSystem info: os.name: 'Windows 11', os.arch: 'amd64', os.version: '10.0', java.version: '21.0.6'\nDriver info: org.openqa.selenium.chrome.ChromeDriver\nCommand: [d8dc43c6de6be38e3f14558a1cc97bdb, findElement {using=css selector, value=}]\nCapabilities {acceptInsecureCerts: false, browserName: chrome, browserVersion: 140.0.7339.80, chrome: {chromedriverVersion: 140.0.7339.82 (bc93617e21c3..., userDataDir: C:\\Users\\raxit\\AppData\\Loca...}, fedcm:accounts: true, goog:chromeOptions: {debuggerAddress: localhost:51011}, networkConnectionEnabled: false, pageLoadStrategy: normal, platformName: windows, proxy: Proxy(), se:cdp: ws://localhost:51011/devtoo..., se:cdpVersion: 140.0.7339.80, setWindowRect: true, strictFileInteractability: false, timeouts: {implicit: 0, pageLoad: 300000, script: 30000}, unhandledPromptBehavior: dismiss and notify, webauthn:extension:credBlob: true, webauthn:extension:largeBlob: true, webauthn:extension:minPinLength: true, webauthn:extension:prf: true, webauthn:virtualAuthenticators: true}\nSession ID: d8dc43c6de6be38e3f14558a1cc97bdb\r\n\tat java.base/jdk.internal.reflect.DirectConstructorHandleAccessor.newInstance(DirectConstructorHandleAccessor.java:62)\r\n\tat java.base/java.lang.reflect.Constructor.newInstanceWithCaller(Constructor.java:502)\r\n\tat java.base/java.lang.reflect.Constructor.newInstance(Constructor.java:486)\r\n\tat org.openqa.selenium.remote.ErrorCodec.decode(ErrorCodec.java:167)\r\n\tat org.openqa.selenium.remote.codec.w3c.W3CHttpResponseCodec.decode(W3CHttpResponseCodec.java:138)\r\n\tat org.openqa.selenium.remote.codec.w3c.W3CHttpResponseCodec.decode(W3CHttpResponseCodec.java:50)\r\n\tat org.openqa.selenium.remote.HttpCommandExecutor.execute(HttpCommandExecutor.java:190)\r\n\tat org.openqa.selenium.remote.service.DriverCommandExecutor.invokeExecute(DriverCommandExecutor.java:216)\r\n\tat org.openqa.selenium.remote.service.DriverCommandExecutor.execute(DriverCommandExecutor.java:174)\r\n\tat org.openqa.selenium.remote.RemoteWebDriver.execute(RemoteWebDriver.java:527)\r\n\tat org.openqa.selenium.remote.ElementLocation$ElementFinder$2.findElement(ElementLocation.java:165)\r\n\tat org.openqa.selenium.remote.ElementLocation.findElement(ElementLocation.java:59)\r\n\tat org.openqa.selenium.remote.RemoteWebDriver.findElement(RemoteWebDriver.java:357)\r\n\tat org.openqa.selenium.remote.RemoteWebDriver.findElement(RemoteWebDriver.java:351)\r\n\tat org.openqa.selenium.support.ui.ExpectedConditions$7.apply(ExpectedConditions.java:194)\r\n\tat org.openqa.selenium.support.ui.ExpectedConditions$7.apply(ExpectedConditions.java:190)\r\n\tat org.openqa.selenium.support.ui.ExpectedConditions$22.apply(ExpectedConditions.java:627)\r\n\tat org.openqa.selenium.support.ui.ExpectedConditions$22.apply(ExpectedConditions.java:624)\r\n\tat org.openqa.selenium.support.ui.FluentWait.until(FluentWait.java:203)\r\n\tat tests.Test_2.testSignIn(Test_2.java:49)\r\n\tat java.base/jdk.internal.reflect.DirectMethodHandleAccessor.invoke(DirectMethodHandleAccessor.java:103)\r\n\tat java.base/java.lang.reflect.Method.invoke(Method.java:580)\r\n\tat org.testng.internal.invokers.MethodInvocationHelper.invokeMethod(MethodInvocationHelper.java:141)\r\n\tat org.testng.internal.invokers.TestInvoker.invokeMethod(TestInvoker.java:686)\r\n\tat org.testng.internal.invokers.TestInvoker.invokeTestMethod(TestInvoker.java:230)\r\n\tat org.testng.internal.invokers.MethodRunner.runInSequence(MethodRunner.java:63)\r\n\tat org.testng.internal.invokers.TestInvoker$MethodInvocationAgent.invoke(TestInvoker.java:992)\r\n\tat org.testng.internal.invokers.TestInvoker.invokeTestMethods(TestInvoker.java:203)\r\n\tat org.testng.internal.invokers.TestMethodWorker.invokeTestMethods(TestMethodWorker.java:154)\r\n\tat org.testng.internal.invokers.TestMethodWorker.run(TestMethodWorker.java:134)\r\n\tat java.base/java.util.ArrayList.forEach(ArrayList.java:1596)\r\n\tat org.testng.TestRunner.privateRun(TestRunner.java:739)\r\n\tat org.testng.TestRunner.run(TestRunner.java:614)\r\n\tat org.testng.SuiteRunner.runTest(SuiteRunner.java:421)\r\n\tat org.testng.SuiteRunner$SuiteWorker.run(SuiteRunner.java:463)\r\n\tat org.testng.internal.thread.ThreadUtil.lambda$execute$0(ThreadUtil.java:64)\r\n\tat java.base/java.util.concurrent.FutureTask.run(FutureTask.java:317)\r\n\tat java.base/java.util.concurrent.ThreadPoolExecutor.runWorker(ThreadPoolExecutor.java:1144)\r\n\tat java.base/java.util.concurrent.ThreadPoolExecutor$Worker.run(ThreadPoolExecutor.java:642)\r\n\tat java.base/java.lang.Thread.run(Thread.java:1583)\r\n","flaky":false,"newFailed":false,"newBroken":true,"newPassed":false,"retriesCount":1,"retriesStatusChange":true,"beforeStages":[{"name":"setUp","time":{"start":1758095167824,"stop":1758095170721,"duration":2897},"description":"","status":"passed","steps":[],"attachments":[],"parameters":[],"hasContent":false,"attachmentsCount":0,"shouldDisplayMessage":false,"attachmentStep":false,"stepsCount":0},{"name":"resetState","time":{"start":1758095176186,"stop":1758095176458,"duration":272},"description":"","status":"passed","steps":[],"attachments":[],"parameters":[],"hasContent":false,"attachmentsCount":0,"shouldDisplayMessage":false,"attachmentStep":false,"stepsCount":0}],"testStage":{"status":"broken","statusMessage":"invalid selector: No selector specified\n  (Session info: chrome=140.0.7339.80)\nFor documentation on this error, please visit: https://www.selenium.dev/documentation/webdriver/troubleshooting/errors#invalid-selector-exception\nBuild info: version: '4.23.0', revision: '4df0a231af'\nSystem info: os.name: 'Windows 11', os.arch: 'amd64', os.version: '10.0', java.version: '21.0.6'\nDriver info: org.openqa.selenium.chrome.ChromeDriver\nCommand: [d8dc43c6de6be38e3f14558a1cc97bdb, findElement {using=css selector, value=}]\nCapabilities {acceptInsecureCerts: false, browserName: chrome, browserVersion: 140.0.7339.80, chrome: {chromedriverVersion: 140.0.7339.82 (bc93617e21c3..., userDataDir: C:\\Users\\raxit\\AppData\\Loca...}, fedcm:accounts: true, goog:chromeOptions: {debuggerAddress: localhost:51011}, networkConnectionEnabled: false, pageLoadStrategy: normal, platformName: windows, proxy: Proxy(), se:cdp: ws://localhost:51011/devtoo..., se:cdpVersion: 140.0.7339.80, setWindowRect: true, strictFileInteractability: false, timeouts: {implicit: 0, pageLoad: 300000, script: 30000}, unhandledPromptBehavior: dismiss and notify, webauthn:extension:credBlob: true, webauthn:extension:largeBlob: true, webauthn:extension:minPinLength: true, webauthn:extension:prf: true, webauthn:virtualAuthenticators: true}\nSession ID: d8dc43c6de6be38e3f14558a1cc97bdb","statusTrace":"org.openqa.selenium.InvalidSelectorException: invalid selector: No selector specified\n  (Session info: chrome=140.0.7339.80)\nFor documentation on this error, please visit: https://www.selenium.dev/documentation/webdriver/troubleshooting/errors#invalid-selector-exception\nBuild info: version: '4.23.0', revision: '4df0a231af'\nSystem info: os.name: 'Windows 11', os.arch: 'amd64', os.version: '10.0', java.version: '21.0.6'\nDriver info: org.openqa.selenium.chrome.ChromeDriver\nCommand: [d8dc43c6de6be38e3f14558a1cc97bdb, findElement {using=css selector, value=}]\nCapabilities {acceptInsecureCerts: false, browserName: chrome, browserVersion: 140.0.7339.80, chrome: {chromedriverVersion: 140.0.7339.82 (bc93617e21c3..., userDataDir: C:\\Users\\raxit\\AppData\\Loca...}, fedcm:accounts: true, goog:chromeOptions: {debuggerAddress: localhost:51011}, networkConnectionEnabled: false, pageLoadStrategy: normal, platformName: windows, proxy: Proxy(), se:cdp: ws://localhost:51011/devtoo..., se:cdpVersion: 140.0.7339.80, setWindowRect: true, strictFileInteractability: false, timeouts: {implicit: 0, pageLoad: 300000, script: 30000}, unhandledPromptBehavior: dismiss and notify, webauthn:extension:credBlob: true, webauthn:extension:largeBlob: true, webauthn:extension:minPinLength: true, webauthn:extension:prf: true, webauthn:virtualAuthenticators: true}\nSession ID: d8dc43c6de6be38e3f14558a1cc97bdb\r\n\tat java.base/jdk.internal.reflect.DirectConstructorHandleAccessor.newInstance(DirectConstructorHandleAccessor.java:62)\r\n\tat java.base/java.lang.reflect.Constructor.newInstanceWithCaller(Constructor.java:502)\r\n\tat java.base/java.lang.reflect.Constructor.newInstance(Constructor.java:486)\r\n\tat org.openqa.selenium.remote.ErrorCodec.decode(ErrorCodec.java:167)\r\n\tat org.openqa.selenium.remote.codec.w3c.W3CHttpResponseCodec.decode(W3CHttpResponseCodec.java:138)\r\n\tat org.openqa.selenium.remote.codec.w3c.W3CHttpResponseCodec.decode(W3CHttpResponseCodec.java:50)\r\n\tat org.openqa.selenium.remote.HttpCommandExecutor.execute(HttpCommandExecutor.java:190)\r\n\tat org.openqa.selenium.remote.service.DriverCommandExecutor.invokeExecute(DriverCommandExecutor.java:216)\r\n\tat org.openqa.selenium.remote.service.DriverCommandExecutor.execute(DriverCommandExecutor.java:174)\r\n\tat org.openqa.selenium.remote.RemoteWebDriver.execute(RemoteWebDriver.java:527)\r\n\tat org.openqa.selenium.remote.ElementLocation$ElementFinder$2.findElement(ElementLocation.java:165)\r\n\tat org.openqa.selenium.remote.ElementLocation.findElement(ElementLocation.java:59)\r\n\tat org.openqa.selenium.remote.RemoteWebDriver.findElement(RemoteWebDriver.java:357)\r\n\tat org.openqa.selenium.remote.RemoteWebDriver.findElement(RemoteWebDriver.java:351)\r\n\tat org.openqa.selenium.support.ui.ExpectedConditions$7.apply(ExpectedConditions.java:194)\r\n\tat org.openqa.selenium.support.ui.ExpectedConditions$7.apply(ExpectedConditions.java:190)\r\n\tat org.openqa.selenium.support.ui.ExpectedConditions$22.apply(ExpectedConditions.java:627)\r\n\tat org.openqa.selenium.support.ui.ExpectedConditions$22.apply(ExpectedConditions.java:624)\r\n\tat org.openqa.selenium.support.ui.FluentWait.until(FluentWait.java:203)\r\n\tat tests.Test_2.testSignIn(Test_2.java:49)\r\n\tat java.base/jdk.internal.reflect.DirectMethodHandleAccessor.invoke(DirectMethodHandleAccessor.java:103)\r\n\tat java.base/java.lang.reflect.Method.invoke(Method.java:580)\r\n\tat org.testng.internal.invokers.MethodInvocationHelper.invokeMethod(MethodInvocationHelper.java:141)\r\n\tat org.testng.internal.invokers.TestInvoker.invokeMethod(TestInvoker.java:686)\r\n\tat org.testng.internal.invokers.TestInvoker.invokeTestMethod(TestInvoker.java:230)\r\n\tat org.testng.internal.invokers.MethodRunner.runInSequence(MethodRunner.java:63)\r\n\tat org.testng.internal.invokers.TestInvoker$MethodInvocationAgent.invoke(TestInvoker.java:992)\r\n\tat org.testng.internal.invokers.TestInvoker.invokeTestMethods(TestInvoker.java:203)\r\n\tat org.testng.internal.invokers.TestMethodWorker.invokeTestMethods(TestMethodWorker.java:154)\r\n\tat org.testng.internal.invokers.TestMethodWorker.run(TestMethodWorker.java:134)\r\n\tat java.base/java.util.ArrayList.forEach(ArrayList.java:1596)\r\n\tat org.testng.TestRunner.privateRun(TestRunner.java:739)\r\n\tat org.testng.TestRunner.run(TestRunner.java:614)\r\n\tat org.testng.SuiteRunner.runTest(SuiteRunner.java:421)\r\n\tat org.testng.SuiteRunner$SuiteWorker.run(SuiteRunner.java:463)\r\n\tat org.testng.internal.thread.ThreadUtil.lambda$execute$0(ThreadUtil.java:64)\r\n\tat java.base/java.util.concurrent.FutureTask.run(FutureTask.java:317)\r\n\tat java.base/java.util.concurrent.ThreadPoolExecutor.runWorker(ThreadPoolExecutor.java:1144)\r\n\tat java.base/java.util.concurrent.ThreadPoolExecutor$Worker.run(ThreadPoolExecutor.java:642)\r\n\tat java.base/java.lang.Thread.run(Thread.java:1583)\r\n","steps":[],"attachments":[{"uid":"81835ffc2c25f8c7","name":"Test Started","source":"81835ffc2c25f8c7.txt","type":"text/plain","size":69},{"uid":"ce703f4599954337","name":"Video","source":"ce703f4599954337.txt","type":"text/plain","size":112},{"uid":"2b3dbefd7a87f5cc","name":"Environment Info (Updated)","source":"2b3dbefd7a87f5cc.txt","type":"text/plain","size":216},{"uid":"2ea12e019425776b","name":"Test Failed","source":"2ea12e019425776b.txt","type":"text/plain","size":1389},{"uid":"4a5a0631f7fb9b7f","name":"URL","source":"4a5a0631f7fb9b7f.txt","type":"text/plain","size":50},{"uid":"f35939b653eb5d58","name":"Screenshot saved to","source":"f35939b653eb5d58.txt","type":"text/plain","size":107},{"uid":"3f29c601faee3d61","name":"Screenshot | testSignIn | chrome 140.0.7339.80 | 20250917_131617_602","source":"3f29c601faee3d61.png","type":"image/png","size":52692},{"uid":"ee1a05675f0cab18","name":"Page Source","source":"ee1a05675f0cab18.html","type":"text/html","size":22669},{"uid":"eed798de84706b86","name":"Browser Console","source":"eed798de84706b86.txt","type":"text/plain","size":522},{"uid":"e94536bd64fd8041","name":"Video | tests.Test_2.testSignIn__20250917_131616_467.mov","source":"e94536bd64fd8041.mov","type":"video/quicktime","size":737810},{"uid":"641a21d992cdf50","name":"Environment Info (Updated)","source":"641a21d992cdf50.txt","type":"text/plain","size":216}],"parameters":[],"hasContent":true,"attachmentsCount":11,"shouldDisplayMessage":true,"attachmentStep":false,"stepsCount":0},"afterStages":[{"name":"tearDown","time":{"start":1758095179233,"stop":1758095179501,"duration":268},"description":"","status":"passed","steps":[],"attachments":[],"parameters":[],"hasContent":false,"attachmentsCount":0,"shouldDisplayMessage":false,"attachmentStep":false,"stepsCount":0}],"labels":[{"name":"package","value":"tests.Test_2"},{"name":"testClass","value":"tests.Test_2"},{"name":"testMethod","value":"testSignIn"},{"name":"parentSuite","value":"ParallelBrowserSuite"},{"name":"suite","value":"ChromeTest"},{"name":"subSuite","value":"tests.Test_2"},{"name":"host","value":"RAXIT"},{"name":"thread","value":"41660@RAXIT.TestNG-tests-1(47)"},{"name":"framework","value":"testng"},{"name":"language","value":"java"},{"name":"status","value":"failed"},{"name":"resultFormat","value":"allure2"}],"parameters":[{"name":"arg0","value":"emptyuser"},{"name":"arg1","value":""},{"name":"arg2","value":"negative"},{"name":"arg3","value":"Username is required"},{"name":"browser","value":"chrome"},{"name":"method","value":"testSignIn"}],"links":[],"hidden":false,"retry":false,"extra":{"severity":"normal","retries":[{"uid":"864e647b722604e","status":"passed","time":{"start":1758094893824,"stop":1758094895669,"duration":1845}}],"categories":[{"name":"Test defects","matchedStatuses":[]}],"history":{"statistic":{"failed":0,"broken":3,"skipped":0,"passed":7,"unknown":0,"total":10},"items":[{"uid":"c868b2b0bd11455f","reportUrl":"http://localhost:9090/job/pet_store_selenium/11/allure/#testresult/c868b2b0bd11455f","status":"passed","time":{"start":1758094893824,"stop":1758094895669,"duration":1845}},{"uid":"6dc630ad519f2577","reportUrl":"http://localhost:9090/job/pet_store_selenium/10/allure/#testresult/6dc630ad519f2577","status":"passed","time":{"start":1758094525027,"stop":1758094526526,"duration":1499}},{"uid":"a9d9b01ad073ad3f","reportUrl":"http://localhost:9090/job/pet_store_selenium/8/allure/#testresult/a9d9b01ad073ad3f","status":"passed","time":{"start":1758093914281,"stop":1758093916191,"duration":1910}},{"uid":"12ba619d92ec3d46","reportUrl":"http://localhost:9090/job/pet_store_selenium/7/allure/#testresult/12ba619d92ec3d46","status":"passed","time":{"start":1758093439701,"stop":1758093441969,"duration":2268}},{"uid":"2943f170124b2a79","reportUrl":"http://localhost:9090/job/pet_store_selenium/5/allure/#testresult/2943f170124b2a79","status":"passed","time":{"start":1758092922840,"stop":1758092924793,"duration":1953}},{"uid":"48b80a92f78f7c44","reportUrl":"http://localhost:9090/job/pet_store_selenium/4/allure/#testresult/48b80a92f78f7c44","status":"broken","statusDetails":"invalid selector: No selector specified\n  (Session info: chrome=140.0.7339.80)\nFor documentation on this error, please visit: https://www.selenium.dev/documentation/webdriver/troubleshooting/errors#invalid-selector-exception\nBuild info: version: '4.23.0', revision: '4df0a231af'\nSystem info: os.name: 'Windows 11', os.arch: 'amd64', os.version: '10.0', java.version: '21.0.6'\nDriver info: org.openqa.selenium.chrome.ChromeDriver\nCommand: [c8a20008b562fb56b41f7893c94546b8, findElement {value=, using=css selector}]\nCapabilities {acceptInsecureCerts: false, browserName: chrome, browserVersion: 140.0.7339.80, chrome: {chromedriverVersion: 140.0.7339.82 (bc93617e21c3..., userDataDir: C:\\Users\\raxit\\AppData\\Loca...}, fedcm:accounts: true, goog:chromeOptions: {debuggerAddress: localhost:51691}, networkConnectionEnabled: false, pageLoadStrategy: normal, platformName: windows, proxy: Proxy(), se:cdp: ws://localhost:51691/devtoo..., se:cdpVersion: 140.0.7339.80, setWindowRect: true, strictFileInteractability: false, timeouts: {implicit: 0, pageLoad: 300000, script: 30000}, unhandledPromptBehavior: dismiss and notify, webauthn:extension:credBlob: true, webauthn:extension:largeBlob: true, webauthn:extension:minPinLength: true, webauthn:extension:prf: true, webauthn:virtualAuthenticators: true}\nSession ID: c8a20008b562fb56b41f7893c94546b8","time":{"start":1758092455349,"stop":1758092457215,"duration":1866}},{"uid":"1a58ababf2ee46fd","reportUrl":"http://localhost:9090/job/pet_store_selenium/3/allure/#testresult/1a58ababf2ee46fd","status":"broken","statusDetails":"invalid selector: No selector specified\n  (Session info: chrome=140.0.7339.80)\nFor documentation on this error, please visit: https://www.selenium.dev/documentation/webdriver/troubleshooting/errors#invalid-selector-exception\nBuild info: version: '4.23.0', revision: '4df0a231af'\nSystem info: os.name: 'Windows 11', os.arch: 'amd64', os.version: '10.0', java.version: '21.0.6'\nDriver info: org.openqa.selenium.chrome.ChromeDriver\nCommand: [beecd1540f52711547af140464ecc15d, findElement {value=, using=css selector}]\nCapabilities {acceptInsecureCerts: false, browserName: chrome, browserVersion: 140.0.7339.80, chrome: {chromedriverVersion: 140.0.7339.82 (bc93617e21c3..., userDataDir: C:\\Users\\raxit\\AppData\\Loca...}, fedcm:accounts: true, goog:chromeOptions: {debuggerAddress: localhost:55713}, networkConnectionEnabled: false, pageLoadStrategy: normal, platformName: windows, proxy: Proxy(), se:cdp: ws://localhost:55713/devtoo..., se:cdpVersion: 140.0.7339.80, setWindowRect: true, strictFileInteractability: false, timeouts: {implicit: 0, pageLoad: 300000, script: 30000}, unhandledPromptBehavior: dismiss and notify, webauthn:extension:credBlob: true, webauthn:extension:largeBlob: true, webauthn:extension:minPinLength: true, webauthn:extension:prf: true, webauthn:virtualAuthenticators: true}\nSession ID: beecd1540f52711547af140464ecc15d","time":{"start":1758091484050,"stop":1758091485862,"duration":1812}},{"uid":"732ce8fcafb45f01","reportUrl":"http://localhost:9090/job/pet_store_selenium/2/allure/#testresult/732ce8fcafb45f01","status":"passed","time":{"start":1758091173943,"stop":1758091176118,"duration":2175}},{"uid":"52ab6dcd10cfacff","reportUrl":"http://localhost:9090/job/pet_store_selenium/1/allure/#testresult/52ab6dcd10cfacff","status":"passed","time":{"start":1758090722263,"stop":1758090725343,"duration":3080}}]},"tags":[]},"source":"110ddbf69038eb15.json","parameterValues":["emptyuser","","negative","Username is required","chrome","testSignIn"]}