{"uid":"a2348182159e6ade","name":"testSignIn","fullName":"tests.Test_2.testSignIn","historyId":"3018a139639296e067d3eadcae74acf3","time":{"start":1758095172784,"stop":1758095174039,"duration":1255},"status":"broken","statusMessage":"Given css selector expression \"\" is invalid: InvalidSelectorError: Document.querySelector: '' is not a valid selector: \"\"\nFor documentation on this error, please visit: https://www.selenium.dev/documentation/webdriver/troubleshooting/errors#invalid-selector-exception\nBuild info: version: '4.23.0', revision: '4df0a231af'\nSystem info: os.name: 'Windows 11', os.arch: 'amd64', os.version: '10.0', java.version: '21.0.6'\nDriver info: org.openqa.selenium.firefox.FirefoxDriver\nCommand: [ccf7e774-0e07-49f8-8129-fac32e2259c2, findElement {using=css selector, value=}]\nCapabilities {acceptInsecureCerts: true, browserName: firefox, browserVersion: 142.0.1, moz:accessibilityChecks: false, moz:buildID: 20250827004350, moz:geckodriverVersion: 0.36.0, moz:headless: false, moz:platformVersion: 10.0, moz:processID: 31716, moz:profile: C:\\Users\\raxit\\AppData\\Loca..., moz:shutdownTimeout: 60000, moz:webdriverClick: true, moz:windowless: false, pageLoadStrategy: normal, platformName: windows, proxy: Proxy(), setWindowRect: true, strictFileInteractability: false, timeouts: {implicit: 0, pageLoad: 300000, script: 30000}, unhandledPromptBehavior: dismiss and notify, userAgent: Mozilla/5.0 (Windows NT 10....}\nSession ID: ccf7e774-0e07-49f8-8129-fac32e2259c2","statusTrace":"org.openqa.selenium.InvalidSelectorException: Given css selector expression \"\" is invalid: InvalidSelectorError: Document.querySelector: '' is not a valid selector: \"\"\nFor documentation on this error, please visit: https://www.selenium.dev/documentation/webdriver/troubleshooting/errors#invalid-selector-exception\nBuild info: version: '4.23.0', revision: '4df0a231af'\nSystem info: os.name: 'Windows 11', os.arch: 'amd64', os.version: '10.0', java.version: '21.0.6'\nDriver info: org.openqa.selenium.firefox.FirefoxDriver\nCommand: [ccf7e774-0e07-49f8-8129-fac32e2259c2, findElement {using=css selector, value=}]\nCapabilities {acceptInsecureCerts: true, browserName: firefox, browserVersion: 142.0.1, moz:accessibilityChecks: false, moz:buildID: 20250827004350, moz:geckodriverVersion: 0.36.0, moz:headless: false, moz:platformVersion: 10.0, moz:processID: 31716, moz:profile: C:\\Users\\raxit\\AppData\\Loca..., moz:shutdownTimeout: 60000, moz:webdriverClick: true, moz:windowless: false, pageLoadStrategy: normal, platformName: windows, proxy: Proxy(), setWindowRect: true, strictFileInteractability: false, timeouts: {implicit: 0, pageLoad: 300000, script: 30000}, unhandledPromptBehavior: dismiss and notify, userAgent: Mozilla/5.0 (Windows NT 10....}\nSession ID: ccf7e774-0e07-49f8-8129-fac32e2259c2\r\n\tat java.base/jdk.internal.reflect.DirectConstructorHandleAccessor.newInstance(DirectConstructorHandleAccessor.java:62)\r\n\tat java.base/java.lang.reflect.Constructor.newInstanceWithCaller(Constructor.java:502)\r\n\tat java.base/java.lang.reflect.Constructor.newInstance(Constructor.java:486)\r\n\tat org.openqa.selenium.remote.ErrorCodec.decode(ErrorCodec.java:167)\r\n\tat org.openqa.selenium.remote.codec.w3c.W3CHttpResponseCodec.decode(W3CHttpResponseCodec.java:138)\r\n\tat org.openqa.selenium.remote.codec.w3c.W3CHttpResponseCodec.decode(W3CHttpResponseCodec.java:50)\r\n\tat org.openqa.selenium.remote.HttpCommandExecutor.execute(HttpCommandExecutor.java:190)\r\n\tat org.openqa.selenium.remote.service.DriverCommandExecutor.invokeExecute(DriverCommandExecutor.java:216)\r\n\tat org.openqa.selenium.remote.service.DriverCommandExecutor.execute(DriverCommandExecutor.java:174)\r\n\tat org.openqa.selenium.remote.RemoteWebDriver.execute(RemoteWebDriver.java:527)\r\n\tat org.openqa.selenium.remote.ElementLocation$ElementFinder$2.findElement(ElementLocation.java:165)\r\n\tat org.openqa.selenium.remote.ElementLocation.findElement(ElementLocation.java:59)\r\n\tat org.openqa.selenium.remote.RemoteWebDriver.findElement(RemoteWebDriver.java:357)\r\n\tat org.openqa.selenium.remote.RemoteWebDriver.findElement(RemoteWebDriver.java:351)\r\n\tat org.openqa.selenium.support.ui.ExpectedConditions$7.apply(ExpectedConditions.java:194)\r\n\tat org.openqa.selenium.support.ui.ExpectedConditions$7.apply(ExpectedConditions.java:190)\r\n\tat org.openqa.selenium.support.ui.ExpectedConditions$22.apply(ExpectedConditions.java:627)\r\n\tat org.openqa.selenium.support.ui.ExpectedConditions$22.apply(ExpectedConditions.java:624)\r\n\tat org.openqa.selenium.support.ui.FluentWait.until(FluentWait.java:203)\r\n\tat tests.Test_2.testSignIn(Test_2.java:49)\r\n\tat java.base/jdk.internal.reflect.DirectMethodHandleAccessor.invoke(DirectMethodHandleAccessor.java:103)\r\n\tat java.base/java.lang.reflect.Method.invoke(Method.java:580)\r\n\tat org.testng.internal.invokers.MethodInvocationHelper.invokeMethod(MethodInvocationHelper.java:141)\r\n\tat org.testng.internal.invokers.TestInvoker.invokeMethod(TestInvoker.java:686)\r\n\tat org.testng.internal.invokers.TestInvoker.invokeTestMethod(TestInvoker.java:230)\r\n\tat org.testng.internal.invokers.MethodRunner.runInSequence(MethodRunner.java:63)\r\n\tat org.testng.internal.invokers.TestInvoker$MethodInvocationAgent.invoke(TestInvoker.java:992)\r\n\tat org.testng.internal.invokers.TestInvoker.invokeTestMethods(TestInvoker.java:203)\r\n\tat org.testng.internal.invokers.TestMethodWorker.invokeTestMethods(TestMethodWorker.java:154)\r\n\tat org.testng.internal.invokers.TestMethodWorker.run(TestMethodWorker.java:134)\r\n\tat java.base/java.util.ArrayList.forEach(ArrayList.java:1596)\r\n\tat org.testng.TestRunner.privateRun(TestRunner.java:739)\r\n\tat org.testng.TestRunner.run(TestRunner.java:614)\r\n\tat org.testng.SuiteRunner.runTest(SuiteRunner.java:421)\r\n\tat org.testng.SuiteRunner$SuiteWorker.run(SuiteRunner.java:463)\r\n\tat org.testng.internal.thread.ThreadUtil.lambda$execute$0(ThreadUtil.java:64)\r\n\tat java.base/java.util.concurrent.FutureTask.run(FutureTask.java:317)\r\n\tat java.base/java.util.concurrent.ThreadPoolExecutor.runWorker(ThreadPoolExecutor.java:1144)\r\n\tat java.base/java.util.concurrent.ThreadPoolExecutor$Worker.run(ThreadPoolExecutor.java:642)\r\n\tat java.base/java.lang.Thread.run(Thread.java:1583)\r\n","flaky":false,"newFailed":false,"newBroken":true,"newPassed":false,"retriesCount":1,"retriesStatusChange":true,"beforeStages":[{"name":"setUp","time":{"start":1758095165506,"stop":1758095172308,"duration":6802},"description":"","status":"passed","steps":[],"attachments":[],"parameters":[],"hasContent":false,"attachmentsCount":0,"shouldDisplayMessage":false,"attachmentStep":false,"stepsCount":0},{"name":"resetState","time":{"start":1758095172317,"stop":1758095172777,"duration":460},"description":"","status":"passed","steps":[],"attachments":[],"parameters":[],"hasContent":false,"attachmentsCount":0,"shouldDisplayMessage":false,"attachmentStep":false,"stepsCount":0}],"testStage":{"status":"broken","statusMessage":"Given css selector expression \"\" is invalid: InvalidSelectorError: Document.querySelector: '' is not a valid selector: \"\"\nFor documentation on this error, please visit: https://www.selenium.dev/documentation/webdriver/troubleshooting/errors#invalid-selector-exception\nBuild info: version: '4.23.0', revision: '4df0a231af'\nSystem info: os.name: 'Windows 11', os.arch: 'amd64', os.version: '10.0', java.version: '21.0.6'\nDriver info: org.openqa.selenium.firefox.FirefoxDriver\nCommand: [ccf7e774-0e07-49f8-8129-fac32e2259c2, findElement {using=css selector, value=}]\nCapabilities {acceptInsecureCerts: true, browserName: firefox, browserVersion: 142.0.1, moz:accessibilityChecks: false, moz:buildID: 20250827004350, moz:geckodriverVersion: 0.36.0, moz:headless: false, moz:platformVersion: 10.0, moz:processID: 31716, moz:profile: C:\\Users\\raxit\\AppData\\Loca..., moz:shutdownTimeout: 60000, moz:webdriverClick: true, moz:windowless: false, pageLoadStrategy: normal, platformName: windows, proxy: Proxy(), setWindowRect: true, strictFileInteractability: false, timeouts: {implicit: 0, pageLoad: 300000, script: 30000}, unhandledPromptBehavior: dismiss and notify, userAgent: Mozilla/5.0 (Windows NT 10....}\nSession ID: ccf7e774-0e07-49f8-8129-fac32e2259c2","statusTrace":"org.openqa.selenium.InvalidSelectorException: Given css selector expression \"\" is invalid: InvalidSelectorError: Document.querySelector: '' is not a valid selector: \"\"\nFor documentation on this error, please visit: https://www.selenium.dev/documentation/webdriver/troubleshooting/errors#invalid-selector-exception\nBuild info: version: '4.23.0', revision: '4df0a231af'\nSystem info: os.name: 'Windows 11', os.arch: 'amd64', os.version: '10.0', java.version: '21.0.6'\nDriver info: org.openqa.selenium.firefox.FirefoxDriver\nCommand: [ccf7e774-0e07-49f8-8129-fac32e2259c2, findElement {using=css selector, value=}]\nCapabilities {acceptInsecureCerts: true, browserName: firefox, browserVersion: 142.0.1, moz:accessibilityChecks: false, moz:buildID: 20250827004350, moz:geckodriverVersion: 0.36.0, moz:headless: false, moz:platformVersion: 10.0, moz:processID: 31716, moz:profile: C:\\Users\\raxit\\AppData\\Loca..., moz:shutdownTimeout: 60000, moz:webdriverClick: true, moz:windowless: false, pageLoadStrategy: normal, platformName: windows, proxy: Proxy(), setWindowRect: true, strictFileInteractability: false, timeouts: {implicit: 0, pageLoad: 300000, script: 30000}, unhandledPromptBehavior: dismiss and notify, userAgent: Mozilla/5.0 (Windows NT 10....}\nSession ID: ccf7e774-0e07-49f8-8129-fac32e2259c2\r\n\tat java.base/jdk.internal.reflect.DirectConstructorHandleAccessor.newInstance(DirectConstructorHandleAccessor.java:62)\r\n\tat java.base/java.lang.reflect.Constructor.newInstanceWithCaller(Constructor.java:502)\r\n\tat java.base/java.lang.reflect.Constructor.newInstance(Constructor.java:486)\r\n\tat org.openqa.selenium.remote.ErrorCodec.decode(ErrorCodec.java:167)\r\n\tat org.openqa.selenium.remote.codec.w3c.W3CHttpResponseCodec.decode(W3CHttpResponseCodec.java:138)\r\n\tat org.openqa.selenium.remote.codec.w3c.W3CHttpResponseCodec.decode(W3CHttpResponseCodec.java:50)\r\n\tat org.openqa.selenium.remote.HttpCommandExecutor.execute(HttpCommandExecutor.java:190)\r\n\tat org.openqa.selenium.remote.service.DriverCommandExecutor.invokeExecute(DriverCommandExecutor.java:216)\r\n\tat org.openqa.selenium.remote.service.DriverCommandExecutor.execute(DriverCommandExecutor.java:174)\r\n\tat org.openqa.selenium.remote.RemoteWebDriver.execute(RemoteWebDriver.java:527)\r\n\tat org.openqa.selenium.remote.ElementLocation$ElementFinder$2.findElement(ElementLocation.java:165)\r\n\tat org.openqa.selenium.remote.ElementLocation.findElement(ElementLocation.java:59)\r\n\tat org.openqa.selenium.remote.RemoteWebDriver.findElement(RemoteWebDriver.java:357)\r\n\tat org.openqa.selenium.remote.RemoteWebDriver.findElement(RemoteWebDriver.java:351)\r\n\tat org.openqa.selenium.support.ui.ExpectedConditions$7.apply(ExpectedConditions.java:194)\r\n\tat org.openqa.selenium.support.ui.ExpectedConditions$7.apply(ExpectedConditions.java:190)\r\n\tat org.openqa.selenium.support.ui.ExpectedConditions$22.apply(ExpectedConditions.java:627)\r\n\tat org.openqa.selenium.support.ui.ExpectedConditions$22.apply(ExpectedConditions.java:624)\r\n\tat org.openqa.selenium.support.ui.FluentWait.until(FluentWait.java:203)\r\n\tat tests.Test_2.testSignIn(Test_2.java:49)\r\n\tat java.base/jdk.internal.reflect.DirectMethodHandleAccessor.invoke(DirectMethodHandleAccessor.java:103)\r\n\tat java.base/java.lang.reflect.Method.invoke(Method.java:580)\r\n\tat org.testng.internal.invokers.MethodInvocationHelper.invokeMethod(MethodInvocationHelper.java:141)\r\n\tat org.testng.internal.invokers.TestInvoker.invokeMethod(TestInvoker.java:686)\r\n\tat org.testng.internal.invokers.TestInvoker.invokeTestMethod(TestInvoker.java:230)\r\n\tat org.testng.internal.invokers.MethodRunner.runInSequence(MethodRunner.java:63)\r\n\tat org.testng.internal.invokers.TestInvoker$MethodInvocationAgent.invoke(TestInvoker.java:992)\r\n\tat org.testng.internal.invokers.TestInvoker.invokeTestMethods(TestInvoker.java:203)\r\n\tat org.testng.internal.invokers.TestMethodWorker.invokeTestMethods(TestMethodWorker.java:154)\r\n\tat org.testng.internal.invokers.TestMethodWorker.run(TestMethodWorker.java:134)\r\n\tat java.base/java.util.ArrayList.forEach(ArrayList.java:1596)\r\n\tat org.testng.TestRunner.privateRun(TestRunner.java:739)\r\n\tat org.testng.TestRunner.run(TestRunner.java:614)\r\n\tat org.testng.SuiteRunner.runTest(SuiteRunner.java:421)\r\n\tat org.testng.SuiteRunner$SuiteWorker.run(SuiteRunner.java:463)\r\n\tat org.testng.internal.thread.ThreadUtil.lambda$execute$0(ThreadUtil.java:64)\r\n\tat java.base/java.util.concurrent.FutureTask.run(FutureTask.java:317)\r\n\tat java.base/java.util.concurrent.ThreadPoolExecutor.runWorker(ThreadPoolExecutor.java:1144)\r\n\tat java.base/java.util.concurrent.ThreadPoolExecutor$Worker.run(ThreadPoolExecutor.java:642)\r\n\tat java.base/java.lang.Thread.run(Thread.java:1583)\r\n","steps":[],"attachments":[{"uid":"8b66c9ce89393db5","name":"Test Started","source":"8b66c9ce89393db5.txt","type":"text/plain","size":61},{"uid":"18195490337fef97","name":"Video","source":"18195490337fef97.txt","type":"text/plain","size":112},{"uid":"7bf8ec304ad2db29","name":"Environment Info (Updated)","source":"7bf8ec304ad2db29.txt","type":"text/plain","size":216},{"uid":"9b022d8008778bca","name":"Test Failed","source":"9b022d8008778bca.txt","type":"text/plain","size":1297},{"uid":"7747fc00d1645d19","name":"URL","source":"7747fc00d1645d19.txt","type":"text/plain","size":50},{"uid":"d3204b60ccaae210","name":"Screenshot saved to","source":"d3204b60ccaae210.txt","type":"text/plain","size":102},{"uid":"9541d8f3e6e1be89","name":"Screenshot | testSignIn | firefox 142.0.1 | 20250917_131613_860","source":"9541d8f3e6e1be89.png","type":"image/png","size":102502},{"uid":"d9dc18e960d7b9e2","name":"Page Source","source":"d9dc18e960d7b9e2.html","type":"text/html","size":22669},{"uid":"ebf6f15c2bb1b5b3","name":"Browser Console","source":"ebf6f15c2bb1b5b3.txt","type":"text/plain","size":1045},{"uid":"968843e0ee7a60b","name":"Video | tests.Test_2.testSignIn__20250917_131612_788.mov","source":"968843e0ee7a60b.mov","type":"video/quicktime","size":615430},{"uid":"10a0656ada14773d","name":"Environment Info (Updated)","source":"10a0656ada14773d.txt","type":"text/plain","size":216}],"parameters":[],"hasContent":true,"attachmentsCount":11,"shouldDisplayMessage":true,"attachmentStep":false,"stepsCount":0},"afterStages":[{"name":"tearDown","time":{"start":1758095179869,"stop":1758095181070,"duration":1201},"description":"","status":"passed","steps":[],"attachments":[],"parameters":[],"hasContent":false,"attachmentsCount":0,"shouldDisplayMessage":false,"attachmentStep":false,"stepsCount":0}],"labels":[{"name":"package","value":"tests.Test_2"},{"name":"testClass","value":"tests.Test_2"},{"name":"testMethod","value":"testSignIn"},{"name":"parentSuite","value":"ParallelBrowserSuite"},{"name":"suite","value":"FirefoxTest"},{"name":"subSuite","value":"tests.Test_2"},{"name":"host","value":"RAXIT"},{"name":"thread","value":"41660@RAXIT.TestNG-tests-2(48)"},{"name":"framework","value":"testng"},{"name":"language","value":"java"},{"name":"status","value":"failed"},{"name":"resultFormat","value":"allure2"}],"parameters":[{"name":"arg0","value":"validuser1"},{"name":"arg1","value":"Password123"},{"name":"arg2","value":"positive"},{"name":"arg3","value":""},{"name":"browser","value":"firefox"},{"name":"method","value":"testSignIn"}],"links":[],"hidden":false,"retry":false,"extra":{"severity":"normal","retries":[{"uid":"445b3121adf3d463","status":"passed","time":{"start":1758094887873,"stop":1758094889466,"duration":1593}}],"categories":[{"name":"Test defects","matchedStatuses":[]}],"history":{"statistic":{"failed":0,"broken":3,"skipped":0,"passed":7,"unknown":0,"total":10},"items":[{"uid":"90ef7c43e66c903c","reportUrl":"http://localhost:9090/job/pet_store_selenium/11/allure/#testresult/90ef7c43e66c903c","status":"passed","time":{"start":1758094887873,"stop":1758094889466,"duration":1593}},{"uid":"80f79f33999eff81","reportUrl":"http://localhost:9090/job/pet_store_selenium/10/allure/#testresult/80f79f33999eff81","status":"passed","time":{"start":1758094492574,"stop":1758094494025,"duration":1451}},{"uid":"b75d82e1bc919db0","reportUrl":"http://localhost:9090/job/pet_store_selenium/8/allure/#testresult/b75d82e1bc919db0","status":"passed","time":{"start":1758093906081,"stop":1758093907984,"duration":1903}},{"uid":"ebf2f436af9662af","reportUrl":"http://localhost:9090/job/pet_store_selenium/7/allure/#testresult/ebf2f436af9662af","status":"passed","time":{"start":1758093445846,"stop":1758093447744,"duration":1898}},{"uid":"c7adc6617a5c4afc","reportUrl":"http://localhost:9090/job/pet_store_selenium/5/allure/#testresult/c7adc6617a5c4afc","status":"passed","time":{"start":1758092915936,"stop":1758092918539,"duration":2603}},{"uid":"203713c5a40b3279","reportUrl":"http://localhost:9090/job/pet_store_selenium/4/allure/#testresult/203713c5a40b3279","status":"broken","statusDetails":"Given css selector expression \"\" is invalid: InvalidSelectorError: Document.querySelector: '' is not a valid selector: \"\"\nFor documentation on this error, please visit: https://www.selenium.dev/documentation/webdriver/troubleshooting/errors#invalid-selector-exception\nBuild info: version: '4.23.0', revision: '4df0a231af'\nSystem info: os.name: 'Windows 11', os.arch: 'amd64', os.version: '10.0', java.version: '21.0.6'\nDriver info: org.openqa.selenium.firefox.FirefoxDriver\nCommand: [11b8ae26-c782-414b-b34a-f139bcdcc519, findElement {value=, using=css selector}]\nCapabilities {acceptInsecureCerts: true, browserName: firefox, browserVersion: 142.0.1, moz:accessibilityChecks: false, moz:buildID: 20250827004350, moz:geckodriverVersion: 0.36.0, moz:headless: false, moz:platformVersion: 10.0, moz:processID: 1760, moz:profile: C:\\Users\\raxit\\AppData\\Loca..., moz:shutdownTimeout: 60000, moz:webdriverClick: true, moz:windowless: false, pageLoadStrategy: normal, platformName: windows, proxy: Proxy(), setWindowRect: true, strictFileInteractability: false, timeouts: {implicit: 0, pageLoad: 300000, script: 30000}, unhandledPromptBehavior: dismiss and notify, userAgent: Mozilla/5.0 (Windows NT 10....}\nSession ID: 11b8ae26-c782-414b-b34a-f139bcdcc519","time":{"start":1758092452705,"stop":1758092455916,"duration":3211}},{"uid":"5a6cf31803ee1bff","reportUrl":"http://localhost:9090/job/pet_store_selenium/3/allure/#testresult/5a6cf31803ee1bff","status":"broken","statusDetails":"Given css selector expression \"\" is invalid: InvalidSelectorError: Document.querySelector: '' is not a valid selector: \"\"\nFor documentation on this error, please visit: https://www.selenium.dev/documentation/webdriver/troubleshooting/errors#invalid-selector-exception\nBuild info: version: '4.23.0', revision: '4df0a231af'\nSystem info: os.name: 'Windows 11', os.arch: 'amd64', os.version: '10.0', java.version: '21.0.6'\nDriver info: org.openqa.selenium.firefox.FirefoxDriver\nCommand: [186c3d2a-663f-4ece-94b5-4ce6188e10a1, findElement {value=, using=css selector}]\nCapabilities {acceptInsecureCerts: true, browserName: firefox, browserVersion: 142.0.1, moz:accessibilityChecks: false, moz:buildID: 20250827004350, moz:geckodriverVersion: 0.36.0, moz:headless: false, moz:platformVersion: 10.0, moz:processID: 26012, moz:profile: C:\\Users\\raxit\\AppData\\Loca..., moz:shutdownTimeout: 60000, moz:webdriverClick: true, moz:windowless: false, pageLoadStrategy: normal, platformName: windows, proxy: Proxy(), setWindowRect: true, strictFileInteractability: false, timeouts: {implicit: 0, pageLoad: 300000, script: 30000}, unhandledPromptBehavior: dismiss and notify, userAgent: Mozilla/5.0 (Windows NT 10....}\nSession ID: 186c3d2a-663f-4ece-94b5-4ce6188e10a1","time":{"start":1758091482512,"stop":1758091483796,"duration":1284}},{"uid":"20b145cfa7b5c86a","reportUrl":"http://localhost:9090/job/pet_store_selenium/2/allure/#testresult/20b145cfa7b5c86a","status":"passed","time":{"start":1758091175005,"stop":1758091177606,"duration":2601}},{"uid":"b02e80ee8a6e4785","reportUrl":"http://localhost:9090/job/pet_store_selenium/1/allure/#testresult/b02e80ee8a6e4785","status":"passed","time":{"start":1758090710607,"stop":1758090712404,"duration":1797}}]},"tags":[]},"source":"a2348182159e6ade.json","parameterValues":["validuser1","Password123","positive","","firefox","testSignIn"]}