{"uid":"fb6df3d37213a637","name":"testSignIn","fullName":"tests.Test_2.testSignIn","historyId":"3a9fdc5c337ff74cd7f3c19fcbf79aef","time":{"start":1758095176027,"stop":1758095177060,"duration":1033},"status":"broken","statusMessage":"Given css selector expression \"\" is invalid: InvalidSelectorError: Document.querySelector: '' is not a valid selector: \"\"\nFor documentation on this error, please visit: https://www.selenium.dev/documentation/webdriver/troubleshooting/errors#invalid-selector-exception\nBuild info: version: '4.23.0', revision: '4df0a231af'\nSystem info: os.name: 'Windows 11', os.arch: 'amd64', os.version: '10.0', java.version: '21.0.6'\nDriver info: org.openqa.selenium.firefox.FirefoxDriver\nCommand: [ccf7e774-0e07-49f8-8129-fac32e2259c2, findElement {using=css selector, value=}]\nCapabilities {acceptInsecureCerts: true, browserName: firefox, browserVersion: 142.0.1, moz:accessibilityChecks: false, moz:buildID: 20250827004350, moz:geckodriverVersion: 0.36.0, moz:headless: false, moz:platformVersion: 10.0, moz:processID: 31716, moz:profile: C:\\Users\\raxit\\AppData\\Loca..., moz:shutdownTimeout: 60000, moz:webdriverClick: true, moz:windowless: false, pageLoadStrategy: normal, platformName: windows, proxy: Proxy(), setWindowRect: true, strictFileInteractability: false, timeouts: {implicit: 0, pageLoad: 300000, script: 30000}, unhandledPromptBehavior: dismiss and notify, userAgent: Mozilla/5.0 (Windows NT 10....}\nSession ID: ccf7e774-0e07-49f8-8129-fac32e2259c2","statusTrace":"org.openqa.selenium.InvalidSelectorException: Given css selector expression \"\" is invalid: InvalidSelectorError: Document.querySelector: '' is not a valid selector: \"\"\nFor documentation on this error, please visit: https://www.selenium.dev/documentation/webdriver/troubleshooting/errors#invalid-selector-exception\nBuild info: version: '4.23.0', revision: '4df0a231af'\nSystem info: os.name: 'Windows 11', os.arch: 'amd64', os.version: '10.0', java.version: '21.0.6'\nDriver info: org.openqa.selenium.firefox.FirefoxDriver\nCommand: [ccf7e774-0e07-49f8-8129-fac32e2259c2, findElement {using=css selector, value=}]\nCapabilities {acceptInsecureCerts: true, browserName: firefox, browserVersion: 142.0.1, moz:accessibilityChecks: false, moz:buildID: 20250827004350, moz:geckodriverVersion: 0.36.0, moz:headless: false, moz:platformVersion: 10.0, moz:processID: 31716, moz:profile: C:\\Users\\raxit\\AppData\\Loca..., moz:shutdownTimeout: 60000, moz:webdriverClick: true, moz:windowless: false, pageLoadStrategy: normal, platformName: windows, proxy: Proxy(), setWindowRect: true, strictFileInteractability: false, timeouts: {implicit: 0, pageLoad: 300000, script: 30000}, unhandledPromptBehavior: dismiss and notify, userAgent: Mozilla/5.0 (Windows NT 10....}\nSession ID: ccf7e774-0e07-49f8-8129-fac32e2259c2\r\n\tat java.base/jdk.internal.reflect.DirectConstructorHandleAccessor.newInstance(DirectConstructorHandleAccessor.java:62)\r\n\tat java.base/java.lang.reflect.Constructor.newInstanceWithCaller(Constructor.java:502)\r\n\tat java.base/java.lang.reflect.Constructor.newInstance(Constructor.java:486)\r\n\tat org.openqa.selenium.remote.ErrorCodec.decode(ErrorCodec.java:167)\r\n\tat org.openqa.selenium.remote.codec.w3c.W3CHttpResponseCodec.decode(W3CHttpResponseCodec.java:138)\r\n\tat org.openqa.selenium.remote.codec.w3c.W3CHttpResponseCodec.decode(W3CHttpResponseCodec.java:50)\r\n\tat org.openqa.selenium.remote.HttpCommandExecutor.execute(HttpCommandExecutor.java:190)\r\n\tat org.openqa.selenium.remote.service.DriverCommandExecutor.invokeExecute(DriverCommandExecutor.java:216)\r\n\tat org.openqa.selenium.remote.service.DriverCommandExecutor.execute(DriverCommandExecutor.java:174)\r\n\tat org.openqa.selenium.remote.RemoteWebDriver.execute(RemoteWebDriver.java:527)\r\n\tat org.openqa.selenium.remote.ElementLocation$ElementFinder$2.findElement(ElementLocation.java:165)\r\n\tat org.openqa.selenium.remote.ElementLocation.findElement(ElementLocation.java:59)\r\n\tat org.openqa.selenium.remote.RemoteWebDriver.findElement(RemoteWebDriver.java:357)\r\n\tat org.openqa.selenium.remote.RemoteWebDriver.findElement(RemoteWebDriver.java:351)\r\n\tat org.openqa.selenium.support.ui.ExpectedConditions$7.apply(ExpectedConditions.java:194)\r\n\tat org.openqa.selenium.support.ui.ExpectedConditions$7.apply(ExpectedConditions.java:190)\r\n\tat org.openqa.selenium.support.ui.ExpectedConditions$22.apply(ExpectedConditions.java:627)\r\n\tat org.openqa.selenium.support.ui.ExpectedConditions$22.apply(ExpectedConditions.java:624)\r\n\tat org.openqa.selenium.support.ui.FluentWait.until(FluentWait.java:203)\r\n\tat tests.Test_2.testSignIn(Test_2.java:49)\r\n\tat java.base/jdk.internal.reflect.DirectMethodHandleAccessor.invoke(DirectMethodHandleAccessor.java:103)\r\n\tat java.base/java.lang.reflect.Method.invoke(Method.java:580)\r\n\tat org.testng.internal.invokers.MethodInvocationHelper.invokeMethod(MethodInvocationHelper.java:141)\r\n\tat org.testng.internal.invokers.TestInvoker.invokeMethod(TestInvoker.java:686)\r\n\tat org.testng.internal.invokers.TestInvoker.invokeTestMethod(TestInvoker.java:230)\r\n\tat org.testng.internal.invokers.MethodRunner.runInSequence(MethodRunner.java:63)\r\n\tat org.testng.internal.invokers.TestInvoker$MethodInvocationAgent.invoke(TestInvoker.java:992)\r\n\tat org.testng.internal.invokers.TestInvoker.invokeTestMethods(TestInvoker.java:203)\r\n\tat org.testng.internal.invokers.TestMethodWorker.invokeTestMethods(TestMethodWorker.java:154)\r\n\tat org.testng.internal.invokers.TestMethodWorker.run(TestMethodWorker.java:134)\r\n\tat java.base/java.util.ArrayList.forEach(ArrayList.java:1596)\r\n\tat org.testng.TestRunner.privateRun(TestRunner.java:739)\r\n\tat org.testng.TestRunner.run(TestRunner.java:614)\r\n\tat org.testng.SuiteRunner.runTest(SuiteRunner.java:421)\r\n\tat org.testng.SuiteRunner$SuiteWorker.run(SuiteRunner.java:463)\r\n\tat org.testng.internal.thread.ThreadUtil.lambda$execute$0(ThreadUtil.java:64)\r\n\tat java.base/java.util.concurrent.FutureTask.run(FutureTask.java:317)\r\n\tat java.base/java.util.concurrent.ThreadPoolExecutor.runWorker(ThreadPoolExecutor.java:1144)\r\n\tat java.base/java.util.concurrent.ThreadPoolExecutor$Worker.run(ThreadPoolExecutor.java:642)\r\n\tat java.base/java.lang.Thread.run(Thread.java:1583)\r\n","flaky":false,"newFailed":false,"newBroken":true,"newPassed":false,"retriesCount":1,"retriesStatusChange":true,"beforeStages":[{"name":"setUp","time":{"start":1758095165506,"stop":1758095172308,"duration":6802},"description":"","status":"passed","steps":[],"attachments":[],"parameters":[],"hasContent":false,"attachmentsCount":0,"shouldDisplayMessage":false,"attachmentStep":false,"stepsCount":0},{"name":"resetState","time":{"start":1758095175564,"stop":1758095176013,"duration":449},"description":"","status":"passed","steps":[],"attachments":[],"parameters":[],"hasContent":false,"attachmentsCount":0,"shouldDisplayMessage":false,"attachmentStep":false,"stepsCount":0}],"testStage":{"status":"broken","statusMessage":"Given css selector expression \"\" is invalid: InvalidSelectorError: Document.querySelector: '' is not a valid selector: \"\"\nFor documentation on this error, please visit: https://www.selenium.dev/documentation/webdriver/troubleshooting/errors#invalid-selector-exception\nBuild info: version: '4.23.0', revision: '4df0a231af'\nSystem info: os.name: 'Windows 11', os.arch: 'amd64', os.version: '10.0', java.version: '21.0.6'\nDriver info: org.openqa.selenium.firefox.FirefoxDriver\nCommand: [ccf7e774-0e07-49f8-8129-fac32e2259c2, findElement {using=css selector, value=}]\nCapabilities {acceptInsecureCerts: true, browserName: firefox, browserVersion: 142.0.1, moz:accessibilityChecks: false, moz:buildID: 20250827004350, moz:geckodriverVersion: 0.36.0, moz:headless: false, moz:platformVersion: 10.0, moz:processID: 31716, moz:profile: C:\\Users\\raxit\\AppData\\Loca..., moz:shutdownTimeout: 60000, moz:webdriverClick: true, moz:windowless: false, pageLoadStrategy: normal, platformName: windows, proxy: Proxy(), setWindowRect: true, strictFileInteractability: false, timeouts: {implicit: 0, pageLoad: 300000, script: 30000}, unhandledPromptBehavior: dismiss and notify, userAgent: Mozilla/5.0 (Windows NT 10....}\nSession ID: ccf7e774-0e07-49f8-8129-fac32e2259c2","statusTrace":"org.openqa.selenium.InvalidSelectorException: Given css selector expression \"\" is invalid: InvalidSelectorError: Document.querySelector: '' is not a valid selector: \"\"\nFor documentation on this error, please visit: https://www.selenium.dev/documentation/webdriver/troubleshooting/errors#invalid-selector-exception\nBuild info: version: '4.23.0', revision: '4df0a231af'\nSystem info: os.name: 'Windows 11', os.arch: 'amd64', os.version: '10.0', java.version: '21.0.6'\nDriver info: org.openqa.selenium.firefox.FirefoxDriver\nCommand: [ccf7e774-0e07-49f8-8129-fac32e2259c2, findElement {using=css selector, value=}]\nCapabilities {acceptInsecureCerts: true, browserName: firefox, browserVersion: 142.0.1, moz:accessibilityChecks: false, moz:buildID: 20250827004350, moz:geckodriverVersion: 0.36.0, moz:headless: false, moz:platformVersion: 10.0, moz:processID: 31716, moz:profile: C:\\Users\\raxit\\AppData\\Loca..., moz:shutdownTimeout: 60000, moz:webdriverClick: true, moz:windowless: false, pageLoadStrategy: normal, platformName: windows, proxy: Proxy(), setWindowRect: true, strictFileInteractability: false, timeouts: {implicit: 0, pageLoad: 300000, script: 30000}, unhandledPromptBehavior: dismiss and notify, userAgent: Mozilla/5.0 (Windows NT 10....}\nSession ID: ccf7e774-0e07-49f8-8129-fac32e2259c2\r\n\tat java.base/jdk.internal.reflect.DirectConstructorHandleAccessor.newInstance(DirectConstructorHandleAccessor.java:62)\r\n\tat java.base/java.lang.reflect.Constructor.newInstanceWithCaller(Constructor.java:502)\r\n\tat java.base/java.lang.reflect.Constructor.newInstance(Constructor.java:486)\r\n\tat org.openqa.selenium.remote.ErrorCodec.decode(ErrorCodec.java:167)\r\n\tat org.openqa.selenium.remote.codec.w3c.W3CHttpResponseCodec.decode(W3CHttpResponseCodec.java:138)\r\n\tat org.openqa.selenium.remote.codec.w3c.W3CHttpResponseCodec.decode(W3CHttpResponseCodec.java:50)\r\n\tat org.openqa.selenium.remote.HttpCommandExecutor.execute(HttpCommandExecutor.java:190)\r\n\tat org.openqa.selenium.remote.service.DriverCommandExecutor.invokeExecute(DriverCommandExecutor.java:216)\r\n\tat org.openqa.selenium.remote.service.DriverCommandExecutor.execute(DriverCommandExecutor.java:174)\r\n\tat org.openqa.selenium.remote.RemoteWebDriver.execute(RemoteWebDriver.java:527)\r\n\tat org.openqa.selenium.remote.ElementLocation$ElementFinder$2.findElement(ElementLocation.java:165)\r\n\tat org.openqa.selenium.remote.ElementLocation.findElement(ElementLocation.java:59)\r\n\tat org.openqa.selenium.remote.RemoteWebDriver.findElement(RemoteWebDriver.java:357)\r\n\tat org.openqa.selenium.remote.RemoteWebDriver.findElement(RemoteWebDriver.java:351)\r\n\tat org.openqa.selenium.support.ui.ExpectedConditions$7.apply(ExpectedConditions.java:194)\r\n\tat org.openqa.selenium.support.ui.ExpectedConditions$7.apply(ExpectedConditions.java:190)\r\n\tat org.openqa.selenium.support.ui.ExpectedConditions$22.apply(ExpectedConditions.java:627)\r\n\tat org.openqa.selenium.support.ui.ExpectedConditions$22.apply(ExpectedConditions.java:624)\r\n\tat org.openqa.selenium.support.ui.FluentWait.until(FluentWait.java:203)\r\n\tat tests.Test_2.testSignIn(Test_2.java:49)\r\n\tat java.base/jdk.internal.reflect.DirectMethodHandleAccessor.invoke(DirectMethodHandleAccessor.java:103)\r\n\tat java.base/java.lang.reflect.Method.invoke(Method.java:580)\r\n\tat org.testng.internal.invokers.MethodInvocationHelper.invokeMethod(MethodInvocationHelper.java:141)\r\n\tat org.testng.internal.invokers.TestInvoker.invokeMethod(TestInvoker.java:686)\r\n\tat org.testng.internal.invokers.TestInvoker.invokeTestMethod(TestInvoker.java:230)\r\n\tat org.testng.internal.invokers.MethodRunner.runInSequence(MethodRunner.java:63)\r\n\tat org.testng.internal.invokers.TestInvoker$MethodInvocationAgent.invoke(TestInvoker.java:992)\r\n\tat org.testng.internal.invokers.TestInvoker.invokeTestMethods(TestInvoker.java:203)\r\n\tat org.testng.internal.invokers.TestMethodWorker.invokeTestMethods(TestMethodWorker.java:154)\r\n\tat org.testng.internal.invokers.TestMethodWorker.run(TestMethodWorker.java:134)\r\n\tat java.base/java.util.ArrayList.forEach(ArrayList.java:1596)\r\n\tat org.testng.TestRunner.privateRun(TestRunner.java:739)\r\n\tat org.testng.TestRunner.run(TestRunner.java:614)\r\n\tat org.testng.SuiteRunner.runTest(SuiteRunner.java:421)\r\n\tat org.testng.SuiteRunner$SuiteWorker.run(SuiteRunner.java:463)\r\n\tat org.testng.internal.thread.ThreadUtil.lambda$execute$0(ThreadUtil.java:64)\r\n\tat java.base/java.util.concurrent.FutureTask.run(FutureTask.java:317)\r\n\tat java.base/java.util.concurrent.ThreadPoolExecutor.runWorker(ThreadPoolExecutor.java:1144)\r\n\tat java.base/java.util.concurrent.ThreadPoolExecutor$Worker.run(ThreadPoolExecutor.java:642)\r\n\tat java.base/java.lang.Thread.run(Thread.java:1583)\r\n","steps":[],"attachments":[{"uid":"13c33947cd770c36","name":"Test Started","source":"13c33947cd770c36.txt","type":"text/plain","size":61},{"uid":"8973345f04ee0b9a","name":"Video","source":"8973345f04ee0b9a.txt","type":"text/plain","size":112},{"uid":"26ac528a8b85d712","name":"Environment Info (Updated)","source":"26ac528a8b85d712.txt","type":"text/plain","size":216},{"uid":"da30e2b587864de1","name":"Test Failed","source":"da30e2b587864de1.txt","type":"text/plain","size":1297},{"uid":"671ad71f3f9328ce","name":"URL","source":"671ad71f3f9328ce.txt","type":"text/plain","size":50},{"uid":"df26c5749e863b43","name":"Screenshot saved to","source":"df26c5749e863b43.txt","type":"text/plain","size":102},{"uid":"116f1133f09305af","name":"Screenshot | testSignIn | firefox 142.0.1 | 20250917_131616_882","source":"116f1133f09305af.png","type":"image/png","size":102603},{"uid":"4ff23bc8d558511d","name":"Page Source","source":"4ff23bc8d558511d.html","type":"text/html","size":22669},{"uid":"93c0c2e543d4542c","name":"Browser Console","source":"93c0c2e543d4542c.txt","type":"text/plain","size":1045},{"uid":"12e92dec5ed87167","name":"Video | tests.Test_2.testSignIn__20250917_131616_031.mov","source":"12e92dec5ed87167.mov","type":"video/quicktime","size":653720},{"uid":"7d09c8a63cfdaf1e","name":"Environment Info (Updated)","source":"7d09c8a63cfdaf1e.txt","type":"text/plain","size":216}],"parameters":[],"hasContent":true,"attachmentsCount":11,"shouldDisplayMessage":true,"attachmentStep":false,"stepsCount":0},"afterStages":[{"name":"tearDown","time":{"start":1758095179869,"stop":1758095181070,"duration":1201},"description":"","status":"passed","steps":[],"attachments":[],"parameters":[],"hasContent":false,"attachmentsCount":0,"shouldDisplayMessage":false,"attachmentStep":false,"stepsCount":0}],"labels":[{"name":"package","value":"tests.Test_2"},{"name":"testClass","value":"tests.Test_2"},{"name":"testMethod","value":"testSignIn"},{"name":"parentSuite","value":"ParallelBrowserSuite"},{"name":"suite","value":"FirefoxTest"},{"name":"subSuite","value":"tests.Test_2"},{"name":"host","value":"RAXIT"},{"name":"thread","value":"41660@RAXIT.TestNG-tests-2(48)"},{"name":"framework","value":"testng"},{"name":"language","value":"java"},{"name":"status","value":"failed"},{"name":"resultFormat","value":"allure2"}],"parameters":[{"name":"arg0","value":"validuser2"},{"name":"arg1","value":"Password456"},{"name":"arg2","value":"positive"},{"name":"arg3","value":""},{"name":"browser","value":"firefox"},{"name":"method","value":"testSignIn"}],"links":[],"hidden":false,"retry":false,"extra":{"severity":"normal","retries":[{"uid":"d3d30bff6fdb845f","status":"passed","time":{"start":1758094891683,"stop":1758094893162,"duration":1479}}],"categories":[{"name":"Test defects","matchedStatuses":[]}],"history":{"statistic":{"failed":0,"broken":3,"skipped":0,"passed":7,"unknown":0,"total":10},"items":[{"uid":"3bb418924257ad33","reportUrl":"http://localhost:9090/job/pet_store_selenium/11/allure/#testresult/3bb418924257ad33","status":"passed","time":{"start":1758094891683,"stop":1758094893162,"duration":1479}},{"uid":"6c8e61b0a85fdfcf","reportUrl":"http://localhost:9090/job/pet_store_selenium/10/allure/#testresult/6c8e61b0a85fdfcf","status":"passed","time":{"start":1758094496087,"stop":1758094497669,"duration":1582}},{"uid":"9bf0a09034d450c4","reportUrl":"http://localhost:9090/job/pet_store_selenium/8/allure/#testresult/9bf0a09034d450c4","status":"passed","time":{"start":1758093910839,"stop":1758093912469,"duration":1630}},{"uid":"afa30aa6bb27bbde","reportUrl":"http://localhost:9090/job/pet_store_selenium/7/allure/#testresult/afa30aa6bb27bbde","status":"passed","time":{"start":1758093450965,"stop":1758093452764,"duration":1799}},{"uid":"e4be0dc6b7fc8504","reportUrl":"http://localhost:9090/job/pet_store_selenium/5/allure/#testresult/e4be0dc6b7fc8504","status":"passed","time":{"start":1758092921574,"stop":1758092924051,"duration":2477}},{"uid":"d0a29c37c505b501","reportUrl":"http://localhost:9090/job/pet_store_selenium/4/allure/#testresult/d0a29c37c505b501","status":"broken","statusDetails":"Given css selector expression \"\" is invalid: InvalidSelectorError: Document.querySelector: '' is not a valid selector: \"\"\nFor documentation on this error, please visit: https://www.selenium.dev/documentation/webdriver/troubleshooting/errors#invalid-selector-exception\nBuild info: version: '4.23.0', revision: '4df0a231af'\nSystem info: os.name: 'Windows 11', os.arch: 'amd64', os.version: '10.0', java.version: '21.0.6'\nDriver info: org.openqa.selenium.firefox.FirefoxDriver\nCommand: [11b8ae26-c782-414b-b34a-f139bcdcc519, findElement {value=, using=css selector}]\nCapabilities {acceptInsecureCerts: true, browserName: firefox, browserVersion: 142.0.1, moz:accessibilityChecks: false, moz:buildID: 20250827004350, moz:geckodriverVersion: 0.36.0, moz:headless: false, moz:platformVersion: 10.0, moz:processID: 1760, moz:profile: C:\\Users\\raxit\\AppData\\Loca..., moz:shutdownTimeout: 60000, moz:webdriverClick: true, moz:windowless: false, pageLoadStrategy: normal, platformName: windows, proxy: Proxy(), setWindowRect: true, strictFileInteractability: false, timeouts: {implicit: 0, pageLoad: 300000, script: 30000}, unhandledPromptBehavior: dismiss and notify, userAgent: Mozilla/5.0 (Windows NT 10....}\nSession ID: 11b8ae26-c782-414b-b34a-f139bcdcc519","time":{"start":1758092459023,"stop":1758092460320,"duration":1297}},{"uid":"831adb4e42579e9d","reportUrl":"http://localhost:9090/job/pet_store_selenium/3/allure/#testresult/831adb4e42579e9d","status":"broken","statusDetails":"Given css selector expression \"\" is invalid: InvalidSelectorError: Document.querySelector: '' is not a valid selector: \"\"\nFor documentation on this error, please visit: https://www.selenium.dev/documentation/webdriver/troubleshooting/errors#invalid-selector-exception\nBuild info: version: '4.23.0', revision: '4df0a231af'\nSystem info: os.name: 'Windows 11', os.arch: 'amd64', os.version: '10.0', java.version: '21.0.6'\nDriver info: org.openqa.selenium.firefox.FirefoxDriver\nCommand: [186c3d2a-663f-4ece-94b5-4ce6188e10a1, findElement {value=, using=css selector}]\nCapabilities {acceptInsecureCerts: true, browserName: firefox, browserVersion: 142.0.1, moz:accessibilityChecks: false, moz:buildID: 20250827004350, moz:geckodriverVersion: 0.36.0, moz:headless: false, moz:platformVersion: 10.0, moz:processID: 26012, moz:profile: C:\\Users\\raxit\\AppData\\Loca..., moz:shutdownTimeout: 60000, moz:webdriverClick: true, moz:windowless: false, pageLoadStrategy: normal, platformName: windows, proxy: Proxy(), setWindowRect: true, strictFileInteractability: false, timeouts: {implicit: 0, pageLoad: 300000, script: 30000}, unhandledPromptBehavior: dismiss and notify, userAgent: Mozilla/5.0 (Windows NT 10....}\nSession ID: 186c3d2a-663f-4ece-94b5-4ce6188e10a1","time":{"start":1758091486703,"stop":1758091488201,"duration":1498}},{"uid":"caae15c4b31d7e73","reportUrl":"http://localhost:9090/job/pet_store_selenium/2/allure/#testresult/caae15c4b31d7e73","status":"passed","time":{"start":1758091181234,"stop":1758091183545,"duration":2311}},{"uid":"b981677256c5f1fa","reportUrl":"http://localhost:9090/job/pet_store_selenium/1/allure/#testresult/b981677256c5f1fa","status":"passed","time":{"start":1758090714959,"stop":1758090716912,"duration":1953}}]},"tags":[]},"source":"fb6df3d37213a637.json","parameterValues":["validuser2","Password456","positive","","firefox","testSignIn"]}