{"uid":"ff08f41dcb539328","name":"testSignIn","fullName":"tests.Test_2.testSignIn","historyId":"f0761303e17db8ea4a03aaf7904e302c","time":{"start":1758095174468,"stop":1758095175553,"duration":1085},"status":"broken","statusMessage":"Given css selector expression \"\" is invalid: InvalidSelectorError: Document.querySelector: '' is not a valid selector: \"\"\nFor documentation on this error, please visit: https://www.selenium.dev/documentation/webdriver/troubleshooting/errors#invalid-selector-exception\nBuild info: version: '4.23.0', revision: '4df0a231af'\nSystem info: os.name: 'Windows 11', os.arch: 'amd64', os.version: '10.0', java.version: '21.0.6'\nDriver info: org.openqa.selenium.firefox.FirefoxDriver\nCommand: [ccf7e774-0e07-49f8-8129-fac32e2259c2, findElement {using=css selector, value=}]\nCapabilities {acceptInsecureCerts: true, browserName: firefox, browserVersion: 142.0.1, moz:accessibilityChecks: false, moz:buildID: 20250827004350, moz:geckodriverVersion: 0.36.0, moz:headless: false, moz:platformVersion: 10.0, moz:processID: 31716, moz:profile: C:\\Users\\raxit\\AppData\\Loca..., moz:shutdownTimeout: 60000, moz:webdriverClick: true, moz:windowless: false, pageLoadStrategy: normal, platformName: windows, proxy: Proxy(), setWindowRect: true, strictFileInteractability: false, timeouts: {implicit: 0, pageLoad: 300000, script: 30000}, unhandledPromptBehavior: dismiss and notify, userAgent: Mozilla/5.0 (Windows NT 10....}\nSession ID: ccf7e774-0e07-49f8-8129-fac32e2259c2","statusTrace":"org.openqa.selenium.InvalidSelectorException: Given css selector expression \"\" is invalid: InvalidSelectorError: Document.querySelector: '' is not a valid selector: \"\"\nFor documentation on this error, please visit: https://www.selenium.dev/documentation/webdriver/troubleshooting/errors#invalid-selector-exception\nBuild info: version: '4.23.0', revision: '4df0a231af'\nSystem info: os.name: 'Windows 11', os.arch: 'amd64', os.version: '10.0', java.version: '21.0.6'\nDriver info: org.openqa.selenium.firefox.FirefoxDriver\nCommand: [ccf7e774-0e07-49f8-8129-fac32e2259c2, findElement {using=css selector, value=}]\nCapabilities {acceptInsecureCerts: true, browserName: firefox, browserVersion: 142.0.1, moz:accessibilityChecks: false, moz:buildID: 20250827004350, moz:geckodriverVersion: 0.36.0, moz:headless: false, moz:platformVersion: 10.0, moz:processID: 31716, moz:profile: C:\\Users\\raxit\\AppData\\Loca..., moz:shutdownTimeout: 60000, moz:webdriverClick: true, moz:windowless: false, pageLoadStrategy: normal, platformName: windows, proxy: Proxy(), setWindowRect: true, strictFileInteractability: false, timeouts: {implicit: 0, pageLoad: 300000, script: 30000}, unhandledPromptBehavior: dismiss and notify, userAgent: Mozilla/5.0 (Windows NT 10....}\nSession ID: ccf7e774-0e07-49f8-8129-fac32e2259c2\r\n\tat java.base/jdk.internal.reflect.DirectConstructorHandleAccessor.newInstance(DirectConstructorHandleAccessor.java:62)\r\n\tat java.base/java.lang.reflect.Constructor.newInstanceWithCaller(Constructor.java:502)\r\n\tat java.base/java.lang.reflect.Constructor.newInstance(Constructor.java:486)\r\n\tat org.openqa.selenium.remote.ErrorCodec.decode(ErrorCodec.java:167)\r\n\tat org.openqa.selenium.remote.codec.w3c.W3CHttpResponseCodec.decode(W3CHttpResponseCodec.java:138)\r\n\tat org.openqa.selenium.remote.codec.w3c.W3CHttpResponseCodec.decode(W3CHttpResponseCodec.java:50)\r\n\tat org.openqa.selenium.remote.HttpCommandExecutor.execute(HttpCommandExecutor.java:190)\r\n\tat org.openqa.selenium.remote.service.DriverCommandExecutor.invokeExecute(DriverCommandExecutor.java:216)\r\n\tat org.openqa.selenium.remote.service.DriverCommandExecutor.execute(DriverCommandExecutor.java:174)\r\n\tat org.openqa.selenium.remote.RemoteWebDriver.execute(RemoteWebDriver.java:527)\r\n\tat org.openqa.selenium.remote.ElementLocation$ElementFinder$2.findElement(ElementLocation.java:165)\r\n\tat org.openqa.selenium.remote.ElementLocation.findElement(ElementLocation.java:59)\r\n\tat org.openqa.selenium.remote.RemoteWebDriver.findElement(RemoteWebDriver.java:357)\r\n\tat org.openqa.selenium.remote.RemoteWebDriver.findElement(RemoteWebDriver.java:351)\r\n\tat org.openqa.selenium.support.ui.ExpectedConditions$7.apply(ExpectedConditions.java:194)\r\n\tat org.openqa.selenium.support.ui.ExpectedConditions$7.apply(ExpectedConditions.java:190)\r\n\tat org.openqa.selenium.support.ui.ExpectedConditions$22.apply(ExpectedConditions.java:627)\r\n\tat org.openqa.selenium.support.ui.ExpectedConditions$22.apply(ExpectedConditions.java:624)\r\n\tat org.openqa.selenium.support.ui.FluentWait.until(FluentWait.java:203)\r\n\tat tests.Test_2.testSignIn(Test_2.java:49)\r\n\tat java.base/jdk.internal.reflect.DirectMethodHandleAccessor.invoke(DirectMethodHandleAccessor.java:103)\r\n\tat java.base/java.lang.reflect.Method.invoke(Method.java:580)\r\n\tat org.testng.internal.invokers.MethodInvocationHelper.invokeMethod(MethodInvocationHelper.java:141)\r\n\tat org.testng.internal.invokers.TestInvoker.invokeMethod(TestInvoker.java:686)\r\n\tat org.testng.internal.invokers.TestInvoker.invokeTestMethod(TestInvoker.java:230)\r\n\tat org.testng.internal.invokers.MethodRunner.runInSequence(MethodRunner.java:63)\r\n\tat org.testng.internal.invokers.TestInvoker$MethodInvocationAgent.invoke(TestInvoker.java:992)\r\n\tat org.testng.internal.invokers.TestInvoker.invokeTestMethods(TestInvoker.java:203)\r\n\tat org.testng.internal.invokers.TestMethodWorker.invokeTestMethods(TestMethodWorker.java:154)\r\n\tat org.testng.internal.invokers.TestMethodWorker.run(TestMethodWorker.java:134)\r\n\tat java.base/java.util.ArrayList.forEach(ArrayList.java:1596)\r\n\tat org.testng.TestRunner.privateRun(TestRunner.java:739)\r\n\tat org.testng.TestRunner.run(TestRunner.java:614)\r\n\tat org.testng.SuiteRunner.runTest(SuiteRunner.java:421)\r\n\tat org.testng.SuiteRunner$SuiteWorker.run(SuiteRunner.java:463)\r\n\tat org.testng.internal.thread.ThreadUtil.lambda$execute$0(ThreadUtil.java:64)\r\n\tat java.base/java.util.concurrent.FutureTask.run(FutureTask.java:317)\r\n\tat java.base/java.util.concurrent.ThreadPoolExecutor.runWorker(ThreadPoolExecutor.java:1144)\r\n\tat java.base/java.util.concurrent.ThreadPoolExecutor$Worker.run(ThreadPoolExecutor.java:642)\r\n\tat java.base/java.lang.Thread.run(Thread.java:1583)\r\n","flaky":false,"newFailed":false,"newBroken":true,"newPassed":false,"retriesCount":1,"retriesStatusChange":true,"beforeStages":[{"name":"setUp","time":{"start":1758095165506,"stop":1758095172308,"duration":6802},"description":"","status":"passed","steps":[],"attachments":[],"parameters":[],"hasContent":false,"attachmentsCount":0,"shouldDisplayMessage":false,"attachmentStep":false,"stepsCount":0},{"name":"resetState","time":{"start":1758095174044,"stop":1758095174462,"duration":418},"description":"","status":"passed","steps":[],"attachments":[],"parameters":[],"hasContent":false,"attachmentsCount":0,"shouldDisplayMessage":false,"attachmentStep":false,"stepsCount":0}],"testStage":{"status":"broken","statusMessage":"Given css selector expression \"\" is invalid: InvalidSelectorError: Document.querySelector: '' is not a valid selector: \"\"\nFor documentation on this error, please visit: https://www.selenium.dev/documentation/webdriver/troubleshooting/errors#invalid-selector-exception\nBuild info: version: '4.23.0', revision: '4df0a231af'\nSystem info: os.name: 'Windows 11', os.arch: 'amd64', os.version: '10.0', java.version: '21.0.6'\nDriver info: org.openqa.selenium.firefox.FirefoxDriver\nCommand: [ccf7e774-0e07-49f8-8129-fac32e2259c2, findElement {using=css selector, value=}]\nCapabilities {acceptInsecureCerts: true, browserName: firefox, browserVersion: 142.0.1, moz:accessibilityChecks: false, moz:buildID: 20250827004350, moz:geckodriverVersion: 0.36.0, moz:headless: false, moz:platformVersion: 10.0, moz:processID: 31716, moz:profile: C:\\Users\\raxit\\AppData\\Loca..., moz:shutdownTimeout: 60000, moz:webdriverClick: true, moz:windowless: false, pageLoadStrategy: normal, platformName: windows, proxy: Proxy(), setWindowRect: true, strictFileInteractability: false, timeouts: {implicit: 0, pageLoad: 300000, script: 30000}, unhandledPromptBehavior: dismiss and notify, userAgent: Mozilla/5.0 (Windows NT 10....}\nSession ID: ccf7e774-0e07-49f8-8129-fac32e2259c2","statusTrace":"org.openqa.selenium.InvalidSelectorException: Given css selector expression \"\" is invalid: InvalidSelectorError: Document.querySelector: '' is not a valid selector: \"\"\nFor documentation on this error, please visit: https://www.selenium.dev/documentation/webdriver/troubleshooting/errors#invalid-selector-exception\nBuild info: version: '4.23.0', revision: '4df0a231af'\nSystem info: os.name: 'Windows 11', os.arch: 'amd64', os.version: '10.0', java.version: '21.0.6'\nDriver info: org.openqa.selenium.firefox.FirefoxDriver\nCommand: [ccf7e774-0e07-49f8-8129-fac32e2259c2, findElement {using=css selector, value=}]\nCapabilities {acceptInsecureCerts: true, browserName: firefox, browserVersion: 142.0.1, moz:accessibilityChecks: false, moz:buildID: 20250827004350, moz:geckodriverVersion: 0.36.0, moz:headless: false, moz:platformVersion: 10.0, moz:processID: 31716, moz:profile: C:\\Users\\raxit\\AppData\\Loca..., moz:shutdownTimeout: 60000, moz:webdriverClick: true, moz:windowless: false, pageLoadStrategy: normal, platformName: windows, proxy: Proxy(), setWindowRect: true, strictFileInteractability: false, timeouts: {implicit: 0, pageLoad: 300000, script: 30000}, unhandledPromptBehavior: dismiss and notify, userAgent: Mozilla/5.0 (Windows NT 10....}\nSession ID: ccf7e774-0e07-49f8-8129-fac32e2259c2\r\n\tat java.base/jdk.internal.reflect.DirectConstructorHandleAccessor.newInstance(DirectConstructorHandleAccessor.java:62)\r\n\tat java.base/java.lang.reflect.Constructor.newInstanceWithCaller(Constructor.java:502)\r\n\tat java.base/java.lang.reflect.Constructor.newInstance(Constructor.java:486)\r\n\tat org.openqa.selenium.remote.ErrorCodec.decode(ErrorCodec.java:167)\r\n\tat org.openqa.selenium.remote.codec.w3c.W3CHttpResponseCodec.decode(W3CHttpResponseCodec.java:138)\r\n\tat org.openqa.selenium.remote.codec.w3c.W3CHttpResponseCodec.decode(W3CHttpResponseCodec.java:50)\r\n\tat org.openqa.selenium.remote.HttpCommandExecutor.execute(HttpCommandExecutor.java:190)\r\n\tat org.openqa.selenium.remote.service.DriverCommandExecutor.invokeExecute(DriverCommandExecutor.java:216)\r\n\tat org.openqa.selenium.remote.service.DriverCommandExecutor.execute(DriverCommandExecutor.java:174)\r\n\tat org.openqa.selenium.remote.RemoteWebDriver.execute(RemoteWebDriver.java:527)\r\n\tat org.openqa.selenium.remote.ElementLocation$ElementFinder$2.findElement(ElementLocation.java:165)\r\n\tat org.openqa.selenium.remote.ElementLocation.findElement(ElementLocation.java:59)\r\n\tat org.openqa.selenium.remote.RemoteWebDriver.findElement(RemoteWebDriver.java:357)\r\n\tat org.openqa.selenium.remote.RemoteWebDriver.findElement(RemoteWebDriver.java:351)\r\n\tat org.openqa.selenium.support.ui.ExpectedConditions$7.apply(ExpectedConditions.java:194)\r\n\tat org.openqa.selenium.support.ui.ExpectedConditions$7.apply(ExpectedConditions.java:190)\r\n\tat org.openqa.selenium.support.ui.ExpectedConditions$22.apply(ExpectedConditions.java:627)\r\n\tat org.openqa.selenium.support.ui.ExpectedConditions$22.apply(ExpectedConditions.java:624)\r\n\tat org.openqa.selenium.support.ui.FluentWait.until(FluentWait.java:203)\r\n\tat tests.Test_2.testSignIn(Test_2.java:49)\r\n\tat java.base/jdk.internal.reflect.DirectMethodHandleAccessor.invoke(DirectMethodHandleAccessor.java:103)\r\n\tat java.base/java.lang.reflect.Method.invoke(Method.java:580)\r\n\tat org.testng.internal.invokers.MethodInvocationHelper.invokeMethod(MethodInvocationHelper.java:141)\r\n\tat org.testng.internal.invokers.TestInvoker.invokeMethod(TestInvoker.java:686)\r\n\tat org.testng.internal.invokers.TestInvoker.invokeTestMethod(TestInvoker.java:230)\r\n\tat org.testng.internal.invokers.MethodRunner.runInSequence(MethodRunner.java:63)\r\n\tat org.testng.internal.invokers.TestInvoker$MethodInvocationAgent.invoke(TestInvoker.java:992)\r\n\tat org.testng.internal.invokers.TestInvoker.invokeTestMethods(TestInvoker.java:203)\r\n\tat org.testng.internal.invokers.TestMethodWorker.invokeTestMethods(TestMethodWorker.java:154)\r\n\tat org.testng.internal.invokers.TestMethodWorker.run(TestMethodWorker.java:134)\r\n\tat java.base/java.util.ArrayList.forEach(ArrayList.java:1596)\r\n\tat org.testng.TestRunner.privateRun(TestRunner.java:739)\r\n\tat org.testng.TestRunner.run(TestRunner.java:614)\r\n\tat org.testng.SuiteRunner.runTest(SuiteRunner.java:421)\r\n\tat org.testng.SuiteRunner$SuiteWorker.run(SuiteRunner.java:463)\r\n\tat org.testng.internal.thread.ThreadUtil.lambda$execute$0(ThreadUtil.java:64)\r\n\tat java.base/java.util.concurrent.FutureTask.run(FutureTask.java:317)\r\n\tat java.base/java.util.concurrent.ThreadPoolExecutor.runWorker(ThreadPoolExecutor.java:1144)\r\n\tat java.base/java.util.concurrent.ThreadPoolExecutor$Worker.run(ThreadPoolExecutor.java:642)\r\n\tat java.base/java.lang.Thread.run(Thread.java:1583)\r\n","steps":[],"attachments":[{"uid":"fb8fa560bbfa8fdf","name":"Test Started","source":"fb8fa560bbfa8fdf.txt","type":"text/plain","size":88},{"uid":"9f420c279db7656e","name":"Video","source":"9f420c279db7656e.txt","type":"text/plain","size":112},{"uid":"a9f72827a3e1e249","name":"Environment Info (Updated)","source":"a9f72827a3e1e249.txt","type":"text/plain","size":216},{"uid":"116412cc0d6b4f7a","name":"Test Failed","source":"116412cc0d6b4f7a.txt","type":"text/plain","size":1297},{"uid":"1067de9ec9d4ad35","name":"URL","source":"1067de9ec9d4ad35.txt","type":"text/plain","size":50},{"uid":"fc462493642cbb1c","name":"Screenshot saved to","source":"fc462493642cbb1c.txt","type":"text/plain","size":102},{"uid":"326446c0dbd0e665","name":"Screenshot | testSignIn | firefox 142.0.1 | 20250917_131615_323","source":"326446c0dbd0e665.png","type":"image/png","size":102499},{"uid":"7ab09acf32a27841","name":"Page Source","source":"7ab09acf32a27841.html","type":"text/html","size":22669},{"uid":"930ea95917e5e531","name":"Browser Console","source":"930ea95917e5e531.txt","type":"text/plain","size":1045},{"uid":"a978ad656c0c64cb","name":"Video | tests.Test_2.testSignIn__20250917_131614_469.mov","source":"a978ad656c0c64cb.mov","type":"video/quicktime","size":670439},{"uid":"2ff0b08223dca784","name":"Environment Info (Updated)","source":"2ff0b08223dca784.txt","type":"text/plain","size":216}],"parameters":[],"hasContent":true,"attachmentsCount":11,"shouldDisplayMessage":true,"attachmentStep":false,"stepsCount":0},"afterStages":[{"name":"tearDown","time":{"start":1758095179869,"stop":1758095181070,"duration":1201},"description":"","status":"passed","steps":[],"attachments":[],"parameters":[],"hasContent":false,"attachmentsCount":0,"shouldDisplayMessage":false,"attachmentStep":false,"stepsCount":0}],"labels":[{"name":"package","value":"tests.Test_2"},{"name":"testClass","value":"tests.Test_2"},{"name":"testMethod","value":"testSignIn"},{"name":"parentSuite","value":"ParallelBrowserSuite"},{"name":"suite","value":"FirefoxTest"},{"name":"subSuite","value":"tests.Test_2"},{"name":"host","value":"RAXIT"},{"name":"thread","value":"41660@RAXIT.TestNG-tests-2(48)"},{"name":"framework","value":"testng"},{"name":"language","value":"java"},{"name":"status","value":"failed"},{"name":"resultFormat","value":"allure2"}],"parameters":[{"name":"arg0","value":"invaliduser"},{"name":"arg1","value":"wrongpass"},{"name":"arg2","value":"negative"},{"name":"arg3","value":"Invalid username or password"},{"name":"browser","value":"firefox"},{"name":"method","value":"testSignIn"}],"links":[],"hidden":false,"retry":false,"extra":{"severity":"normal","retries":[{"uid":"fbc372294fbf0b6d","status":"passed","time":{"start":1758094889873,"stop":1758094891278,"duration":1405}}],"categories":[{"name":"Test defects","matchedStatuses":[]}],"history":{"statistic":{"failed":0,"broken":3,"skipped":0,"passed":7,"unknown":0,"total":10},"items":[{"uid":"74204dadb99813dd","reportUrl":"http://localhost:9090/job/pet_store_selenium/11/allure/#testresult/74204dadb99813dd","status":"passed","time":{"start":1758094889873,"stop":1758094891278,"duration":1405}},{"uid":"22ac5b7e5a0c282c","reportUrl":"http://localhost:9090/job/pet_store_selenium/10/allure/#testresult/22ac5b7e5a0c282c","status":"passed","time":{"start":1758094494399,"stop":1758094495652,"duration":1253}},{"uid":"f497894d09e4dd01","reportUrl":"http://localhost:9090/job/pet_store_selenium/8/allure/#testresult/f497894d09e4dd01","status":"passed","time":{"start":1758093908464,"stop":1758093910284,"duration":1820}},{"uid":"1a414f586a061451","reportUrl":"http://localhost:9090/job/pet_store_selenium/7/allure/#testresult/1a414f586a061451","status":"passed","time":{"start":1758093448271,"stop":1758093450277,"duration":2006}},{"uid":"b4f72a8925076dfd","reportUrl":"http://localhost:9090/job/pet_store_selenium/5/allure/#testresult/b4f72a8925076dfd","status":"passed","time":{"start":1758092919077,"stop":1758092920950,"duration":1873}},{"uid":"3d1bea2d10edc83","reportUrl":"http://localhost:9090/job/pet_store_selenium/4/allure/#testresult/3d1bea2d10edc83","status":"broken","statusDetails":"Given css selector expression \"\" is invalid: InvalidSelectorError: Document.querySelector: '' is not a valid selector: \"\"\nFor documentation on this error, please visit: https://www.selenium.dev/documentation/webdriver/troubleshooting/errors#invalid-selector-exception\nBuild info: version: '4.23.0', revision: '4df0a231af'\nSystem info: os.name: 'Windows 11', os.arch: 'amd64', os.version: '10.0', java.version: '21.0.6'\nDriver info: org.openqa.selenium.firefox.FirefoxDriver\nCommand: [11b8ae26-c782-414b-b34a-f139bcdcc519, findElement {value=, using=css selector}]\nCapabilities {acceptInsecureCerts: true, browserName: firefox, browserVersion: 142.0.1, moz:accessibilityChecks: false, moz:buildID: 20250827004350, moz:geckodriverVersion: 0.36.0, moz:headless: false, moz:platformVersion: 10.0, moz:processID: 1760, moz:profile: C:\\Users\\raxit\\AppData\\Loca..., moz:shutdownTimeout: 60000, moz:webdriverClick: true, moz:windowless: false, pageLoadStrategy: normal, platformName: windows, proxy: Proxy(), setWindowRect: true, strictFileInteractability: false, timeouts: {implicit: 0, pageLoad: 300000, script: 30000}, unhandledPromptBehavior: dismiss and notify, userAgent: Mozilla/5.0 (Windows NT 10....}\nSession ID: 11b8ae26-c782-414b-b34a-f139bcdcc519","time":{"start":1758092456625,"stop":1758092457887,"duration":1262}},{"uid":"ba810781c640f185","reportUrl":"http://localhost:9090/job/pet_store_selenium/3/allure/#testresult/ba810781c640f185","status":"broken","statusDetails":"Given css selector expression \"\" is invalid: InvalidSelectorError: Document.querySelector: '' is not a valid selector: \"\"\nFor documentation on this error, please visit: https://www.selenium.dev/documentation/webdriver/troubleshooting/errors#invalid-selector-exception\nBuild info: version: '4.23.0', revision: '4df0a231af'\nSystem info: os.name: 'Windows 11', os.arch: 'amd64', os.version: '10.0', java.version: '21.0.6'\nDriver info: org.openqa.selenium.firefox.FirefoxDriver\nCommand: [186c3d2a-663f-4ece-94b5-4ce6188e10a1, findElement {value=, using=css selector}]\nCapabilities {acceptInsecureCerts: true, browserName: firefox, browserVersion: 142.0.1, moz:accessibilityChecks: false, moz:buildID: 20250827004350, moz:geckodriverVersion: 0.36.0, moz:headless: false, moz:platformVersion: 10.0, moz:processID: 26012, moz:profile: C:\\Users\\raxit\\AppData\\Loca..., moz:shutdownTimeout: 60000, moz:webdriverClick: true, moz:windowless: false, pageLoadStrategy: normal, platformName: windows, proxy: Proxy(), setWindowRect: true, strictFileInteractability: false, timeouts: {implicit: 0, pageLoad: 300000, script: 30000}, unhandledPromptBehavior: dismiss and notify, userAgent: Mozilla/5.0 (Windows NT 10....}\nSession ID: 186c3d2a-663f-4ece-94b5-4ce6188e10a1","time":{"start":1758091484919,"stop":1758091486087,"duration":1168}},{"uid":"3770a8e4a1013567","reportUrl":"http://localhost:9090/job/pet_store_selenium/2/allure/#testresult/3770a8e4a1013567","status":"passed","time":{"start":1758091178300,"stop":1758091180611,"duration":2311}},{"uid":"eb301c474dd417fe","reportUrl":"http://localhost:9090/job/pet_store_selenium/1/allure/#testresult/eb301c474dd417fe","status":"passed","time":{"start":1758090712900,"stop":1758090714461,"duration":1561}}]},"tags":[]},"source":"ff08f41dcb539328.json","parameterValues":["invaliduser","wrongpass","negative","Invalid username or password","firefox","testSignIn"]}